0:100  0:100  MemLog inited, TSC freq: 3696497000
0:100  0:000  CPU was calibrated with RTC
0:100  0:000  
0:100  0:000  Now is 28.2.2018,  13:55:55 (GMT)
0:100  0:000  Starting Clover revision: 4391 on American Megatrends EFI
0:100  0:000  Build with: [Args: -mc --no-usb -D NO_GRUB_DRIVERS_EMBEDDED -t XCODE8 | -D DISABLE_USB_SUPPORT -D NO_GRUB_DRIVERS_EMBEDDED --conf=/Users/xyc/src/edk2/Conf -D USE_BIOS_BLOCKIO -D USE_LOW_EBDA -a X64 -b RELEASE -t XCODE8 -n 9 | OS: 10.13.2 | XCODE: 9.2]
0:100  0:000  SelfDevicePath=PciRoot(0x0)\Pci(0x1D,0x0)\Pci(0x0,0x0)\NVMe(0x1,54-58-B0-81-51-38-25-00)\HD(1,GPT,A2F685C4-E983-47F3-9B76-8DC6B9641CD9,0x22,0xFA000) @C2DEE518
0:100  0:000  SelfDirPath = \EFI\CLOVER
0:100  0:000  === [ Get Smbios ] ========================================
0:100  0:000  Type 16 Index = 0
0:100  0:000  Total Memory Slots Count = 2
0:100  0:000  Type 17 Index = 0
0:100  0:000  SmbiosTable.Type17->Speed = 2400MHz
0:100  0:000  SmbiosTable.Type17->Size = 8192MB
0:100  0:000  SmbiosTable.Type17->Bank/Device = BANK 0 ChannelA-DIMM1
0:100  0:000  SmbiosTable.Type17->Vendor = Kingston
0:100  0:000  SmbiosTable.Type17->SerialNumber = 6820243D
0:100  0:000  SmbiosTable.Type17->PartNumber = 9905678-012.A00G    
0:100  0:000  Type 17 Index = 1
0:100  0:000  Ignoring insane frequency value 0MHz
0:100  0:000  SmbiosTable.Type17->Speed = 0MHz
0:100  0:000  SmbiosTable.Type17->Size = 0MB
0:100  0:000  SmbiosTable.Type17->Bank/Device = BANK 2 ChannelB-DIMM1
0:100  0:000  SmbiosTable.Type17->Vendor = <null string>
0:100  0:000  SmbiosTable.Type17->SerialNumber = <null string>
0:100  0:000  SmbiosTable.Type17->PartNumber = <null string>
0:100  0:000  Boot status=0
0:100  0:000  Running on: 'System Product Name' with board 'ROG STRIX Z370-I GAMING'
0:100  0:000  === [ GetCPUProperties ] ==================================
0:100  0:000  CPU Vendor = 756E6547 Model=906EA
0:100  0:000   The CPU supported SSE4.1
0:100  0:000  BrandString = Intel(R) Core(TM) i7-8700K CPU @ 3.70GHz
0:100  0:000   The CPU supported turbo
0:100  0:000  MSR 0x35               6000C
0:100  0:000   TSC/CCC Information Leaf:
0:100  0:000    numerator     : 308
0:100  0:000    denominator   : 2
0:100  0:000   Calibrated ARTFrequency: 24003227
0:100  0:000  MSR 0xE2 before patch 00000000
0:100  0:000  MSR 0xCE              08080838_F1012500
0:100  0:000  corrected FLEX_RATIO = E0000
0:100  0:000  MSR 0x1B0             00000000
0:100  0:000  FSBFrequency = 100 MHz, DMI FSBFrequency = 100 MHz, Corrected FSBFrequency = 100 MHz
0:100  0:000  MaxDiv/MinDiv: 37.0/8
0:100  0:000  Turbo: 50/50/50/50
0:100  0:000  Features: 0xBFEBFBFF
0:100  0:000  Threads: 12
0:100  0:000  Cores: 6
0:100  0:000  FSB: 100 MHz
0:100  0:000  CPU: 3700 MHz
0:100  0:000  TSC: 3700 MHz
0:100  0:000  PIS: 100 MHz
0:100  0:000  ExternalClock: 25 MHz
0:100  0:000  === [ GetDevices ] ========================================
0:100  0:000  PCI (00|00:00.00) : 8086 3EC2 class=060000
0:100  0:000  PCI (00|00:01.00) : 8086 1901 class=060400
0:100  0:000  PCI (00|01:00.00) : 10DE 1C03 class=030000
0:100  0:000   - GFX: Model=Asus GeForce GTX 1060 family 136 (Nvidia)
0:100  0:000  PCI (00|01:00.01) : 10DE 10F1 class=040300
0:100  0:000   - HDMI Audio: 
0:100  0:000  PCI (00|00:14.00) : 8086 A2AF class=0C0330
0:100  0:000  PCI (00|00:16.00) : 8086 A2BA class=078000
0:100  0:000  PCI (00|00:17.00) : 8086 A282 class=010601
0:100  0:000  PCI (00|00:1B.00) : 8086 A2E7 class=060400
0:100  0:000  PCI (00|00:1B.03) : 8086 A2EA class=060400
0:100  0:000  PCI (00|03:00.00) : 10EC B822 class=028000
0:100  0:000   - WIFI: Vendor=Realtek
0:100  0:000  PCI (00|00:1C.00) : 8086 A290 class=060400
0:100  0:000  PCI (00|00:1C.04) : 8086 A294 class=060400
0:100  0:000  PCI (00|05:00.00) : 1B21 2142 class=0C0330
0:100  0:000  PCI (00|00:1D.00) : 8086 A298 class=060400
0:100  0:000  PCI (00|06:00.00) : 144D A804 class=010802
0:100  0:000  PCI (00|00:1F.00) : 8086 A2C9 class=060100
0:100  0:000  PCI (00|00:1F.02) : 8086 A2A1 class=058000
0:101  0:000  PCI (00|00:1F.03) : 8086 A2F0 class=040300
0:101  0:000  PCI (00|00:1F.04) : 8086 A2A3 class=0C0500
0:101  0:000  PCI (00|00:1F.06) : 8086 15B8 class=020000
0:101  0:000   - LAN: 0 Vendor=Intel
0:101  0:000  === [ GetDefaultSettings ] ================================
0:101  0:000  Clover load options size = 0 bytes
0:102  0:001  EFI\CLOVER\config.plist loaded: Success
0:102  0:000  === [ GetListOfThemes ] ===================================
0:102  0:000  - [00]: myclover
0:103  0:000  === [ Found config plists ] ===============================
0:103  0:000  - configbf.plist
0:103  0:000  - config.plist
0:104  0:000  === [ GetEarlyUserSettings ] ==============================
0:104  0:000  timeout set to 3
0:104  0:000  Custom boot CUSTOM_BOOT_DISABLED (0x0)
0:104  0:000  KextsToPatch: 3 requested
0:104  0:000   - [00]: AppleUSBXHCIPCI (USB Port Limit Patch) :: BinPatch :: data len: 4
0:104  0:000   - [01]: com.apple.iokit.IOAHCIBlockStorage (Enable TRIM for SSD) :: BinPatch :: data len: 11
0:104  0:000   - [02]: IONVMeFamily   (External NVME Icon Patch) :: BinPatch :: data len: 8
0:104  0:000  Default theme: myclover
0:104  0:000  Hiding entries with string \EFI\BOOT\BOOTX64.EFI
0:104  0:000  Hiding entries with string Windows
0:104  0:000  === [ LoadDrivers ] =======================================
0:104  0:000  Loading apfs.efi  status=Success
0:106  0:002   - driver needs connecting
0:106  0:000  Loading DataHubDxe-64.efi  status=Success
0:109  0:002  Loading EmuVariableUefi-64.efi  status=Success
0:110  0:001  EmuVariableUefi Initialize: VariableCommonInitialize = Success, orig services stored, install gEmuVariableControlProtocolGuid = Success
0:110  0:000  Loading FirmwareVolume-64.efi  status=Success
0:111  0:001  Loading FSInject-64.efi  status=Success
0:112  0:001  Loading OsxAptioFixDrv-64.efi  status=Success
0:113  0:001  Loading OsxFatBinaryDrv-64.efi  status=Success
0:115  0:001  Loading VBoxHfs-64.efi  status=Success
0:116  0:001   - driver needs connecting
0:116  0:000  2 drivers needs connecting ...
0:116  0:000  PlatformDriverOverrideProtocol->GetDriver overriden
0:116  0:000  APFS driver loaded
0:117  0:000  Searching for invalid DiskIo BY_DRIVER connects: not found, all ok
3:526  3:409  EmuVariable InstallEmulation: orig vars copied, emu.var.services installed, CreateEvent VirtualAddressChange = Success, CreateEvent ExitBootServices = Success, set Status=Success
3:653  0:126  === [ InitScreen ] ========================================
3:653  0:000  SetScreenResolution: 1920x1080 - not found!
3:653  0:000  SetMaxResolution: found best mode 2: 1280x1024
3:820  0:166  Video mode change to mode #2: Success
3:820  0:000   - set
3:820  0:000  Console modes reported: 4, available modes:
3:820  0:000   - [01]: 80x25 (current mode)
3:820  0:000   - [02]: 80x50
3:820  0:000   - [03]: 100x31
3:820  0:000   - [04]: 160x53
3:820  0:000  reinit: self device path=PciRoot(0x0)\Pci(0x1D,0x0)\Pci(0x0,0x0)\NVMe(0x1,54-58-B0-81-51-38-25-00)\HD(1,GPT,A2F685C4-E983-47F3-9B76-8DC6B9641CD9,0x22,0xFA000)
3:823  0:003  Using embedded font: Success
4:626  0:802  === [ GetMacAddress ] =====================================
4:626  0:000  === [ ScanSPD ] ===========================================
4:626  0:000  SMBus device : 8086 A2A3 class=0C0500 status=Success
4:626  0:000  SMBus CmdReg: 0x3
4:626  0:000  Scanning SMBus [8086:A2A3], mmio: 0xF744A004, ioport: 0xF000, hostc: 0x11
4:626  0:000  Slots to scan [8]...
4:626  0:000  SPD[0]: Type 12 @0x50
4:645  0:018  Not using XMP because it is not present
4:645  0:000  DDR speed 2400MHz
4:645  0:000  Slot: 0 Type 26 8192MB 2400MHz Vendor=Kingston PartNo=9905678-012.A00G SerialNo=060802000204030D
4:646  0:001  === [ GetAcpiTablesList ] =================================
4:646  0:000  Get Acpi Tables List from RSDT:
4:646  0:000   - [00]: FACP  A M I  len=132
4:646  0:000   - [01]: APIC  A M I  len=244
4:646  0:000   - [02]: FPDT  A M I  len=68
4:646  0:000   - [03]: FIDT  A M I len=156
4:646  0:000   - [04]: WSMT  A M I  len=40
4:646  0:000   - [05]: MCFG  A M I  len=60
4:646  0:000   - [06]: SSDT  SataTabl len=931
4:646  0:000   - [07]: SSDT  SaSsdt  len=12355
4:646  0:000   - [08]: SSDT  PegSsdt len=9745
4:646  0:000   - [09]: HPET  KBL len=56
4:646  0:000   - [10]: SSDT  Ther_Rvp len=4514
4:646  0:000   - [11]: SSDT  xh_rvp08 len=2845
4:646  0:000   - [12]: UEFI  A M I  len=66
4:646  0:000   - [13]: SSDT  CpuSsdt len=6062
4:646  0:000   - [14]: LPIT  KBL len=148
4:646  0:000   - [15]: SSDT  HdaDsp len=321
4:646  0:000   - [16]: SSDT  sensrhub len=671
4:646  0:000   - [17]: SSDT  PtidDevc len=12290
4:646  0:000   - [18]: SSDT  TbtTypeC len=1303
4:646  0:000   - [19]: DBGP   len=52
4:646  0:000   - [20]: DBG2   len=84
4:646  0:000   - [21]: BGRT  A M I  len=56
4:646  0:000  Calibrated TSC Frequency = 3696497000 = 3696MHz
4:646  0:000  === [ GetUserSettings ] ===================================
4:646  0:000  USB FixOwnership: yes
4:646  0:000  Dropping 2 tables:
4:646  0:000   - [00]: Drop table  signature="SSDT" (54445353) table-id="CpuPm" (0000006D50757043)
4:646  0:000           - set table: 54445353,       6D50757043 to drop: no
4:646  0:000   - [01]: Drop table  signature="DMAR" (52414D44)
4:646  0:000           - set table: 52414D44,                0 to drop: no
4:646  0:000   - final DSDT Fix mask=00000000
4:646  0:000  PatchesDSDT: 6 requested
4:646  0:000   - [00]: (change _OSI to XOSI) lenToFind: 4, lenToReplace: 4, Target Bridge: <null string>
4:646  0:000    patch disabled at config
4:646  0:000   - [01]: (change EHC1 to EH01) lenToFind: 4, lenToReplace: 4, Target Bridge: <null string>
4:646  0:000   - [02]: (change EHC2 to EH02) lenToFind: 4, lenToReplace: 4, Target Bridge: <null string>
4:646  0:000   - [03]: (change HDAS to HDEF) lenToFind: 4, lenToReplace: 4, Target Bridge: <null string>
4:646  0:000   - [04]: (change HECI to IMEI) lenToFind: 4, lenToReplace: 4, Target Bridge: <null string>
4:646  0:000   - [05]: (change MEI to IMEI) lenToFind: 4, lenToReplace: 4, Target Bridge: <null string>
4:646  0:000  Using ProductName from config
4:646  0:000  ProductName: iMac17,1
4:646  0:000  Using latest BiosVersion from clover
4:646  0:000  BiosVersion: IM171.88Z.0110.B00.1708080012
4:646  0:000  BiosReleaseDate: 08/08/2017
4:646  0:000  Using FirmwareFeatures from config: 0xFC0FE136
4:646  0:000  Using FirmwareFeaturesMask from config: 0xFF1FFF3F
4:646  0:000  Using PlatformFeature from clover: 0x0
4:646  0:000  Board-ID set from config as Mac-65CE76090165799A
4:646  0:000  BoardType: 0xA
4:646  0:000  ChassisType: 0xD
5:029  0:382  === [ ScanVolumes ] =======================================
5:029  0:000  Found 14 volumes with blockIO
5:029  0:000  - [00]: Volume: PciRoot(0x0)\Pci(0x17,0x0)\Sata(0x2,0xFFFF,0x0)
5:029  0:000          Result of bootcode detection: bootable unknown (legacy)
5:029  0:000  - [01]: Volume: PciRoot(0x0)\Pci(0x17,0x0)\Sata(0x2,0xFFFF,0x0)\HD(1,GPT,15BA9894-542B-4CD3-893B-B2844E495E9F,0x1000,0x19001000)
5:030  0:000          Result of bootcode detection: bootable Windows (vista,win)
5:030  0:000  - [02]: Volume: PciRoot(0x0)\Pci(0x17,0x0)\Sata(0x2,0xFFFF,0x0)\HD(2,GPT,79744D8C-B4C4-4B3A-B805-8D1949B293DA,0x19002000,0x3E818000)
5:030  0:000          Result of bootcode detection: bootable Windows (vista,win)
5:030  0:000  - [03]: Volume: PciRoot(0x0)\Pci(0x17,0x0)\Sata(0x2,0xFFFF,0x0)\HD(3,GPT,4C6E274C-EE01-4D5F-ACEA-D17317C0EC7D,0x5781A000,0xC8000000)
5:031  0:000          Result of bootcode detection: bootable Windows (vista,win)
5:031  0:000  - [04]: Volume: PciRoot(0x0)\Pci(0x17,0x0)\Sata(0x2,0xFFFF,0x0)\HD(4,GPT,D2E400FD-ED9C-4514-B0D9-349AF714D4B3,0x11F81A000,0x3B4EF800)
5:032  0:000          Result of bootcode detection: bootable Windows (vista,win)
5:032  0:000  - [05]: Volume: PciRoot(0x0)\Pci(0x17,0x0)\Sata(0x2,0xFFFF,0x0)\HD(5,GPT,8029C8B3-D33D-41BE-822B-6B6C7F4208A5,0x15AD09800,0x2800000)
5:032  0:000          Result of bootcode detection: bootable Windows (vista,win)
5:034  0:001  - [06]: Volume: PciRoot(0x0)\Pci(0x1D,0x0)\Pci(0x0,0x0)\NVMe(0x1,54-58-B0-81-51-38-25-00)
5:034  0:000  - [07]: Volume: PciRoot(0x0)\Pci(0x1D,0x0)\Pci(0x0,0x0)\NVMe(0x1,54-58-B0-81-51-38-25-00)\HD(1,GPT,A2F685C4-E983-47F3-9B76-8DC6B9641CD9,0x22,0xFA000)
5:034  0:000          Result of bootcode detection: bootable Windows (vista,win)
5:035  0:000          This is SelfVolume !!
5:035  0:000  - [08]: Volume: PciRoot(0x0)\Pci(0x1D,0x0)\Pci(0x0,0x0)\NVMe(0x1,54-58-B0-81-51-38-25-00)\HD(2,GPT,85A301CF-4D1B-4C9D-8CDF-44106B214DA9,0x134000,0xC6CC800)
5:035  0:000          Result of bootcode detection: bootable Windows (vista,win)
5:035  0:000  - [09]: Volume: PciRoot(0x0)\Pci(0x1D,0x0)\Pci(0x0,0x0)\NVMe(0x1,54-58-B0-81-51-38-25-00)\HD(3,GPT,01DAFC2C-16F4-4331-B8E8-1708BDF0E47D,0xC800800,0x109C5148)
5:035  0:000          Result of bootcode detection: bootable unknown (legacy)
5:035  0:000  - [10]: Volume: PciRoot(0x0)\Pci(0x1D,0x0)\Pci(0x0,0x0)\NVMe(0x1,54-58-B0-81-51-38-25-00)\HD(3,GPT,01DAFC2C-16F4-4331-B8E8-1708BDF0E47D,0xC800800,0x109C5148)\VenMedia(BE74FCF7-0B7C-49F3-9147-01F4042E6842,B292631AE1EB2849AF484E4224297137)
5:035  0:000  - [11]: Volume: PciRoot(0x0)\Pci(0x1D,0x0)\Pci(0x0,0x0)\NVMe(0x1,54-58-B0-81-51-38-25-00)\HD(3,GPT,01DAFC2C-16F4-4331-B8E8-1708BDF0E47D,0xC800800,0x109C5148)\VenMedia(BE74FCF7-0B7C-49F3-9147-01F4042E6842,73EFDCC9435700369F820FEA7B40E6F9)
5:035  0:000  - [12]: Volume: PciRoot(0x0)\Pci(0x1D,0x0)\Pci(0x0,0x0)\NVMe(0x1,54-58-B0-81-51-38-25-00)\HD(3,GPT,01DAFC2C-16F4-4331-B8E8-1708BDF0E47D,0xC800800,0x109C5148)\VenMedia(BE74FCF7-0B7C-49F3-9147-01F4042E6842,1CD64CE3CB80C04896A3F4800FE444DE)
5:035  0:000  - [13]: Volume: PciRoot(0x0)\Pci(0x1D,0x0)\Pci(0x0,0x0)\NVMe(0x1,54-58-B0-81-51-38-25-00)\HD(3,GPT,01DAFC2C-16F4-4331-B8E8-1708BDF0E47D,0xC800800,0x109C5148)\VenMedia(BE74FCF7-0B7C-49F3-9147-01F4042E6842,8DC4CD0D2C31CA4F924EB519AFC1888F)
5:037  0:001  PutNvramPlistToRtVars: nvram.plist not found
5:037  0:000  === [ InitTheme ] =========================================
5:041  0:004  Using theme 'myclover' (EFI\CLOVER\themes\myclover)
5:041  0:000  OS main and drive as badge
5:042  0:001  Loading font from ThemeDir: Success
5:042  0:000  Choosing theme myclover
5:042  0:000  after NVRAM boot-args=dart=0
5:042  0:000  === [ Dump SMC keys from NVRAM ] ==========================
5:042  0:000  no AppleSMC protocol
5:043  0:000  === [ ScanLoader ] ========================================
5:043  0:000  - [01]: 'oö'
5:043  0:000  - [02]: '}'
5:043  0:000  - [03]: 'qó'
5:043  0:000  - [04]: 'vÖ'
5:043  0:000  - [05]: 'MW'
5:057  0:014  - [07]: 'EFI'
5:058  0:001          AddLoaderEntry for Volume Name=EFI
5:061  0:003  - [08]: 'Win 10'
5:061  0:000  - [10]: 'Preboot'
5:069  0:008          AddLoaderEntry for Volume Name=Preboot
5:075  0:006      Check if volume Is Hibernated:
5:075  0:000      Check sleep image 'by signature':
5:076  0:000      using default sleep image name = \private\var\vm\sleepimage
5:076  0:000      sleepimage not found -> Not Found
5:076  0:000      hibernated: no - sign
5:080  0:003          AddLoaderEntry for Volume Name=Preboot
5:087  0:007  - [11]: 'Mac OX S'
5:109  0:021          AddLoaderEntry for Volume Name=Mac OX S
5:119  0:010      Check if volume Is Hibernated:
5:119  0:000      Check sleep image 'by signature':
5:135  0:015      read prefs \Library\Preferences\com.apple.PowerManagement.plist status=Success
5:135  0:000      using default sleep image name = \private\var\vm\sleepimage
5:141  0:006      sleepimage not found -> Not Found
5:141  0:000      hibernated: no - sign
5:147  0:006  - [12]: 'Recovery'
5:155  0:007          AddLoaderEntry for Volume Name=Recovery
5:163  0:008  - [13]: 'VM'
5:163  0:000  === [ AddCustomTool ] =====================================
5:164  0:001  found tool \EFI\CLOVER\tools\Shell64U.efi
5:164  0:000  Checking EFI partition Volume 7 for Clover
5:165  0:000   Found Clover
5:166  0:000  EmuVariable UninstallEmulation: CloseEvent = Success, original var services restored
5:167  0:001  EmuVariable InstallEmulation: orig vars copied, emu.var.services installed, CreateEvent VirtualAddressChange = Success, CreateEvent ExitBootServices = Success, set Status=Success
5:292  0:124  === [ GetEfiBootDeviceFromNvram ] =========================
5:292  0:000  Default boot entry not found
5:292  0:000  EmuVariable UninstallEmulation: CloseEvent = Success, original var services restored
5:292  0:000  DefaultIndex=-1 and MainMenu.EntryCount=11
5:388  0:096  GUI ready
34:252  28:864  BootVariable of the entry is empty
34:252  0:000  === [ StartLoader ] =======================================
34:252  0:000  Finally: ExternalClock=24MHz BusSpeed=99905kHz CPUFreq=3696MHz PIS: hw.busfrequency=96000000Hz
34:252  0:000  Loading bootmgfw.efi  status=Success
34:292  0:039  Closing events for Windows
34:292  0:000  EmuVariable UninstallEmulation: CloseEvent = Invalid Parameter, original var services restored
34:292  0:000  OtherOS: Found Acpi 2.0 RSDP 0xB7DEF000
34:292  0:000  RSDT at B7DEF028
34:292  0:000  XSDT at B7DEF0B0
34:292  0:000  FADT pointer = B7E1AE48
34:292  0:000  Dir Windows not found. No patching will be done.
34:294  0:002  Closing log
