0:100  0:100  MemLog inited, TSC freq: 2592352940
0:100  0:000  CPU was calibrated with RTC
0:100  0:000  
0:100  0:000  Now is 25.3.2018,  10:6:13 (GMT)
0:100  0:000  Starting Clover revision: 4415 on American Megatrends EFI
0:100  0:000  Build with: [Args: -mc --no-usb -D NO_GRUB_DRIVERS_EMBEDDED -t XCODE8 | -D DISABLE_USB_SUPPORT -D NO_GRUB_DRIVERS_EMBEDDED --conf=/Users/sierrapear/src/edk2/Conf -D USE_BIOS_BLOCKIO -D USE_LOW_EBDA -a X64 -b RELEASE -t XCODE8 -n 5 | OS: 10.13.4 | XCODE: 9.2]
0:100  0:000  SelfDevicePath=PciRoot(0x0)\Pci(0x17,0x0)\Sata(0x2,0xFFFF,0x0)\HD(1,GPT,64C05811-6489-42B4-BD85-FFDFC836AE92,0x800,0x96000) @33CF4118
0:100  0:000  SelfDirPath = \EFI\BOOT
0:100  0:000  === [ Get Smbios ] ========================================
0:134  0:033  Type 16 Index = 0
0:134  0:000  Total Memory Slots Count = 2
0:134  0:000  Type 17 Index = 0
0:134  0:000  SmbiosTable.Type17->Speed = 2133MHz
0:134  0:000  SmbiosTable.Type17->Size = 8192MB
0:134  0:000  SmbiosTable.Type17->Bank/Device = BANK 0 ChannelA-DIMM0
0:134  0:000  SmbiosTable.Type17->Vendor = 0420
0:134  0:000  SmbiosTable.Type17->SerialNumber = 12060000
0:134  0:000  SmbiosTable.Type17->PartNumber =                     
0:134  0:000  Type 17 Index = 1
0:134  0:000  SmbiosTable.Type17->Speed = 2133MHz
0:134  0:000  SmbiosTable.Type17->Size = 8192MB
0:134  0:000  SmbiosTable.Type17->Bank/Device = BANK 2 ChannelB-DIMM0
0:134  0:000  SmbiosTable.Type17->Vendor = Samsung
0:134  0:000  SmbiosTable.Type17->SerialNumber = 14461700
0:134  0:000  SmbiosTable.Type17->PartNumber = M471A1K43BB0-CPB    
0:134  0:000  Boot status=0
0:134  0:000  Running on: 'T57-S5' with board 'T57-S5'
0:134  0:000  === [ GetCPUProperties ] ==================================
0:134  0:000  CPU Vendor = 756E6547 Model=506E3
0:134  0:000   The CPU supported SSE4.1
0:134  0:000  BrandString = Intel(R) Core(TM) i7-6700HQ CPU @ 2.60GHz
0:134  0:000   The CPU supported turbo
0:134  0:000  MSR 0x35               40008
0:134  0:000   TSC/CCC Information Leaf:
0:134  0:000    numerator     : 216
0:134  0:000    denominator   : 2
0:134  0:000   Calibrated ARTFrequency: 24003267
0:134  0:000  MSR 0xE2 before patch 1E008006
0:134  0:000  MSR 0xE2 is locked, PM patches will be turned on
0:134  0:000  MSR 0xCE              0008083B_F1011A00
0:134  0:000  corrected FLEX_RATIO = 0
0:134  0:000  MSR 0x1B0             00000000
0:134  0:000  FSBFrequency = 120 MHz, DMI FSBFrequency = 100 MHz, Corrected FSBFrequency = 100 MHz
0:134  0:000  MaxDiv/MinDiv: 26.0/8
0:134  0:000  Turbo: 31/32/33/35
0:134  0:000  Features: 0xBFEBFBFF
0:134  0:000  Threads: 8
0:134  0:000  Cores: 4
0:134  0:000  FSB: 100 MHz
0:134  0:000  CPU: 3100 MHz
0:134  0:000  TSC: 3100 MHz
0:134  0:000  PIS: 100 MHz
0:134  0:000  ExternalClock: 25 MHz
0:134  0:000  === [ GetDevices ] ========================================
0:134  0:000  PCI (00|00:00.00) : 8086 1910 class=060000
0:134  0:000  PCI (00|00:01.00) : 8086 1901 class=060400
0:134  0:000  PCI (00|01:00.00) : 10DE 1427 class=030000
0:134  0:000   - GFX: Model=Clevo GeForce GTX 965M family 126 (Nvidia)
0:134  0:000  PCI (00|01:00.01) : FFFF FFFF class=FFFFFF
0:134  0:000  PCI (00|00:02.00) : 8086 191B class=030000
0:134  0:000   - GFX: Model=Intel HD Graphics 530 (Intel)
0:134  0:000  PCI (00|00:14.00) : 8086 A12F class=0C0330
0:134  0:000  PCI (00|00:14.02) : 8086 A131 class=118000
0:134  0:000  PCI (00|00:16.00) : 8086 A13A class=078000
0:134  0:000  PCI (00|00:17.00) : 8086 A103 class=010601
0:134  0:000  PCI (00|00:1C.00) : 8086 A110 class=060400
0:134  0:000  PCI (00|00:1C.02) : 8086 A112 class=060400
0:134  0:000  PCI (00|03:00.00) : 14E4 43BA class=028000
0:134  0:000   - WIFI: Vendor=Broadcom
0:134  0:000  PCI (00|00:1C.03) : 8086 A113 class=060400
0:134  0:000  PCI (00|04:00.00) : 10EC 5287 class=FF0000
0:134  0:000  PCI (00|04:00.01) : 10EC 8168 class=020000
0:134  0:000   - LAN: 0 Vendor=Realtek
0:134  0:000  PCI (00|00:1C.04) : 8086 A114 class=060400
0:134  0:000  PCI (00|00:1D.00) : 8086 A118 class=060400
0:134  0:000  PCI (00|3E:00.00) : 144D A808 class=010802
0:134  0:000  PCI (00|00:1F.00) : 8086 A14E class=060100
0:134  0:000  PCI (00|00:1F.02) : 8086 A121 class=058000
0:134  0:000  PCI (00|00:1F.03) : 8086 A170 class=040300
0:134  0:000  PCI (00|00:1F.04) : 8086 A123 class=0C0500
0:134  0:000  === [ GetDefaultSettings ] ================================
0:134  0:000  Clover load options size = 0 bytes
0:141  0:006  EFI\CLOVER\config.plist loaded: Success
0:176  0:034  === [ GetListOfThemes ] ===================================
0:177  0:001  - [00]: bluemac
0:178  0:000  - [01]: embedded
0:178  0:000  - [01]: random
0:179  0:000  === [ Found config plists ] ===============================
0:179  0:000  - config 965M.plist
0:179  0:000  - config HD530.plist
0:179  0:000  - config.plist
0:179  0:000  - config17.1.plist
0:179  0:000  === [ GetEarlyUserSettings ] ==============================
0:179  0:000  timeout set to 5
0:179  0:000  Custom boot CUSTOM_BOOT_DISABLED (0x0)
0:179  0:000  KextsToPatch: 8 requested
0:179  0:000   - [00]: com.apple.driver.usb.AppleUSBXHCIPCI (Change 15 port limit to 26 in XHCI kext 10.13 PB1) :: MatchOS: 10.13.4 :: BinPatch :: data len: 8
0:179  0:000   - patch disabled at config
0:179  0:000   - [01]: AppleUSBXHCIPCI (Change 15 port limit to 24 in XHCI kext 10.13 PB1) :: MatchOS: 10.13.x :: BinPatch :: data len: 4
0:179  0:000   - [02]: AppleUSBXHCIPCI (change 15 port limit to 26 in XHCI kext (100-series)) :: MatchOS: 10.12.x :: BinPatch :: data len: 7
0:179  0:000   - patch disabled at config
0:179  0:000   - [03]: com.apple.driver.AppleBacklight (change %04x to xxxx for AppleBacklightInjector.kext (credit RehabMan)) :: BinPatch :: data len: 4
0:179  0:000   - patch disabled at config
0:179  0:000   - [04]: com.apple.iokit.IOAHCIBlockStorage (Enable TRIM for SSD) :: BinPatch :: data len: 11
0:179  0:000   - patch disabled at config
0:179  0:000   - [05]: AppleIntelSKLGraphicsFramebuffer (eDP, port 0000, 0x191e0000, 0x19160000, 0x19260000, 0x19270000, 0x191b0000, 0x19160002, 0x19260002, 0x191e0003, 0x19260004, 0x19270004, 0x193b0005 credit syscl) :: BinPatch :: data len: 20
0:179  0:000   - [06]: IONVMeFamily (IONVMeFamily Preferred Block Size 0x10 -> 0x01 (c) Pike R. Alpha implemented by syscl adapted for 10.13.x by Ricky) :: BinPatch :: data len: 9
0:179  0:000   - patch disabled at config
0:179  0:000   - [07]: com.apple.iokit.IOGraphicsFamily (Boot graphics glitch, 10.13 beta (based on denskop patch)) :: MatchOS: 10.13.x :: BinPatch :: data len: 5
0:179  0:000   - patch disabled at config
0:179  0:000  KernelToPatch: 1 requested
0:179  0:000   - [00]: MSR 0xE2 _xcpm_idle instant reboot(c) Pike R. Alpha :: data len: 8
0:179  0:000  Default theme: bluemac
0:179  0:000  Hiding entries with string Preboot
0:179  0:000  Hiding entries with string Recovery
0:179  0:000  ** Warning: unknown custom entry Type 'Other'
0:179  0:000  === [ LoadDrivers ] =======================================
0:180  0:000  Loading UsbMouseDxe-64.efi  status=Success
0:184  0:003   - driver needs connecting
0:184  0:000  Loading OsxFatBinaryDrv-64.efi  status=Success
0:186  0:002  Loading UsbKbDxe-64.efi  status=Success
0:189  0:002   - driver needs connecting
0:189  0:000  Loading HFSPlus.efi  status=Success
0:192  0:003   - driver needs connecting
0:192  0:000  Loading AppleImageCodec-64.efi  status=Success
0:195  0:002  Loading AppleUITheme-64.efi  status=Success
0:197  0:002  Loading DataHubDxe-64.efi  status=Success
0:201  0:003  Loading AppleKeyAggregator-64.efi  status=Success
0:204  0:002  Loading apfs.efi  status=Success
0:211  0:006   - driver needs connecting
0:211  0:000  Loading AptioInputFix.efi  status=Success
0:214  0:003  Loading Fat-64.efi  status=Success
0:217  0:003   - driver needs connecting
0:217  0:000  Loading NTFS.efi  status=Success
0:222  0:004   - driver needs connecting
0:222  0:000  Loading FSInject-64.efi  status=Success
0:225  0:002  Loading FirmwareVolume-64.efi  status=Success
0:228  0:002  Loading SMCHelper-64.efi  status=Success
0:231  0:003  Loading AptioMemoryFix.efi  status=Success
0:234  0:002  6 drivers needs connecting ...
0:234  0:000  PlatformDriverOverrideProtocol not found. Installing ... Success
0:234  0:000  HFS+ driver loaded
0:234  0:000  APFS driver loaded
0:234  0:000  Searching for invalid DiskIo BY_DRIVER connects: not found, all ok
0:579  0:344  === [ InitScreen ] ========================================
0:579  0:000  SetScreenResolution: 1920x1080 - already set
0:579  0:000  Console modes reported: 3, available modes:
0:579  0:000   - [01]: 80x25 (current mode)
0:579  0:000   - [02]: 80x50
0:579  0:000   - [03]: 100x31
0:579  0:000  reinit: self device path=PciRoot(0x0)\Pci(0x17,0x0)\Sata(0x2,0xFFFF,0x0)\HD(1,GPT,64C05811-6489-42B4-BD85-FFDFC836AE92,0x800,0x96000)
0:579  0:000  === [ GetMacAddress ] =====================================
0:579  0:000  MAC address of LAN #0= 80:FA:5B:32:49:FF:
0:579  0:000  === [ ScanSPD ] ===========================================
0:579  0:000  SMBus device : 8086 A123 class=0C0500 status=Success
0:579  0:000  SMBus CmdReg: 0x3
0:579  0:000  Scanning SMBus [8086:A123], mmio: 0xDD12A004, ioport: 0xF040, hostc: 0x11
0:579  0:000  Slots to scan [8]...
0:579  0:000  SPD[0]: Type 12 @0x50
0:597  0:017  Not using XMP because it is not present
0:597  0:000  DDR speed 2134MHz
0:597  0:000  Slot: 0 Type 26 8192MB 2134MHz Vendor=A-DATA Technology PartNo= SerialNo=070C000600000000
0:598  0:000  SPD[2]: Type 12 @0x52
0:615  0:017  Not using XMP because it is not present
0:615  0:000  DDR speed 2132MHz
0:615  0:000  Slot: 2 Type 26 8192MB 2132MHz Vendor=Samsung PartNo=M471A1K43BB0-CPB SerialNo=0902020E01010000
0:616  0:000  === [ GetAcpiTablesList ] =================================
0:634  0:017  Get Acpi Tables List from RSDT:
0:634  0:000   - [00]: FACP  A M I  len=132
0:634  0:000   - [01]: APIC  A M I  len=188
0:634  0:000   - [02]: FPDT  A M I  len=68
0:634  0:000   - [03]: FIDT  A M I  len=156
0:634  0:000   - [04]: MCFG  A M I  len=60
0:634  0:000   - [05]: HPET  A M I  len=56
0:634  0:000   - [06]: SSDT  PtidDevc len=4352
0:634  0:000   - [07]: DBGP   len=52
0:634  0:000   - [08]: DBG2   len=84
0:634  0:000   - [09]: SSDT  SaSsdt  len=22561
0:634  0:000   - [10]: UEFI   len=66
0:634  0:000   - [11]: SSDT  CpuSsdt len=3699
0:634  0:000   - [12]: BGRT  A M I  len=56
0:634  0:000   - [13]: SSDT  SgPeg len=159
0:634  0:000   - [14]: DMAR  SKL  len=168
0:634  0:000   - [15]: TPM2  Tpm2Tabl len=52
0:634  0:000   - [16]: SSDT  OptTabl len=6835
0:634  0:000   - [17]: ASF!   HCG len=165
0:634  0:000  Calibrated TSC Frequency = 2592352940 = 2592MHz
0:634  0:000  === [ GetUserSettings ] ===================================
0:634  0:000  USB FixOwnership: yes
0:634  0:000  Dropping 3 tables:
0:634  0:000   - [00]: Drop table  signature="SSDT" (54445353) table-id="xh_rvp10" (30317076725F6878)
0:634  0:000           - set table: 54445353, 30317076725F6878 to drop: no
0:634  0:000   - [01]: Drop table  signature="#MCF" (46434D23)
0:634  0:000           - set table: 46434D23,                0 to drop: no
0:634  0:000   - [02]: Drop table  signature="DMAR" (52414D44)
0:634  0:000           - set table: 52414D44,                0 to drop: yes
0:634  0:000   - final DSDT Fix mask=21004104
0:634  0:000  PatchesDSDT: 28 requested
0:634  0:000   - [00]: (change EC0 to EC) lenToFind: 4, lenToReplace: 4, Target Bridge: <null string>
0:634  0:000   - [01]: (change _DSM to XDSM) lenToFind: 4, lenToReplace: 4, Target Bridge: <null string>
0:634  0:000   - [02]: (change _OSI to XOSI, pair with SSDT-XOSI.aml) lenToFind: 4, lenToReplace: 4, Target Bridge: <null string>
0:634  0:000   - [03]: (change EHC1 to EH01, optionally pair with SSDT-EH01.aml) lenToFind: 4, lenToReplace: 4, Target Bridge: <null string>
0:634  0:000   - [04]: (change EHC2 to EH02, optionally pair with SSDT-EH02.aml) lenToFind: 4, lenToReplace: 4, Target Bridge: <null string>
0:634  0:000   - [05]: (change GFX0 to IGPU, optionally pair with SSDT-IGPU.aml) lenToFind: 4, lenToReplace: 4, Target Bridge: <null string>
0:634  0:000   - [06]: (change HDAS to HDEF, optionally pair with SSDT-HDEF.aml) lenToFind: 4, lenToReplace: 4, Target Bridge: <null string>
0:634  0:000   - [07]: (change HECI to IMEI, optionally pair with SSDT-IMEI.aml) lenToFind: 4, lenToReplace: 4, Target Bridge: <null string>
0:634  0:000   - [08]: (change MEI to IMEI, optionally pair with SSDT-IMEI.aml) lenToFind: 4, lenToReplace: 4, Target Bridge: <null string>
0:634  0:000   - [09]: (change SAT0 to SATA, optionally pair with SSDT-SATA.aml) lenToFind: 4, lenToReplace: 4, Target Bridge: <null string>
0:634  0:000   - [10]: (change LPC to LPCB, optionally pair with SSDT-EHCI_Disable.aml, SSDT-LPC.aml) lenToFind: 4, lenToReplace: 4, Target Bridge: <null string>
0:634  0:000   - [11]: (change Method(XWAK,0,N) to ZWAK, pair with SSDT-XWAK.aml) lenToFind: 5, lenToReplace: 5, Target Bridge: <null string>
0:634  0:000   - [12]: (change Method(XWAK,0,S) to ZWAK, pair with SSDT-XWAK.aml) lenToFind: 5, lenToReplace: 5, Target Bridge: <null string>
0:634  0:000   - [13]: (change Method(XSEL,0,N) to XSEZ, pair with SSDT-XSEL.aml) lenToFind: 5, lenToReplace: 5, Target Bridge: <null string>
0:634  0:000   - [14]: (change Method(XSEL,0,S) to XSEZ, pair with SSDT-XSEL.aml) lenToFind: 5, lenToReplace: 5, Target Bridge: <null string>
0:634  0:000   - [15]: (change Method(ESEL,0,N) to ESEZ, pair with SSDT-ESEL.aml) lenToFind: 5, lenToReplace: 5, Target Bridge: <null string>
0:634  0:000   - [16]: (change Method(ESEL,0,S) to ESEZ, pair with SSDT-ESEL.aml) lenToFind: 5, lenToReplace: 5, Target Bridge: <null string>
0:634  0:000   - [17]: (change Method(GPRW,2,N) to XPRW, pair with SSDT-GPRW.aml) lenToFind: 5, lenToReplace: 5, Target Bridge: <null string>
0:634  0:000   - [18]: (change Method(UPRW,2,N) to XPRW, pair with SSDT-UPRW.aml) lenToFind: 7, lenToReplace: 7, Target Bridge: <null string>
0:634  0:000   - [19]: (change LANC Method(_PRW,0,S) to Method(XPRW,0,..), pair with SSDT-LANC_PRW.aml) lenToFind: 11, lenToReplace: 11, Target Bridge: <null string>
0:634  0:000   - [20]: (change Method(_PTS,1,N) to ZPTS, pair with SSDT-PTSWAK.aml) lenToFind: 5, lenToReplace: 5, Target Bridge: <null string>
0:634  0:000    patch disabled at config
0:634  0:000   - [21]: (change Method(_PTS,1,S) to ZPTS, pair with SSDT-PTSWAK.aml) lenToFind: 5, lenToReplace: 5, Target Bridge: <null string>
0:634  0:000    patch disabled at config
0:634  0:000   - [22]: (change Method(_WAK,1,N) to ZWAK, pair with SSDT-PTSWAK.aml) lenToFind: 5, lenToReplace: 5, Target Bridge: <null string>
0:634  0:000    patch disabled at config
0:634  0:000   - [23]: (change Method(_WAK,1,S) to ZWAK, pair with SSDT-PTSWAK.aml) lenToFind: 5, lenToReplace: 5, Target Bridge: <null string>
0:634  0:000    patch disabled at config
0:634  0:000   - [24]: (change XHCI to XHC) lenToFind: 4, lenToReplace: 4, Target Bridge: <null string>
0:634  0:000   - [25]: (change XHC1 to XHC) lenToFind: 4, lenToReplace: 4, Target Bridge: <null string>
0:634  0:000   - [26]: ( PEGP -> GFX0 Patch) lenToFind: 4, lenToReplace: 4, Target Bridge: <null string>
0:634  0:000   - [27]: (HECI -> IMEI Patch) lenToFind: 4, lenToReplace: 4, Target Bridge: <null string>
0:634  0:000  Using ProductName from config: MacBookPro13,1
0:634  0:000  Using latest BiosVersion from clover
0:634  0:000  BiosVersion: MBP131.88Z.0215.B00.1712180846
0:634  0:000  BiosReleaseDate: 12/18/2017
0:634  0:000  Using FirmwareFeatures from config: 0xFC0FE136
0:634  0:000  Using FirmwareFeaturesMask from config: 0xFF1FFF3F
0:634  0:000  Board-ID set from config as Mac-473D31EABEB93F9B
0:634  0:000  BoardType: 0xA
0:634  0:000  ChassisType: 0x9
0:634  0:000  CpuFreq: 2600MHz
0:634  0:000  BusSpeed: 100000kHz
0:634  0:000  Converted CustomUUID 6C259090-0BCC-4E02-9E84-53B6802E6238
3:400  2:766  === [ ScanVolumes ] =======================================
3:400  0:000  Found 13 volumes with blockIO
3:400  0:000  - [00]: Volume: PciRoot(0x0)\Pci(0x17,0x0)\Sata(0x2,0xFFFF,0x0)
3:401  0:000          Result of bootcode detection: bootable unknown (legacy)
3:401  0:000  - [01]: Volume: PciRoot(0x0)\Pci(0x17,0x0)\Sata(0x3,0xFFFF,0x0)
3:402  0:001          Result of bootcode detection: bootable unknown (legacy)
3:402  0:000  - [02]: Volume: PciRoot(0x0)\Pci(0x17,0x0)\Sata(0x2,0xFFFF,0x0)\HD(1,GPT,64C05811-6489-42B4-BD85-FFDFC836AE92,0x800,0x96000)
3:402  0:000          Result of bootcode detection: bootable unknown (legacy)
3:404  0:002          This is SelfVolume !!
3:404  0:000  - [03]: Volume: PciRoot(0x0)\Pci(0x17,0x0)\Sata(0x2,0xFFFF,0x0)\HD(2,GPT,57F9521D-940E-4C85-A08C-F71C3105E9B3,0x96800,0x1BE8DC88)
3:405  0:000          Result of bootcode detection: bootable unknown (legacy)
3:405  0:000  - [04]: Volume: PciRoot(0x0)\Pci(0x17,0x0)\Sata(0x3,0xFFFF,0x0)\HD(1,MBR,0x4E14520C,0x40,0x74706D70)
3:494  0:089          Result of bootcode detection: bootable Windows (vista,win)
3:494  0:000  - [05]: Volume: PciRoot(0x0)\Pci(0x1D,0x0)\Pci(0x0,0x0)\NVMe(0x1,11-15-01-71-8B-38-25-00)
3:495  0:001  - [06]: Volume: PciRoot(0x0)\Pci(0x1D,0x0)\Pci(0x0,0x0)\NVMe(0x1,11-15-01-71-8B-38-25-00)\HD(1,GPT,6C841A26-BC4C-493D-BBE9-FA3A0B03D291,0x800,0x95800)
3:496  0:001          Result of bootcode detection: bootable Windows (vista,win)
3:502  0:005  - [07]: Volume: PciRoot(0x0)\Pci(0x1D,0x0)\Pci(0x0,0x0)\NVMe(0x1,11-15-01-71-8B-38-25-00)\HD(2,GPT,30C1918C-B0A9-4D02-BB71-E3CF3097A174,0x96000,0x40000)
3:503  0:001  - [08]: Volume: PciRoot(0x0)\Pci(0x1D,0x0)\Pci(0x0,0x0)\NVMe(0x1,11-15-01-71-8B-38-25-00)\HD(3,GPT,F832957B-57E5-4557-A168-E931E510DD27,0xD6000,0x3B90B28F)
3:504  0:001          Result of bootcode detection: bootable Windows (vista,win)
3:504  0:000  - [09]: Volume: PciRoot(0x0)\Pci(0x17,0x0)\Sata(0x2,0xFFFF,0x0)\HD(2,GPT,57F9521D-940E-4C85-A08C-F71C3105E9B3,0x96800,0x1BE8DC88)\VenMedia(BE74FCF7-0B7C-49F3-9147-01F4042E6842,A54529ADB7D69C4C964B6BF3A0780FCE)
3:505  0:000          hiding this volume
3:505  0:000  - [10]: Volume: PciRoot(0x0)\Pci(0x17,0x0)\Sata(0x2,0xFFFF,0x0)\HD(2,GPT,57F9521D-940E-4C85-A08C-F71C3105E9B3,0x96800,0x1BE8DC88)\VenMedia(BE74FCF7-0B7C-49F3-9147-01F4042E6842,966498DBACAA794D8EDEDEAD96FFBD1D)
3:505  0:000  - [11]: Volume: PciRoot(0x0)\Pci(0x17,0x0)\Sata(0x2,0xFFFF,0x0)\HD(2,GPT,57F9521D-940E-4C85-A08C-F71C3105E9B3,0x96800,0x1BE8DC88)\VenMedia(BE74FCF7-0B7C-49F3-9147-01F4042E6842,F080146E0A638A4890FD3AD1656B58B9)
3:505  0:000          hiding this volume
3:505  0:000  - [12]: Volume: PciRoot(0x0)\Pci(0x17,0x0)\Sata(0x2,0xFFFF,0x0)\HD(2,GPT,57F9521D-940E-4C85-A08C-F71C3105E9B3,0x96800,0x1BE8DC88)\VenMedia(BE74FCF7-0B7C-49F3-9147-01F4042E6842,230FA27A96DE6640BD1D441463D9751B)
3:505  0:000  === [ InitTheme ] =========================================
3:510  0:005  Using theme 'bluemac' (EFI\CLOVER\themes\bluemac)
3:510  0:000  OS main and drive as badge
3:512  0:002  Loading font from ThemeDir: Success
3:513  0:000  Choosing theme bluemac
3:513  0:000  found boot-args in NVRAM:kext-dev-mode=1, size=16
3:513  0:000  ...found arg:kext-dev-mode=1
3:513  0:000  after NVRAM boot-args=abm_firstpolldelay=16000 shikigva=31 kext-dev-mode=1 arch=x86_64 -xcpm darkwake=no
3:513  0:000  === [ Dump SMC keys from NVRAM ] ==========================
3:513  0:000  found AppleSMC protocol
3:569  0:055  Registered 17 SMC keys
3:571  0:001  === [ AddCustomEntries ] ==================================
3:571  0:000  Custom entry 0 skipped because it is disabled.
3:571  0:000  === [ ScanLoader ] ========================================
3:571  0:000  - [02]: 'EFI'
3:571  0:000  - [04]: 'Data'
3:571  0:000  - [06]: 'EFI'
3:592  0:021          AddLoaderEntry for Volume Name=EFI
3:592  0:000      Not match custom entry 0: Type: not match
3:606  0:013  - [08]: 'Win10'
3:606  0:000  - [09]: 'Preboot', hidden
3:606  0:000  - [10]: 'macOS High Sierra'
3:669  0:063          AddLoaderEntry for Volume Name=macOS High Sierra
3:669  0:000      Not match custom entry 0: Type: not match
3:701  0:031      Check if volume Is Hibernated:
3:701  0:000      Check sleep image 'by signature':
3:756  0:055      read prefs \Library\Preferences\com.apple.PowerManagement.plist status=Success
3:756  0:000      using default sleep image name = \private\var\vm\sleepimage
3:776  0:020      sleepimage not found -> Not Found
3:776  0:000      hibernated: no - sign
3:777  0:001          [!] Icon 17 (icons\vol_internal_hfs.icns) not found (path: EFI\CLOVER\themes\bluemac)
3:793  0:015  - [11]: 'Recovery', hidden
3:793  0:000  - [12]: 'VM'
3:793  0:000  === [ AddCustomTool ] =====================================
3:794  0:001  found tool \EFI\CLOVER\tools\Shell64U.efi
3:794  0:000  Checking EFI partition Volume 2 for Clover
3:794  0:000   Found Clover
3:796  0:001  === [ GetEfiBootDeviceFromNvram ] =========================
3:796  0:000   - efi-boot-device-data: PciRoot(0x0)\Pci(0x17,0x0)\Sata(0x2,0xFFFF,0x0)\HD(2,GPT,57F9521D-940E-4C85-A08C-F71C3105E9B3,0x96800,0x1BE8DC88)\VenMedia(BE74FCF7-0B7C-49F3-9147-01F4042E6842,966498DBACAA794D8EDEDEAD96FFBD1D)
3:796  0:000    - Volume: 'PciRoot(0x0)\Pci(0x17,0x0)\Sata(0x2,0xFFFF,0x0)\HD(2,GPT,57F9521D-940E-4C85-A08C-F71C3105E9B3,0x96800,0x1BE8DC88)\VenMedia(BE74FCF7-0B7C-49F3-9147-01F4042E6842,966498DBACAA794D8EDEDEAD96FFBD1D)'
3:796  0:000    - LoaderPath: '<null string>'
3:796  0:000    - Guid = 57F9521D-940E-4C85-A08C-F71C3105E9B3
3:796  0:000  === [ FindStartupDiskVolume ] =============================
3:796  0:000    - Volume: partition = PciRoot(0x0)\Pci(0x17,0x0)\Sata(0x2,0xFFFF,0x0)\HD(2,GPT,57F9521D-940E-4C85-A08C-F71C3105E9B3,0x96800,0x1BE8DC88)\VenMedia(BE74FCF7-0B7C-49F3-9147-01F4042E6842,966498DBACAA794D8EDEDEAD96FFBD1D)
3:796  0:000     - searching for that partition
3:796  0:000      - found entry 1. 'Boot macOS from macOS High Sierra', Volume 'macOS High Sierra'
3:796  0:000  Boot redirected to Entry 1. 'Boot macOS from macOS High Sierra'
3:796  0:000  DefaultIndex=1 and MainMenu.EntryCount=8
4:111  0:314  GUI ready
11:405  7:294  Boot option 0 has other volume name Install macOS High Sierra
11:405  0:000  === [ StartLoader ] =======================================
11:405  0:000  Finally: ExternalClock=25MHz BusSpeed=100000kHz CPUFreq=2600MHz PIS: hw.busfrequency=100000000Hz
11:405  0:000  Loading bootmgfw.efi  status=Success
11:454  0:048  Closing events for Windows
11:454  0:000  OtherOS: Found Acpi 2.0 RSDP 0x360C5000
11:454  0:000  RSDT at 360C5028
11:454  0:000  XSDT at 360C5098
11:454  0:000  FADT pointer = 360E01A8
11:456  0:001  Cleanup RSDT: count=18, length=108
11:456  0:000  corrected RSDT: count=18, length=108
11:456  0:000  Cleanup XSDT: count=18, length=180
11:456  0:000  corrected XSDT count=18, length=180
11:456  0:000  SetStartupDiskVolume:
11:456  0:000    * Volume: 'EFI'
11:456  0:000    * LoaderPath: '\EFI\microsoft\Boot\bootmgfw.efi'
11:456  0:000    * DevPath: EFI
11:456  0:000    * GUID = 6C841A26-BC4C-493D-BBE9-FA3A0B03D291
11:458  0:002    * efi-boot-device: <array><dict><key>IOMatch</key><dict><key>IOProviderClass</key><string>IOMedia</string><key>IOPropertyMatch</key><dict><key>UUID</key><string>6C841A26-BC4C-493D-BBE9-FA3A0B03D291</string></dict></dict></dict></array>
11:461  0:002  Closing log
