0:100  0:100  MemLog inited, TSC freq: 3504481120
0:100  0:000  CPU was calibrated without ACPI PM Timer: ACPI I/O space is not enabled., use RTC
0:100  0:000  
0:100  0:000  Now is 18.11.2017,  6:56:43 (GMT)
0:100  0:000  Starting Clover revision: 4297 on American Megatrends EFI
0:100  0:000  Build with: [Args: -D NO_GRUB_DRIVERS_EMBEDDED -t XCODE5 | -D NO_GRUB_DRIVERS_EMBEDDED -D USE_LOW_EBDA -a X64 -b RELEASE -t XCODE5 -n 5 | OS: 10.12.6 | XCODE: 9.1]
0:100  0:000  SelfDevicePath=PciRoot(0x0)\Pci(0x1B,0x0)\Pci(0x0,0x0)\NVMe(0x1,95-51-B0-61-B9-38-25-00)\HD(1,GPT,B7CCD365-55F6-4636-AA5F-F0D2E05CFDA3,0x28,0x64000) @3AD2DB58
0:100  0:000  SelfDirPath = \EFI\BOOT
0:100  0:000  === [ Get Smbios ] ========================================
0:111  0:010  Type 16 Index = 0
0:111  0:000  Total Memory Slots Count = 4
0:111  0:000  Type 17 Index = 0
0:111  0:000  SmbiosTable.Type17->Speed = 2400MHz
0:111  0:000  SmbiosTable.Type17->Size = 8192MB
0:111  0:000  SmbiosTable.Type17->Bank/Device = BANK 0 ChannelA-DIMM0
0:111  0:000  SmbiosTable.Type17->Vendor = Samsung
0:111  0:000  SmbiosTable.Type17->SerialNumber = 34855E7D
0:111  0:000  SmbiosTable.Type17->PartNumber = M471A1K43BB1-CRC    
0:111  0:000  Type 17 Index = 1
0:111  0:000  Ignoring insane frequency value 0MHz
0:111  0:000  SmbiosTable.Type17->Speed = 0MHz
0:111  0:000  SmbiosTable.Type17->Size = 0MB
0:111  0:000  SmbiosTable.Type17->Bank/Device = BANK 1 ChannelA-DIMM1
0:111  0:000  SmbiosTable.Type17->Vendor = <null string>
0:111  0:000  SmbiosTable.Type17->SerialNumber = <null string>
0:111  0:000  SmbiosTable.Type17->PartNumber = <null string>
0:111  0:000  Type 17 Index = 2
0:111  0:000  SmbiosTable.Type17->Speed = 2400MHz
0:111  0:000  SmbiosTable.Type17->Size = 8192MB
0:111  0:000  SmbiosTable.Type17->Bank/Device = BANK 2 ChannelB-DIMM0
0:111  0:000  SmbiosTable.Type17->Vendor = Samsung
0:111  0:000  SmbiosTable.Type17->SerialNumber = 348559C3
0:111  0:000  SmbiosTable.Type17->PartNumber = M471A1K43BB1-CRC    
0:111  0:000  Type 17 Index = 3
0:111  0:000  Ignoring insane frequency value 0MHz
0:111  0:000  SmbiosTable.Type17->Speed = 0MHz
0:111  0:000  SmbiosTable.Type17->Size = 0MB
0:111  0:000  SmbiosTable.Type17->Bank/Device = BANK 3 ChannelB-DIMM1
0:111  0:000  SmbiosTable.Type17->Vendor = <null string>
0:111  0:000  SmbiosTable.Type17->SerialNumber = <null string>
0:111  0:000  SmbiosTable.Type17->PartNumber = <null string>
0:111  0:000  Boot status=0
0:111  0:000  Running on: 'P7xxDM2(-G) ' with board 'P7xxDM2(-G) '
0:111  0:000  === [ GetCPUProperties ] ==================================
0:111  0:000  CPU Vendor = 756E6547 Model=506E3
0:111  0:000   The CPU supported SSE4.1
0:111  0:000  BrandString = Intel(R) Core(TM) i5-6600K CPU @ 3.50GHz
0:111  0:000   The CPU supported turbo
0:111  0:000  MSR 0x35               40004
0:111  0:000   TSC/CCC Information Leaf:
0:111  0:000    numerator     : 292
0:111  0:000    denominator   : 2
0:111  0:000   Calibrated ARTFrequency: 24003295
0:111  0:000  MSR 0xE2 before patch 1E000006
0:111  0:000  MSR 0xCE              00080838_F1012300
0:111  0:000  MSR 0x1A0             00850089
0:111  0:000  corrected FLEX_RATIO = E0000
0:111  0:000  MSR 0x1B0             00000000
0:111  0:000  FSBFrequency = 100 MHz, DMI FSBFrequency = 100 MHz, Corrected FSBFrequency = 100 MHz
0:111  0:000  MaxDiv/MinDiv: 35.0/8
0:111  0:000  Turbo: 42/42/42/42
0:111  0:000  Features: 0xBFEBFBFF
0:111  0:000  Threads: 4
0:111  0:000  Cores: 4
0:111  0:000  FSB: 100 MHz
0:111  0:000  CPU: 3500 MHz
0:111  0:000  TSC: 3500 MHz
0:111  0:000  PIS: 100 MHz
0:111  0:000  ExternalClock: 25 MHz
0:111  0:000  === [ GetDevices ] ========================================
0:111  0:000  PCI (00|00:00.00) : 8086 191F class=060000
0:111  0:000  PCI (00|00:01.00) : 8086 1901 class=060400
0:111  0:000  PCI (00|01:00.00) : 10DE 1BE1 class=030000
0:111  0:000   - GFX: Model=Clevo GeForce GTX 1070 family 134 (Nvidia)
0:111  0:000  PCI (00|01:00.01) : 10DE 10F0 class=040300
0:111  0:000   - HDMI Audio: 
0:111  0:000  PCI (00|00:08.00) : 8086 1911 class=088000
0:111  0:000  PCI (00|00:14.00) : 8086 A12F class=0C0330
0:111  0:000  PCI (00|00:16.00) : 8086 A13A class=078000
0:111  0:000  PCI (00|00:17.00) : 8086 A102 class=010601
0:111  0:000  PCI (00|00:1B.00) : 8086 A167 class=060400
0:111  0:000  PCI (00|02:00.00) : 144D A804 class=010802
0:111  0:000  PCI (00|00:1C.00) : 8086 A110 class=060400
0:111  0:000  PCI (00|00:1C.06) : 8086 A116 class=060400
0:111  0:000  PCI (00|6E:00.00) : 1969 E0A1 class=020000
0:111  0:000   - LAN: 0 Vendor=Atheros
0:112  0:000  PCI (00|00:1C.07) : 8086 A117 class=060400
0:112  0:000  PCI (00|6F:00.00) : 10EC 5250 class=080501
0:112  0:000  PCI (00|00:1D.00) : 8086 A118 class=060400
0:112  0:000  PCI (00|00:1D.04) : 8086 A11C class=060400
0:112  0:000  PCI (00|71:00.00) : 168C 003E class=028000
0:112  0:000   - WIFI: Vendor=Atheros
0:112  0:000  PCI (00|00:1F.00) : 8086 A145 class=060100
0:112  0:000  PCI (00|00:1F.02) : 8086 A121 class=058000
0:112  0:000  PCI (00|00:1F.03) : 8086 A170 class=040300
0:112  0:000  PCI (00|00:1F.04) : 8086 A123 class=0C0500
0:112  0:000  === [ GetDefaultSettings ] ================================
0:112  0:000  Clover load options size = 0 bytes
0:114  0:002  EFI\CLOVER\config.plist loaded: Success
0:114  0:000  ---dump hibernations data---
0:125  0:011    Firmware wake address=00000000
0:125  0:000    Firmware wake 64 addr=               0
0:125  0:000    Hardware signature   =06F269D2
0:125  0:000    GlobalLock           =00000000
0:125  0:000    Flags                =00000000
0:125  0:000  === [ GetListOfThemes ] ===================================
0:125  0:000  - [00]: christmas
0:126  0:000  - [01]: dark
0:127  0:000  - [02]: El Capitan
0:128  0:000  - [03]: embedded
0:129  0:000  - [03]: metal
0:129  0:000  - [04]: newyear
0:130  0:000  - [05]: random
0:130  0:000  - [05]: Yosemite
0:131  0:000  === [ Found config plists ] ===============================
0:131  0:000  - config.plist
0:131  0:000  === [ GetEarlyUserSettings ] ==============================
0:132  0:000  timeout set to 3
0:132  0:000  Custom boot CUSTOM_BOOT_DISABLED (0x0)
0:132  0:000  KextsToPatch: 2 requested
0:132  0:000   - [00]: AppleAHCIPort (External icons patch) :: BinPatch :: data len: 8
0:132  0:000   - [01]: com.apple.driver.usb.AppleUSBXHCIPCI (change 15 port limit to 26 in XHCI kext) :: MatchOS: 10.13.x :: BinPatch :: data len: 4
0:132  0:000  Default theme: El Capitan
0:132  0:000  Hiding entries with string \EFI\BOOT\BOOTX64.EFI
0:132  0:000  Hiding entries with string Windows
0:132  0:000  Hiding entries with string Preboot
0:132  0:000  Hiding entries with string Recovery
0:132  0:000   Custom EDID is ok
0:132  0:000  === [ LoadDrivers ] =======================================
0:132  0:000  Loading APFS.efi  status=Success
0:148  0:015   - driver needs connecting
0:148  0:000  Loading AppleImageCodec-64.efi  status=Success
0:158  0:010  Loading AppleKeyAggregator-64.efi  status=Success
0:169  0:010  Loading AppleUITheme-64.efi  status=Success
0:179  0:010  Loading CsmVideoDxe-64.efi  status=Success
0:190  0:010   - driver needs connecting
0:190  0:000  Loading DataHubDxe-64.efi  status=Success
0:202  0:011  Loading EmuVariableUefi-64.efi  status=Success
0:212  0:010  EmuVariableUefi Initialize: VariableCommonInitialize = Success, orig services stored, install gEmuVariableControlProtocolGuid = Success
0:213  0:000  Loading Fat-64.efi  status=Success
0:223  0:010   - driver needs connecting
0:223  0:000  Loading FirmwareVolume-64.efi  status=Success
0:234  0:010  Loading FSInject-64.efi  status=Success
0:245  0:010  Loading OsxAptioFixDrv-64.efi  status=Success
0:255  0:010  Loading OsxFatBinaryDrv-64.efi  status=Success
0:266  0:010  Loading PartitionDxe-64.efi  status=Success
0:277  0:010   - driver needs connecting
0:277  0:000  Loading SMCHelper-64.efi  status=Success
0:288  0:010  Loading VBoxHfs-64.efi  status=Success
0:299  0:011   - driver needs connecting
0:299  0:000  5 drivers needs connecting ...
0:299  0:000  PlatformDriverOverrideProtocol not found. Installing ... Success
0:299  0:000  Partition driver loaded: 
0:299  0:000  APFS driver loaded
0:299  0:000  Video driver loaded: disconnect Success
0:300  0:001  Searching for invalid DiskIo BY_DRIVER connects: not found, all ok
2:529  2:228  EmuVariable InstallEmulation: orig vars copied, emu.var.services installed, CreateEvent VirtualAddressChange = Success, CreateEvent ExitBootServices = Success, set Status=Success
2:605  0:076  === [ InitScreen ] ========================================
2:605  0:000  SetScreenResolution: 1920x1080 - already set
2:605  0:000  Console modes reported: 4, available modes:
2:605  0:000   - [01]: 80x25 (current mode)
2:605  0:000   - [02]: 80x25
2:605  0:000   - [03]: 100x31
2:605  0:000   - [04]: 240x56
2:605  0:000  reinit: self device path=PciRoot(0x0)\Pci(0x1B,0x0)\Pci(0x0,0x0)\NVMe(0x1,95-51-B0-61-B9-38-25-00)\HD(1,GPT,B7CCD365-55F6-4636-AA5F-F0D2E05CFDA3,0x28,0x64000)
2:605  0:000  Using embedded font: Success
2:606  0:000  === [ GetMacAddress ] =====================================
2:606  0:000  MAC address of LAN #0= 80:FA:5B:40:12:84:
2:606  0:000  === [ ScanSPD ] ===========================================
2:606  0:000  SMBus device : 8086 A123 class=0C0500 status=Success
2:606  0:000  SMBus CmdReg: 0x3
2:606  0:000  Scanning SMBus [8086:A123], mmio: 0xFFF24004, ioport: 0xF000, hostc: 0x11
2:606  0:000  Slots to scan [8]...
2:607  0:000  SPD[0]: Type 12 @0x50
2:624  0:017  Not using XMP because it is not present
2:624  0:000  DDR speed 2400MHz
2:624  0:000  Slot: 0 Type 26 8192MB 2400MHz Vendor=Samsung PartNo=M471A1K43BB1-CRC SerialNo=03040805050E070D
2:625  0:000  SPD[2]: Type 12 @0x52
2:645  0:019  spd byte read taking too long for byte 52:330!
2:653  0:007  Not using XMP because it is not present
2:653  0:000  DDR speed 2400MHz
2:653  0:000  Slot: 2 Type 26 8192MB 2400MHz Vendor=Samsung PartNo=M471A1K43BB1-CRC SerialNo=0304080505090C03
2:653  0:000  === [ GetAcpiTablesList ] =================================
2:685  0:031  Get Acpi Tables List from RSDT:
2:685  0:000   - [00]: FACP  A M I  len=132
2:685  0:000   - [01]: APIC  A M I  len=132
2:685  0:000   - [02]: FPDT  A M I  len=68
2:685  0:000   - [03]: MCFG  A M I  len=60
2:685  0:000   - [04]: SSDT  SataTabl len=887
2:685  0:000   - [05]: FIDT  A M I len=156
2:685  0:000   - [06]: SSDT  NvdTabl len=10488
2:685  0:000   - [07]: SSDT  PerfTune len=1480
2:685  0:000   - [08]: SSDT  SaSsdt  len=6146
2:685  0:000   - [09]: HPET  SKL len=56
2:685  0:000   - [10]: UEFI  EDK2     len=66
2:685  0:000   - [11]: SSDT  CpuSsdt len=3806
2:685  0:000   - [12]: WSMT  SKL len=40
2:685  0:000   - [13]: SSDT  PtidDevc len=12290
2:685  0:000   - [14]: DBGP   len=52
2:685  0:000   - [15]: DBG2   len=84
2:685  0:000   - [16]: BGRT  A M I  len=56
2:685  0:000   - [17]: DMAR  SKL  len=112
2:685  0:000   - [18]: TPM2  Tpm2Tabl len=52
2:685  0:000   - [19]: ASF!   HCG len=160
2:685  0:000  Calibrated TSC Frequency = 3504481120 = 3504MHz
2:685  0:000  === [ GetUserSettings ] ===================================
2:685  0:000   Custom EDID is ok
2:685  0:000  USB FixOwnership: yes
2:686  0:000   - final DSDT Fix mask=00000000
2:686  0:000  PatchesDSDT: 4 requested
2:686  0:000   - [00]: (change EHC2 to EH02) lenToFind: 4, lenToReplace: 4
2:686  0:000   - [01]: (change _OSI to XOSI) lenToFind: 4, lenToReplace: 4
2:686  0:000   - [02]: (change EHC1 to EH01) lenToFind: 4, lenToReplace: 4
2:686  0:000   - [03]: (change HDAS to HDEF) lenToFind: 4, lenToReplace: 4
2:686  0:000  Using ProductName from config
2:686  0:000  ProductName: iMac17,1
2:686  0:000  Found same BiosVersion in clover and config
2:686  0:000  BiosVersion: IM171.88Z.0110.B00.1708080012
2:686  0:000  BiosReleaseDate: 08/08/2017
2:686  0:000  Using FirmwareFeatures from config
2:686  0:000  FirmwareFeatures: 0xFC0FE136
2:686  0:000  Using FirmwareFeaturesMask from config
2:686  0:000  FirmwareFeaturesMask: 0xFF1FFF3F
2:686  0:000  PlatformFeature: 0x0
2:686  0:000  Board-ID set from config as Mac-B809C3757DA9BB8D
2:686  0:000  BoardType: 0xA
2:686  0:000  ChassisType: 0x9
3:408  0:721  === [ ScanVolumes ] =======================================
3:408  0:000  Found 15 volumes with blockIO
3:408  0:000  - [00]: Volume: PciRoot(0x0)\Pci(0x1B,0x0)\Pci(0x0,0x0)\NVMe(0x1,95-51-B0-61-B9-38-25-00)
3:408  0:000  - [01]: Volume: PciRoot(0x0)\Pci(0x1B,0x0)\Pci(0x0,0x0)\NVMe(0x1,95-51-B0-61-B9-38-25-00)\HD(1,GPT,B7CCD365-55F6-4636-AA5F-F0D2E05CFDA3,0x28,0x64000)
3:408  0:000          Result of bootcode detection: bootable unknown (legacy)
3:408  0:000          This is SelfVolume !!
3:408  0:000  - [02]: Volume: PciRoot(0x0)\Pci(0x1B,0x0)\Pci(0x0,0x0)\NVMe(0x1,95-51-B0-61-B9-38-25-00)\HD(2,GPT,82E8591C-B327-49B6-8B43-2B50AEA6418B,0x64800,0x1DC8EA88)
3:408  0:000          Result of bootcode detection: bootable unknown (legacy)
3:408  0:000  - [03]: Volume: PciRoot(0x0)\Pci(0x14,0x0)\USB(0x15,0x0)
3:409  0:000          Result of bootcode detection: bootable unknown (legacy)
3:409  0:000          USB volume
3:409  0:000  - [04]: Volume: PciRoot(0x0)\Pci(0x14,0x0)\USB(0x15,0x0)\HD(1,MBR,0xEB0BE0F6,0x3F,0x1C019E5)
3:410  0:000          Result of bootcode detection: bootable Windows (vista,win)
3:410  0:000          USB volume
3:412  0:002  - [05]: Volume: PciRoot(0x0)\Pci(0x14,0x0)\USB(0x15,0x0)\HD(2,MBR,0xEB0BE0F6,0x1C0304A,0xCE7CF)
3:413  0:000          Result of bootcode detection: bootable unknown (legacy)
3:413  0:000          USB volume
3:420  0:006  - [06]: Volume: PciRoot(0x0)\Pci(0x17,0x0)\Sata(0x3,0xFFFF,0x0)
3:422  0:002  - [07]: Volume: PciRoot(0x0)\Pci(0x1B,0x0)\Pci(0x0,0x0)\NVMe(0x1,95-51-B0-61-B9-38-25-00)\HD(2,GPT,82E8591C-B327-49B6-8B43-2B50AEA6418B,0x64800,0x1DC8EA88)\VenMedia(BE74FCF7-0B7C-49F3-9147-01F4042E6842,545F9442DFDCD0479610D147B5AF3964)
3:422  0:000          hiding this volume
3:422  0:000  - [08]: Volume: PciRoot(0x0)\Pci(0x1B,0x0)\Pci(0x0,0x0)\NVMe(0x1,95-51-B0-61-B9-38-25-00)\HD(2,GPT,82E8591C-B327-49B6-8B43-2B50AEA6418B,0x64800,0x1DC8EA88)\VenMedia(BE74FCF7-0B7C-49F3-9147-01F4042E6842,25D17C710BF5284191B15657D4C82F52)
3:422  0:000  - [09]: Volume: PciRoot(0x0)\Pci(0x1B,0x0)\Pci(0x0,0x0)\NVMe(0x1,95-51-B0-61-B9-38-25-00)\HD(2,GPT,82E8591C-B327-49B6-8B43-2B50AEA6418B,0x64800,0x1DC8EA88)\VenMedia(BE74FCF7-0B7C-49F3-9147-01F4042E6842,5EF15C2FBE42114EB5DD1B3D7C94F922)
3:422  0:000          hiding this volume
3:422  0:000  - [10]: Volume: PciRoot(0x0)\Pci(0x1B,0x0)\Pci(0x0,0x0)\NVMe(0x1,95-51-B0-61-B9-38-25-00)\HD(2,GPT,82E8591C-B327-49B6-8B43-2B50AEA6418B,0x64800,0x1DC8EA88)\VenMedia(BE74FCF7-0B7C-49F3-9147-01F4042E6842,6936F0512448BF47A118EA1BCE180AC3)
3:422  0:000  - [11]: Volume: PciRoot(0x0)\Pci(0x17,0x0)\Sata(0x3,0xFFFF,0x0)\HD(1,GPT,3DAC4CF9-9184-4125-ABE7-EF1DF753C079,0x800,0x7A000)
3:423  0:000          Result of bootcode detection: bootable Windows (vista,win)
3:429  0:006  - [12]: Volume: PciRoot(0x0)\Pci(0x17,0x0)\Sata(0x3,0xFFFF,0x0)\HD(2,GPT,D8184100-85A2-4FC0-94A9-1A4CAEC2D863,0x7A800,0x40000)
3:430  0:000  - [13]: Volume: PciRoot(0x0)\Pci(0x17,0x0)\Sata(0x3,0xFFFF,0x0)\HD(3,GPT,7CAC2B0C-081B-4565-87FF-E1918165DDF6,0xBA800,0x5F746A8)
3:431  0:000          Result of bootcode detection: bootable Windows (vista,win)
3:434  0:003  - [14]: Volume: PciRoot(0x0)\Pci(0x17,0x0)\Sata(0x3,0xFFFF,0x0)\HD(4,GPT,A709BBD2-6FE5-4A45-87D0-EB674DF9BB51,0x602EEA8,0x17CC43E7)
3:434  0:000          Result of bootcode detection: bootable Windows (vista,win)
3:439  0:005  PutNvramPlistToRtVars: nvram.plist not found
3:439  0:000  === [ InitTheme ] =========================================
3:446  0:006  Using theme 'El Capitan' (EFI\CLOVER\themes\El Capitan)
3:446  0:000  OS main and drive as badge
3:446  0:000  Warning! Character width 23 should be even!
3:448  0:001  Loading font from ThemeDir: Success
3:448  0:000  Choosing theme El Capitan
3:448  0:000  after NVRAM boot-args=dart=0 kext-dev-mode=1 rootless=0
3:448  0:000  === [ Dump SMC keys from NVRAM ] ==========================
3:448  0:000  found AppleSMC protocol
3:448  0:000  === [ ScanLoader ] ========================================
3:448  0:000  - [01]: 'EFI'
3:449  0:000  - [04]: 'AMU'
3:449  0:000  - [05]: 'EFI'
3:451  0:001  - [07]: 'Preboot', hidden
3:451  0:000  - [08]: 'macOS'
3:467  0:016          AddLoaderEntry for Volume Name=macOS
3:478  0:010      Check if volume Is Hibernated:
3:478  0:000      Check sleep image 'by signature':
3:493  0:015      read prefs \Library\Preferences\com.apple.PowerManagement.plist status=Success
3:493  0:000      using default sleep image name = \private\var\vm\sleepimage
3:499  0:005      sleepimage not found -> Not Found
3:499  0:000      hibernated: no - sign
3:510  0:011  - [09]: 'Recovery', hidden
3:510  0:000  - [10]: 'VM'
3:510  0:000  - [11]: 'EFI'
3:529  0:019          AddLoaderEntry for Volume Name=EFI
3:531  0:002  - [13]: 'ûß'
3:531  0:000  - [14]: ''
3:532  0:000  === [ AddCustomTool ] =====================================
3:533  0:000  found tool \EFI\CLOVER\tools\Shell64U.efi
3:533  0:000  Checking EFI partition Volume 1 for Clover
3:533  0:000   Found Clover
3:533  0:000  EmuVariable UninstallEmulation: CloseEvent = Success, original var services restored
3:535  0:001  EmuVariable InstallEmulation: orig vars copied, emu.var.services installed, CreateEvent VirtualAddressChange = Success, CreateEvent ExitBootServices = Success, set Status=Success
3:601  0:066  === [ GetEfiBootDeviceFromNvram ] =========================
3:601  0:000   - found entry 0. 'Boot macOS from macOS', Volume 'macOS', DevicePath 'PciRoot(0x0)\Pci(0x1B,0x0)\Pci(0x0,0x0)\NVMe(0x1,95-51-B0-61-B9-38-25-00)\HD(2,GPT,82E8591C-B327-49B6-8B43-2B50AEA6418B,0x64800,0x1DC8EA88)\VenMedia(BE74FCF7-0B7C-49F3-9147-01F4042E6842,25D17C710BF5284191B15657D4C82F52)\System\Library\CoreServices\boot.efii'
3:601  0:000  EmuVariable UninstallEmulation: CloseEvent = Success, original var services restored
3:601  0:000  DefaultIndex=0 and MainMenu.EntryCount=8
5:021  1:420  GUI ready
25:497  20:475   boot with args: dart=0 kext-dev-mode=1 rootless=0 -v  -x  nv_disable=1
25:497  0:000  BootVariable of the entry is empty
25:497  0:000  === [ StartLoader ] =======================================
25:497  0:000  Finally: ExternalClock=25MHz BusSpeed=100128kHz CPUFreq=3504MHz PIS: hw.busfrequency=100000000Hz
25:497  0:000  Loading boot.efi  status=Success
25:588  0:090  GetOSVersion: 10.13.1 (17B48)
25:588  0:000  CSR_CFG: CSR_ALLOW_UNTRUSTED_KEXTS | CSR_ALLOW_UNRESTRICTED_FS | CSR_ALLOW_TASK_FOR_PID | CSR_ALLOW_UNRESTRICTED_DTRACE | CSR_ALLOW_UNRESTRICTED_NVRAM
25:588  0:000  Filtering KextPatches:
25:588  0:000   - [00]: AppleAHCIPort (External icons patch) :: BinPatch :: [OS: 10.13.1 | MatchOS: All | MatchBuild: All] ==> allowed
25:588  0:000   - [01]: com.apple.driver.usb.AppleUSBXHCIPCI (change 15 port limit to 26 in XHCI kext) :: BinPatch :: [OS: 10.13.1 | MatchOS: 10.13.x | MatchBuild: All] ==> allowed
25:588  0:000  Will not patch boot.efi
25:588  0:000  EmuVariable InstallEmulation: orig vars copied, emu.var.services installed, CreateEvent VirtualAddressChange = Success, CreateEvent ExitBootServices = Success, set Status=Success
25:654  0:066  === [ PatchSmbios ] =======================================
25:654  0:000  insert table 9 for dev 0:0
25:654  0:000  insert table 9 for dev 0:1
25:654  0:000  insert table 9 for dev 0:0
25:654  0:000  insert table 9 for dev 0:0
25:655  0:000  Trusting SMBIOS...
25:655  0:000  Channels: 2
25:655  0:000  Interleave: 0 2 1 3 4 6 5 7 8 10 9 11 12 14 13 15 16 18 17 19 20 22 21 23
25:655  0:000   partNum=M471A1K43BB1-CRC    
25:655  0:000  SMBIOS Type 17 Index = 0 => 0 0:
25:655  0:000  BANK 0 DIMM0 2400MHz 8192MB
25:655  0:000   partNum=M471A1K43BB1-CRC    
25:655  0:000  SMBIOS Type 17 Index = 1 => 2 2:
25:655  0:000  BANK 1 DIMM0 2400MHz 8192MB
25:655  0:000  SMBIOS Type 17 Index = 2 => 1 1:
25:655  0:000  BANK 0 DIMM1 EMPTY
25:655  0:000  SMBIOS Type 17 Index = 3 => 3 3:
25:655  0:000  BANK 1 DIMM1 EMPTY
25:655  0:000  mTotalSystemMemory = 16384
25:655  0:000  NumberOfMemoryDevices = 4
25:655  0:000  Type20[0]->End = 0x7FFFFF, Type17[0] = 0x2000
25:655  0:000  Type20[1]->End = 0xFFFFFF, Type17[1] = 0x6000
25:655  0:000  Table 131 is present, CPUType=31
25:655  0:000  Change to: 605
25:655  0:000  === [ PatchACPI ] =========================================
25:655  0:000  RSDT 0x3EB9C028
25:655  0:000  FADT from RSDT: 0x3EB9C180
25:655  0:000  XSDT 0x3EB9C0A8
25:655  0:000  FADT from XSDT: 0x3EBB95E8
25:655  0:000  Xsdt reallocation done
25:655  0:000  old FADT length=114
25:655  0:000   SignatureFixup: 0x6F269D2 -> 0
25:656  0:001  Apply DsdtFixMask=0x00000000
25:656  0:000     drop _DSM mask=0x0000
25:656  0:000  === [ FixBiosDsdt ] =======================================
25:656  0:000  VideoCard devID=0x1BE110DE
25:656  0:000  DisplayADR1[0] = 0x10000, DisplayADR2[0] = 0x0
25:656  0:000  USBADR[0] = 0x140000 and PCIe = 0xFFFE
25:656  0:000  Found Airport Atheros at 0x1D0004, 0x0, DeviceID=0x003E
25:669  0:013  Audio HDA (addr:0x1F0003) setting specified layout-id=1 (0x1)
25:669  0:000  Patching DSDT:
25:669  0:000   - [change EHC2 to EH02]: pattern 45484332, bin not found / already patched!
25:669  0:000   - [change _OSI to XOSI]: pattern 5F4F5349, patched at: [ (8B3F) (84B2) (3) (11) (18) (1C) (1C) (1A) (18) (18) (18) (18) ]
25:670  0:000   - [change EHC1 to EH01]: pattern 45484331, bin not found / already patched!
25:670  0:000   - [change HDAS to HDEF]: pattern 48444153, patched at: [ (9EA3) (15BA) (176) (D) (A1) (6A) ]
25:670  0:000  first CPU found at 87E3 offset 87E6
25:670  0:000  score candidate at 87DF
25:670  0:000  score inserted in acpi_cpu_score _PR_
25:670  0:000  Found ACPI CPU: CPU0 | CPU1 | CPU2 | CPU3 | CPU4 | CPU5 | CPU6 | CPU7 , within the score: _PR_
25:670  0:000  Found PCIROOTUID = 0
25:670  0:000  === [ ACPIDropTables ] ====================================
25:670  0:000  === [ PatchAllSSDT ] ======================================
25:670  0:000  Patch table: SSDT  SataTabl len=0x377
25:670  0:000  0. [change EHC2 to EH02]: pattern 45484332, bin not found / already patched!
25:670  0:000  1. [change _OSI to XOSI]: pattern 5F4F5349, bin not found / already patched!
25:670  0:000  2. [change EHC1 to EH01]: pattern 45484331, bin not found / already patched!
25:670  0:000  3. [change HDAS to HDEF]: pattern 48444153, bin not found / already patched!
25:670  0:000  Patch table: SSDT  NvdTabl len=0x28F8
25:670  0:000  0. [change EHC2 to EH02]: pattern 45484332, bin not found / already patched!
25:670  0:000  1. [change _OSI to XOSI]: pattern 5F4F5349, bin not found / already patched!
25:670  0:000  2. [change EHC1 to EH01]: pattern 45484331, bin not found / already patched!
25:670  0:000  3. [change HDAS to HDEF]: pattern 48444153, bin not found / already patched!
25:670  0:000  Patch table: SSDT  PerfTune len=0x5C8
25:670  0:000  0. [change EHC2 to EH02]: pattern 45484332, bin not found / already patched!
25:670  0:000  1. [change _OSI to XOSI]: pattern 5F4F5349, bin not found / already patched!
25:670  0:000  2. [change EHC1 to EH01]: pattern 45484331, bin not found / already patched!
25:670  0:000  3. [change HDAS to HDEF]: pattern 48444153, bin not found / already patched!
25:670  0:000  Patch table: SSDT  SaSsdt  len=0x1802
25:670  0:000  0. [change EHC2 to EH02]: pattern 45484332, bin not found / already patched!
25:670  0:000  1. [change _OSI to XOSI]: pattern 5F4F5349, bin not found / already patched!
25:670  0:000  2. [change EHC1 to EH01]: pattern 45484331, bin not found / already patched!
25:670  0:000  3. [change HDAS to HDEF]: pattern 48444153, bin not found / already patched!
25:670  0:000  Patch table: SSDT  CpuSsdt len=0xEDE
25:670  0:000  0. [change EHC2 to EH02]: pattern 45484332, bin not found / already patched!
25:670  0:000  1. [change _OSI to XOSI]: pattern 5F4F5349, bin not found / already patched!
25:670  0:000  2. [change EHC1 to EH01]: pattern 45484331, bin not found / already patched!
25:670  0:000  3. [change HDAS to HDEF]: pattern 48444153, bin not found / already patched!
25:670  0:000  Patch table: SSDT  PtidDevc len=0x3002
25:670  0:000  0. [change EHC2 to EH02]: pattern 45484332, bin not found / already patched!
25:670  0:000  1. [change _OSI to XOSI]: pattern 5F4F5349, bin not found / already patched!
25:670  0:000  2. [change EHC1 to EH01]: pattern 45484331, bin not found / already patched!
25:670  0:000  3. [change HDAS to HDEF]: pattern 48444153, bin not found / already patched!
25:670  0:000  Drop tables from Xsdt, SIGN=XXXX TableID= Length=0
25:670  0:000   Xsdt has tables count=21
25:670  0:000  First zero in XSDT table
25:670  0:000  CPUBase=0 and ApicCPUBase=1 ApicCPUNum=1
25:670  0:000  Maximum control=0x23
25:670  0:000  Turbo control=0x2A
25:670  0:000  P-States: min 0x8, max 0x2A
25:671  0:000  SSDT with CPU P-States generated successfully
25:671  0:000  SSDT with CPU C-States generated successfully
25:671  0:000  === [ RestSetup macOS ] ===================================
25:671  0:000  EdidDiscovered size=128
25:671  0:000  Inject EDID
25:671  0:000    Use Custom EDID
25:671  0:000  ------- Custom EDID Table
25:671  0:000  000  |  00  FF  FF  FF  FF  FF  FF  00  30  E4
25:671  0:000  010  |  6E  04  00  00  00  00  00  18  01  04
25:671  0:000  020  |  A5  26  15  78  0A  0B  B5  A3  59  55
25:671  0:000  030  |  A0  27  0C  50  54  00  00  00  01  01
25:671  0:000  040  |  01  01  01  01  01  01  01  01  01  01
25:671  0:000  050  |  01  01  01  01  2E  36  80  A0  70  38
25:671  0:000  060  |  1F  40  30  20  35  00  7E  D7  10  00
25:671  0:000  070  |  00  1B  1F  24  80  A0  70  38  1F  40
25:671  0:000  080  |  30  20  35  00  7E  D7  10  00  00  1B
25:671  0:000  090  |  00  00  00  00  00  00  00  00  00  00
25:671  0:000  100  |  00  00  00  00  00  00  00  00  00  00
25:671  0:000  110  |  00  02  00  0A  30  FF  0A  3C  96  19
25:671  0:000  120  |  1D  48  96  00  00  00  00  3F
25:671  0:000      VendorID  = 0x30E4
25:671  0:000      ProductID = 0x046E
25:671  0:000  ------- New Custom EDID Table
25:671  0:000  000  |  00  FF  FF  FF  FF  FF  FF  00  E4  30
25:671  0:000  010  |  6E  04  00  00  00  00  00  18  01  04
25:671  0:000  020  |  A5  26  15  78  0A  0B  B5  A3  59  55
25:671  0:000  030  |  A0  27  0C  50  54  00  00  00  01  01
25:671  0:000  040  |  01  01  01  01  01  01  01  01  01  01
25:671  0:000  050  |  01  01  01  01  2E  36  80  A0  70  38
25:671  0:000  060  |  1F  40  30  20  35  00  7E  D7  10  00
25:671  0:000  070  |  00  1B  1F  24  80  A0  70  38  1F  40
25:671  0:000  080  |  30  20  35  00  7E  D7  10  00  00  1B
25:671  0:000  090  |  00  00  00  00  00  00  00  00  00  00
25:671  0:000  100  |  00  00  00  00  00  00  00  00  00  00
25:671  0:000  110  |  00  02  00  0A  30  FF  0A  3C  96  19
25:671  0:000  120  |  1D  48  96  00  00  00  00  3F
25:671  0:000  NVidia GFX injection not set
25:671  0:000   RCBA disabled; cannot use it
25:671  0:000   setting specified layout-id=1 (0x1)
25:671  0:000  stringlength = 1118
25:671  0:000  CurrentMode: Width=1920 Height=1080
25:671  0:000  Beginning FSInjection
25:671  0:000  Blocking kext caches
FSInjectionInstall ...
- Our FSI_SIMPLE_FILE_SYSTEM_PROTOCOL installed on handle: 3B116D98
FSInjectionInstall ...
- Our FSI_SIMPLE_FILE_SYSTEM_PROTOCOL installed on handle: 3B116D98
25:671  0:000  Use origin smbios table type 1 guid.
25:683  0:011  Preparing kexts injection for arch=x86_64 from EFI\CLOVER\kexts\Other
25:683  0:000  Extra kext: EFI\CLOVER\kexts\Other\NvidiaGraphicsFixup.kext
25:693  0:009  Extra kext: EFI\CLOVER\kexts\Other\VoodooPS2Controller.kext
25:701  0:008    |-- PlugIn kext: EFI\CLOVER\kexts\Other\VoodooPS2Controller.kext\Contents\PlugIns\VoodooPS2Trackpad.kext
25:714  0:012    |-- PlugIn kext: EFI\CLOVER\kexts\Other\VoodooPS2Controller.kext\Contents\PlugIns\VoodooPS2Mouse.kext
25:722  0:007    |-- PlugIn kext: EFI\CLOVER\kexts\Other\VoodooPS2Controller.kext\Contents\PlugIns\VoodooPS2Keyboard.kext
25:736  0:014  Extra kext: EFI\CLOVER\kexts\Other\USBInjectAll.kext
26:163  0:427  Extra kext: EFI\CLOVER\kexts\Other\RT2870USBWirelessDriver.kext
26:365  0:202  Extra kext: EFI\CLOVER\kexts\Other\LPCSensors.kext
26:614  0:249  Extra kext: EFI\CLOVER\kexts\Other\Lilu.kext
26:623  0:009  Extra kext: EFI\CLOVER\kexts\Other\GPUSensors.kext
26:637  0:013  Extra kext: EFI\CLOVER\kexts\Other\FakeSMC.kext
26:653  0:016  Extra kext: EFI\CLOVER\kexts\Other\CPUSensors.kext
26:662  0:009  Extra kext: EFI\CLOVER\kexts\Other\CodecCommander.kext
26:690  0:027  Extra kext: EFI\CLOVER\kexts\Other\AtherosE2200Ethernet.kext
26:699  0:008  Extra kext: EFI\CLOVER\kexts\Other\AppleALC.kext
26:710  0:011    |-- PlugIn kext: EFI\CLOVER\kexts\Other\AppleALC.kext\Contents\PlugIns\PinConfigs.kext
27:023  0:312  Extra kext: EFI\CLOVER\kexts\Other\ACPISensors.kext
27:044  0:021  Extra kext: EFI\CLOVER\kexts\Other\ACPIBatteryManager.kext
27:060  0:015  Custom boot screen not used because entry has unset use graphics
27:060  0:000  Closing log
