0:100  0:100  MemLog inited, TSC freq: 2904418150
0:100  0:000  CPU was calibrated without ACPI PM Timer: ACPI I/O space is not enabled., use RTC
0:100  0:000  
0:100  0:000  Now is 17.6.2017,  22:28:5 (GMT)
0:100  0:000  Starting Clover revision: 4092 on American Megatrends EFI
0:100  0:000  Build with: [Args: -mc --no-usb -D NO_GRUB_DRIVERS_EMBEDDED -D CHECK_FLAGS -t XCODE8 | -D DISABLE_USB_SUPPORT -D NO_GRUB_DRIVERS_EMBEDDED -D CHECK_FLAGS -D USE_BIOS_BLOCKIO -D USE_LOW_EBDA -a X64 -b RELEASE -t XCODE8 -n 9 | OS: 10.12.5 | XCODE: 8.3.3]
0:100  0:000  SelfDevicePath=PciRoot(0x0)\Pci(0x17,0x0)\Sata(0x2,0xFFFF,0x0)\HD(1,GPT,1BF15647-392F-497A-94F5-FB373DFCB4CE,0x800,0x96000) @6BEDAB98
0:100  0:000  SelfDirPath = \EFI\CLOVER
0:100  0:000  === [ Get Smbios ] ========================================
0:100  0:000  Type 16 Index = 0
0:100  0:000  Total Memory Slots Count = 2
0:100  0:000  Type 17 Index = 0
0:100  0:000  SmbiosTable.Type17->Speed = 2400MHz
0:100  0:000  SmbiosTable.Type17->Size = 8192MB
0:100  0:000  SmbiosTable.Type17->Bank/Device = BANK 0 DIMM 1
0:100  0:000  SmbiosTable.Type17->Vendor = Kingston
0:100  0:000  SmbiosTable.Type17->SerialNumber = 6D10E20C
0:100  0:000  SmbiosTable.Type17->PartNumber = KHX2400C15S4/8G     
0:100  0:000  Type 17 Index = 1
0:100  0:000  SmbiosTable.Type17->Speed = 2400MHz
0:100  0:000  SmbiosTable.Type17->Size = 8192MB
0:100  0:000  SmbiosTable.Type17->Bank/Device = BANK 2 DIMM 2
0:100  0:000  SmbiosTable.Type17->Vendor = Kingston
0:100  0:000  SmbiosTable.Type17->SerialNumber = 6A10E214
0:100  0:000  SmbiosTable.Type17->PartNumber = KHX2400C15S4/8G     
0:100  0:000  Boot status=0
0:100  0:000  Running on: 'Inspiron 7560' with board '07T996'
0:100  0:000  === [ GetCPUProperties ] ==================================
0:100  0:000  CPU Vendor = 756E6547 Model=806E9
0:100  0:000   The CPU supported SSE4.1
0:100  0:000  The CPU supported turbo
0:100  0:000  BrandString = Intel(R) Core(TM) i7-7500U CPU @ 2.70GHz
0:100  0:000   TSC/CCC Information Leaf:
0:100  0:000    numerator     : 242
0:100  0:000    denominator   : 2
0:100  0:000   Calibrated ARTFrequency: 24003455
0:100  0:000  MSR 0xE2 before patch 1E008005
0:100  0:000  MSR 0xE2 is locked, PM patches will be turned on
0:100  0:000  MSR 0xCE              0004043D_F1011D00
0:100  0:000  MSR 0x1A0             00850089
0:100  0:000  corrected FLEX_RATIO = 0
0:100  0:000  MSR 0x1B0             00000000
0:100  0:000  FSBFrequency = 89 MHz, DMI FSBFrequency = 100 MHz, Corrected FSBFrequency = 100 MHz
0:100  0:000  MaxDiv/MinDiv: 29.0/4
0:100  0:000  Turbo: 35/35/35/35
0:100  0:000  Features: 0xBFEBFBFF
0:100  0:000  Threads: 4
0:100  0:000  Cores: 2
0:100  0:000  FSB: 25 MHz
0:100  0:000  CPU: 2600 MHz
0:100  0:000  TSC: 2600 MHz
0:100  0:000  PIS: 100 MHz
0:100  0:000  === [ GetDevices ] ========================================
0:100  0:000  PCI (00|00:00.00) : 8086 5904 class=060000
0:100  0:000  PCI (00|00:02.00) : 8086 5916 class=030000
0:100  0:000   - GFX: Model=Intel HD Graphics 620 (Intel)
0:100  0:000  PCI (00|00:04.00) : 8086 1903 class=118000
0:100  0:000  PCI (00|00:14.00) : 8086 9D2F class=0C0330
0:100  0:000  PCI (00|00:14.02) : 8086 9D31 class=118000
0:100  0:000  PCI (00|00:15.00) : 8086 9D60 class=118000
0:100  0:000  PCI (00|00:15.01) : 8086 9D61 class=118000
0:100  0:000  PCI (00|00:16.00) : 8086 9D3A class=078000
0:100  0:000  PCI (00|00:17.00) : 8086 9D03 class=010601
0:100  0:000  PCI (00|00:1C.00) : 8086 9D10 class=060400
0:100  0:000  PCI (00|01:00.00) : 10DE 134D class=030200
0:100  0:000  PCI (00|00:1C.04) : 8086 9D14 class=060400
0:100  0:000  PCI (00|02:00.00) : 14E4 43B1 class=028000
0:100  0:000   - WIFI: Vendor=Broadcom
0:100  0:000  PCI (00|00:1C.05) : 8086 9D15 class=060400
0:100  0:000  PCI (00|03:00.00) : 10EC 8168 class=020000
0:100  0:000   - LAN: 0 Vendor=Realtek
0:100  0:000  PCI (00|00:1F.00) : 8086 9D58 class=060100
0:100  0:000  PCI (00|00:1F.02) : 8086 9D21 class=058000
0:100  0:000  PCI (00|00:1F.03) : 8086 9D71 class=040300
0:100  0:000  PCI (00|00:1F.04) : 8086 9D23 class=0C0500
0:100  0:000  === [ GetDefaultSettings ] ================================
0:100  0:000  Clover load options size = 214 bytes
0:101  0:000  EFI\CLOVER\.plist not loaded with name from LoadOptions: Invalid Parameter
0:104  0:002  EFI\CLOVER\config.plist loaded: Success
0:104  0:000  === [ GetListOfThemes ] ===================================
0:104  0:000  - [00]: embedded
0:106  0:001  - [00]: random
0:107  0:001  - [00]: mac
0:108  0:001  - [01]: maverickslogin
0:109  0:001  - [02]: black_green
0:111  0:001  - [03]: BGM
0:112  0:001  - [04]: metal
0:113  0:001  === [ Found config plists ] ===============================
0:113  0:000  - config_DT.plist
0:113  0:000  - config.good.plist
0:113  0:000  - config_10.12.plist
0:113  0:000  - config.plist
0:113  0:000  === [ GetEarlyUserSettings ] ==============================
0:113  0:000  timeout set to 1
0:113  0:000  Custom boot CUSTOM_BOOT_DISABLED (0x0)
0:113  0:000  KextsToPatch: 2 requested
0:113  0:000   - [00]: com.apple.driver.AppleBacklight (change F%uT%04x to F%uTxxxx for AppleBacklightInjector.kext (credit RehabMan)) :: BinPatch :: data len: 9
0:113  0:000   - [01]: com.apple.iokit.IOAHCIBlockStorage (Enable TRIM for SSD) :: BinPatch :: data len: 11
0:113  0:000  KernelToPatch: 1 requested
0:113  0:000   - [00]: MSR 0xE2 _xcpm_idle instant reboot(c) Pike R. Alpha :: MatchOS: 10.12 :: data len: 8
0:113  0:000  Default theme: BGM
0:113  0:000   Custom EDID is ok
0:113  0:000  === [ LoadDrivers ] =======================================
0:113  0:000  Loading AppleImageCodec-64.efi  status=Success
0:116  0:002  Loading AppleKeyAggregator-64.efi  status=Success
0:118  0:002  Loading AppleUITheme-64.efi  status=Success
0:120  0:002  Loading CsmVideoDxe-64.efi  status=Success
0:123  0:002   - driver needs connecting
0:123  0:000  Loading DataHubDxe-64.efi  status=Success
0:134  0:011  Loading EmuVariableUefi-64.efi  status=Success
0:136  0:002  EmuVariableUefi Initialize: VariableCommonInitialize = Success, orig services stored, install gEmuVariableControlProtocolGuid = Success
0:136  0:000  Loading Fat-64.efi  status=Success
0:140  0:003   - driver needs connecting
0:140  0:000  Loading FirmwareVolume-64.efi  status=Success
0:142  0:001  Loading FSInject-64.efi  status=Success
0:145  0:003  Loading OsxAptioFix2Drv-64.efi  status=Success
0:147  0:001  Loading OsxFatBinaryDrv-64.efi  status=Success
0:149  0:001  Loading PartitionDxe-64.efi  status=Success
0:151  0:002   - driver needs connecting
0:151  0:000  Loading SMCHelper-64.efi  status=Success
0:154  0:002  Loading VBoxHfs-64.efi  status=Success
0:156  0:002   - driver needs connecting
0:156  0:000  Loading apfs.efi  status=Success
0:162  0:005   - driver needs connecting
0:162  0:000  5 drivers needs connecting ...
0:162  0:000  PlatformDriverOverrideProtocol->GetDriver overriden
0:162  0:000  Partition driver loaded: 
0:162  0:000  APFS driver loaded
0:162  0:000  Video driver loaded: disconnect Success
3:116  2:954  Searching for invalid DiskIo BY_DRIVER connects: not found, all ok
3:116  0:000  VideoBiosPatchNativeFromEdid:
3:116  0:000   Bios: VideoBiosPatchInit(LegacyRegion = Not Found, LegacyRegion2 = Success) = Success
3:116  0:000   VideoBiosUnlock:  unlocked
3:117  0:000   Patching: Patch BT_INTEL:  Parse Edid: descriptor block 0 is timing descriptor (h_active: 1920, v_active: 1080, h_sync_offset: 80, h_sync_width: 54, h_blanking: 330, v_blanking: 52, pixel_clock: 15284, v_sync_offset: 6, v_sync_width: 8)
3:117  0:000   patched 1 time(s)
3:117  0:000   VideoBiosLock: Success
3:191  0:073  CsmVideoDriverBindingStart
3:191  0:000  mixed support=40010
3:191  0:000  Controller is [030000]
3:191  0:000  Check for VBE
3:191  0:000  EdidOverrideFound!
3:191  0:000   found Detail Timing 1920x1080
3:191  0:000   found Detail Timing 1920x1080
3:191  0:000  timing string after 0xFE:52KF6€156HCA

3:192  0:000    0 1280x1024 attr=9B - ok, edid-
3:192  0:000    1 1920x1080 attr=9B - ok, edid+, working, highest, pref=1
3:192  0:000    2 640x480 attr=9B - ok, edid-, 640x480, working
3:192  0:000    3 800x600 attr=9B - ok, edid-, 800x600, working
3:192  0:000    4 1920x1080 attr=9B - ok, edid+, working, highest, pref=4
3:192  0:000  CsmVideo: New mode: 4 1920x1080 - set
3:410  0:217   - SetMode pref 4 (4) = Success
3:410  0:000  CsmVideoCheckForVbe - Success
3:410  0:000  CsmVideoDriverBindingStart end Success
3:410  0:000  CsmVideo: New mode: 1 1920x1080 - set
3:972  0:561  CsmVideo: New mode: 4 1920x1080 - set
4:436  0:464  CsmVideoDriverBindingStart
4:436  0:000  Enable the device status=Unsupported
4:436  0:000  attributes Restored
4:436  0:000  CsmVideoDriverBindingStart end Unsupported
4:639  0:202  EmuVariable InstallEmulation: orig vars copied, emu.var.services installed, CreateEvent VirtualAddressChange = Success, CreateEvent ExitBootServices = Success, set Status=Success
4:665  0:025  === [ InitScreen ] ========================================
4:665  0:000  SetScreenResolution: 1920x1080 - already set
4:665  0:000  Console modes reported: 4, available modes:
4:665  0:000   - [01]: 80x25 (current mode)
4:665  0:000   - [02]: 80x50
4:665  0:000   - [03]: 100x31
4:665  0:000   - [04]: 240x56
4:665  0:000  reinit: self device path=PciRoot(0x0)\Pci(0x17,0x0)\Sata(0x2,0xFFFF,0x0)\HD(1,GPT,1BF15647-392F-497A-94F5-FB373DFCB4CE,0x800,0x96000)
4:665  0:000  Using embedded font: Success
4:667  0:001  === [ GetMacAddress ] =====================================
4:667  0:000   get legacy LAN MAC, 1 card found
4:667  0:000  Legacy MAC address of LAN #0= 18:DB:F2:10:97:35:
4:667  0:000  === [ ScanSPD ] ===========================================
4:667  0:000  SMBus device : 8086 9D23 class=0C0500 status=Success
4:667  0:000  SMBus CmdReg: 0x3
4:667  0:000  Scanning SMBus [8086:9D23], mmio: 0xD5432004, ioport: 0xF040, hostc: 0x11
4:667  0:000  Slots to scan [8]...
4:668  0:000  SPD[0]: Type 12 @0x50
4:685  0:017  XMP Profile1: 7*125 -42 ns
4:685  0:000  Found module with XMP version 2.0
4:685  0:000  DDR speed 2400MHz
4:685  0:000  Slot: 0 Type 26 8192MB 2400MHz Vendor=Kingston PartNo=KHX2400C15S48G SerialNo=060D01000E02000C
4:686  0:000  SPD[2]: Type 12 @0x52
4:704  0:017  XMP Profile1: 7*125 -42 ns
4:704  0:000  Found module with XMP version 2.0
4:704  0:000  DDR speed 2400MHz
4:704  0:000  Slot: 2 Type 26 8192MB 2400MHz Vendor=Kingston PartNo=KHX2400C15S48G SerialNo=060A01000E020104
4:705  0:000  === [ GetAcpiTablesList ] =================================
4:705  0:000  Get Acpi Tables List from RSDT:
4:705  0:000   - [00]: FACP  CBX3    len=132
4:705  0:000   - [01]: APIC  CBX3    len=132
4:705  0:000   - [02]: FPDT  CBX3    len=68
4:705  0:000   - [03]: FIDT  CBX3    len=156
4:705  0:000   - [04]: MCFG  CBX3    len=60
4:705  0:000   - [05]: HPET  CBX3    len=56
4:705  0:000   - [06]: SSDT  SataTabl len=882
4:705  0:000   - [07]: BOOT  CBX3     len=40
4:705  0:000   - [08]: SSDT  SaSsdt  len=4833
4:705  0:000   - [09]: HPET  KBL-ULT len=56
4:705  0:000   - [10]: SSDT  xh_OEMBD len=1716
4:705  0:000   - [11]: UEFI   len=66
4:705  0:000   - [12]: SSDT  CpuSsdt len=3806
4:705  0:000   - [13]: LPIT  KBL-ULT len=148
4:705  0:000   - [14]: WSMT  KBL-ULT len=40
4:705  0:000   - [15]: SSDT  HdaDsp len=321
4:705  0:000   - [16]: SSDT  sensrhub len=671
4:705  0:000   - [17]: SSDT  PtidDevc len=12290
4:705  0:000   - [18]: SSDT  TbtTypeC len=533
4:705  0:000   - [19]: DBGP   len=52
4:705  0:000   - [20]: DBG2   len=84
4:705  0:000   - [21]: MSDM  CBX3    len=85
4:705  0:000   - [22]: SSDT  DptfTabl len=23589
4:705  0:000   - [23]: SLIC  CBX3    len=374
4:705  0:000   - [24]: SSDT  SgUlt len=1053
4:705  0:000   - [25]: SSDT  SgPch len=1874
4:705  0:000   - [26]: DMAR  KBL  len=240
4:705  0:000   - [27]: TPM2  Tpm2Tabl len=52
4:705  0:000   - [28]: SSDT  OptTabl len=7776
4:705  0:000   - [29]: BGRT   len=56
4:705  0:000  Calibrated TSC frequency =2904418150 =2904MHz
4:705  0:000  === [ GetUserSettings ] ===================================
4:705  0:000   Custom EDID is ok
4:705  0:000  USB FixOwnership: yes
4:705  0:000  Dropping 26 tables:
4:705  0:000   - [00]: Drop table  signature="DMAR" (52414D44)
4:705  0:000           - set table: 52414D44,                0 to drop: yes
4:705  0:000   - [01]: Drop table  signature="#MCF" (46434D23)
4:705  0:000           - set table: 46434D23,                0 to drop: no
4:705  0:000   - [02]: Drop table  signature="SSDT" (54445353) table-id="xh_rvp10" (30317076725F6878)
4:705  0:000           - set table: 54445353, 30317076725F6878 to drop: no
4:705  0:000   - [03]: Drop table  signature="SSDT" (54445353) table-id="sensrhub" (62756872736E6573)
4:705  0:000           - set table: 54445353, 62756872736E6573 to drop: yes
4:705  0:000   - [04]: Drop table  signature="SSDT" (54445353) table-id="Cpu0Ist" (0074734930757043)
4:705  0:000           - set table: 54445353,   74734930757043 to drop: no
4:705  0:000   - [05]: Drop table  signature="SSDT" (54445353) table-id="CpuPm" (0000006D50757043)
4:705  0:000           - set table: 54445353,       6D50757043 to drop: no
4:705  0:000   - [06]: Drop table  signature="SSDT" (54445353) table-id="CtdpB" (0000004270647443)
4:705  0:000           - set table: 54445353,       4270647443 to drop: no
4:705  0:000   - [07]: Drop table  signature="SSDT" (54445353) table-id="SataTabl" (6C62615461746153)
4:705  0:000           - set table: 54445353, 6C62615461746153 to drop: yes
4:705  0:000   - [08]: Drop table  signature="SSDT" (54445353) table-id="SaSsdt" (0000746473536153)
4:705  0:000           - set table: 54445353,     746473536153 to drop: no
4:705  0:000   - [09]: Drop table  signature="XSDT" (54445358)
4:705  0:000           - set table: 54445358,                0 to drop: no
4:705  0:000   - [10]: Drop table  signature="RSDT" (54445352)
4:705  0:000           - set table: 54445352,                0 to drop: no
4:705  0:000   - [11]: Drop table  signature="RSDT" (54445352)
4:705  0:000           - set table: 54445352,                0 to drop: no
4:705  0:000   - [12]: Drop table  signature="FACP" (50434146)
4:705  0:000           - set table: 50434146,                0 to drop: yes
4:705  0:000   - [13]: Drop table  signature="RSDP" (50445352)
4:705  0:000           - set table: 50445352,                0 to drop: no
4:705  0:000   - [14]: Drop table  signature="FACS" (53434146)
4:705  0:000           - set table: 53434146,                0 to drop: no
4:705  0:000   - [15]: Drop table  signature="FPDT" (54445046)
4:705  0:000           - set table: 54445046,                0 to drop: yes
4:705  0:000   - [16]: Drop table  signature="FIDT" (54444946)
4:705  0:000           - set table: 54444946,                0 to drop: yes
4:705  0:000   - [17]: Drop table  signature="MATS" (5354414D)
4:705  0:000           - set table: 5354414D,                0 to drop: no
4:705  0:000   - [18]: Drop table  signature="SLIC" (43494C53)
4:705  0:000           - set table: 43494C53,                0 to drop: yes
4:705  0:000   - [19]: Drop table  signature="BGRT" (54524742)
4:705  0:000           - set table: 54524742,                0 to drop: yes
4:705  0:000   - [20]: Drop table  signature="DBGP" (50474244)
4:705  0:000           - set table: 50474244,                0 to drop: yes
4:705  0:000   - [21]: Drop table  signature="DBG2" (32474244)
4:705  0:000           - set table: 32474244,                0 to drop: yes
4:705  0:000   - [22]: Drop table  signature="LPIT" (5449504C)
4:705  0:000           - set table: 5449504C,                0 to drop: yes
4:705  0:000   - [23]: Drop table  signature="WSMT" (544D5357)
4:705  0:000           - set table: 544D5357,                0 to drop: yes
4:705  0:000   - [24]: Drop table  signature="MDSX" (5853444D)
4:705  0:000           - set table: 5853444D,                0 to drop: no
4:705  0:000   - [25]: Drop table  signature="DMAR" (52414D44)
4:705  0:000           - set table: 52414D44,                0 to drop: yes
4:705  0:000   - final DSDT Fix mask=08208005
4:705  0:000  PatchesDSDT: 8 requested
4:705  0:000   - [00]: (change _DSM to XSDM) lenToFind: 4, lenToReplace: 4
4:705  0:000   - [01]: (change OSID to IDOS) lenToFind: 4, lenToReplace: 4
4:705  0:000   - [02]: (change _OSI to XOSI) lenToFind: 4, lenToReplace: 4
4:705  0:000   - [03]: (change HDAS to HDEF) lenToFind: 4, lenToReplace: 4
4:705  0:000   - [04]: (change HECI to IMEI) lenToFind: 4, lenToReplace: 4
4:705  0:000   - [05]: (chang BRT6 to BRTX) lenToFind: 5, lenToReplace: 5
4:705  0:000   - [06]: (change GFX0 to IGPU) lenToFind: 4, lenToReplace: 4
4:705  0:000   - [07]: (change SAT0 to SATA) lenToFind: 4, lenToReplace: 4
4:705  0:000  ResetAddr: 0xB2
4:705  0:000  Calc ResetVal: 0x0
4:705  0:000  ResetVal: 0x73
4:705  0:000  ChassisType: 0x9
4:705  0:000  Converted CustomUUID 44454C4C-4A00-1057-8030-C7C04F514332
4:709  0:003  === [ ScanVolumes ] =======================================
4:709  0:000  Found 12 volumes with blockIO
4:709  0:000  - [00]: Volume: PciRoot(0x0)\Pci(0x17,0x0)\Sata(0x2,0xFFFF,0x0)
4:710  0:000          Result of bootcode detection: bootable unknown (legacy)
4:710  0:000  - [01]: Volume: PciRoot(0x0)\Pci(0x17,0x0)\Sata(0x2,0xFFFF,0x0)\HD(1,GPT,1BF15647-392F-497A-94F5-FB373DFCB4CE,0x800,0x96000)
4:710  0:000          Result of bootcode detection: bootable Clover (clover)
4:712  0:001          This is SelfVolume !!
4:712  0:000  - [02]: Volume: PciRoot(0x0)\Pci(0x17,0x0)\Sata(0x2,0xFFFF,0x0)\HD(2,GPT,C3F57CA0-1768-4DFB-9C93-F410F9DBAAD5,0x96800,0x64000)
4:713  0:000  - [03]: Volume: PciRoot(0x0)\Pci(0x17,0x0)\Sata(0x2,0xFFFF,0x0)\HD(3,GPT,1E875658-1181-4ECC-9464-404C1FD2A0F8,0xFA800,0x9664000)
4:713  0:000          Result of bootcode detection: bootable Windows (vista,win)
4:713  0:000  - [04]: Volume: PciRoot(0x0)\Pci(0x17,0x0)\Sata(0x2,0xFFFF,0x0)\HD(4,GPT,76C71DF6-C69C-4A07-AB53-F03336E151DE,0x975E800,0x1770000)
4:714  0:000  - [05]: Volume: PciRoot(0x0)\Pci(0x17,0x0)\Sata(0x2,0xFFFF,0x0)\HD(5,GPT,F2CC8B6A-4092-48D4-B743-E75C6EBA620B,0xAECE800,0x240F9AE0)
4:715  0:000          Result of bootcode detection: bootable unknown (legacy)
4:715  0:000  - [06]: Volume: PciRoot(0x0)\Pci(0x17,0x0)\Sata(0x2,0xFFFF,0x0)\HD(6,GPT,40D16925-7B58-4363-8A59-6D654D91D56A,0x2EFC82E0,0x138800)
4:715  0:000  - [07]: Volume: PciRoot(0x0)\Pci(0x17,0x0)\Sata(0x2,0xFFFF,0x0)\HD(7,GPT,4A122843-BACB-4BFE-979F-AA48DCF15706,0x2F100AE0,0x37EACD8)
4:716  0:000  - [08]: Volume: PciRoot(0x0)\Pci(0x17,0x0)\Sata(0x2,0xFFFF,0x0)\HD(8,GPT,5CAA3BAE-DCBC-45AC-9E30-1EA0C5ECB859,0x328EB7B8,0x135F20)
4:717  0:000  - [09]: Volume: PciRoot(0x0)\Pci(0x17,0x0)\Sata(0x2,0xFFFF,0x0)\HD(9,GPT,223DCBFF-C3FB-4544-B4B2-B708C8223295,0x32A216D8,0x2EC6CFD)
4:717  0:000  - [10]: Volume: PciRoot(0x0)\Pci(0x17,0x0)\Sata(0x2,0xFFFF,0x0)\HD(10,GPT,217B801F-6322-47E2-BFD1-14A968495DD1,0x359282C8,0x5F830A0)
4:718  0:000  - [11]: Volume: PciRoot(0x0)\Pci(0x17,0x0)\Sata(0x2,0xFFFF,0x0)\HD(11,GPT,343558A4-3245-47C8-AF0C-6556F26770A3,0x3B8AB368,0x135F20)
4:731  0:012  Loading nvram.plist from Vol '10.13Beta' - loaded, size=3437
4:732  0:001  === [ PutNvramPlistToRtVars ] =============================
4:732  0:000   Adding Key: Clover.LogLineCount: Size = 1, Data: 30 
4:732  0:000   Adding Key: Clover.NVRamDisk: Size = 3, Data: 59 65 73 
4:732  0:000   Adding Key: EFIBluetoothDelay: Size = 2, Data: B8 0B 
4:732  0:000   Adding Key: EFILoginHiDPI: Size = 4, Data: 00 00 00 00 
4:732  0:000   Skipping EmuVariableUefiPresent
4:732  0:000   Adding Key: LocationServicesEnabled: Size = 1, Data: 01 
4:732  0:000   Skipping OsxAptioFixDrv-RelocBase
4:732  0:000   Adding Key: SystemAudioVolume: Size = 1, Data: 1F 
4:732  0:000   Adding Key: SystemAudioVolumeDB: Size = 1, Data: D6 
4:732  0:000   Adding Key: backlight-level: Size = 2, Data: BF 01 
4:732  0:000   Adding Key: bluetoothActiveControllerInfo: Size = 16, Data: 2A 0A 87 80 00 00 00 00 70 14 84 EF 18 B6 B5 A1 
4:732  0:000   Adding Key: boot-args: String: Size = 15, Val = 'kext-dev-mode=1'
4:732  0:000   Adding Key: bootercfg: Size = 2, Data: 28 00 
4:732  0:000   Adding Key: csr-active-config: Size = 4, Data: 67 00 00 00 
4:732  0:000   Adding Key: fakesmc-key-#KEY-ui32: Size = 4, Data: 00 00 00 12 
4:732  0:000   Adding Key: fakesmc-key-$Adr-ui32: Size = 4, Data: 00 00 03 00 
4:732  0:000   Adding Key: fakesmc-key-$Num-ui8: Size = 1, Data: 01 
4:732  0:000   Adding Key: fakesmc-key-BATP-flag: Size = 1, Data: 00 
4:732  0:000   Adding Key: fakesmc-key-BBIN-ui8: Size = 1, Data: 01 
4:732  0:000   Adding Key: fakesmc-key-BEMB-flag: Size = 1, Data: 01 
4:732  0:000   Adding Key: fakesmc-key-BNum-ui8: Size = 1, Data: 01 
4:732  0:000   Adding Key: fakesmc-key-EPCI-ui32: Size = 4, Data: 09 20 F0 00 
4:732  0:000   Adding Key: fakesmc-key-MSAc-ui16: Size = 2, Data: 00 00 
4:732  0:000   Adding Key: fakesmc-key-MSFW-ui8: Size = 2, Data: 01 00 
4:732  0:000   Adding Key: fakesmc-key-MSLD-ui8: Size = 1, Data: 00 
4:732  0:000   Adding Key: fakesmc-key-MSPS-ui16: Size = 2, Data: 00 03 
4:732  0:000   Adding Key: fakesmc-key-MSTc-ui8: Size = 1, Data: 00 
4:732  0:000   Adding Key: fakesmc-key-MSWr-ui8: Size = 1, Data: 00 
4:732  0:000   Adding Key: fakesmc-key-RBr -ch8*: Size = 8, Data: 74 39 00 00 00 00 00 00 
4:732  0:000   Adding Key: fakesmc-key-REV -ch8*: Size = 6, Data: 02 36 0F 00 00 97 
4:732  0:000   Adding Key: fakesmc-key-RMde-char: Size = 1, Data: 41 
4:732  0:000   Adding Key: fakesmc-key-RPlt-ch8*: Size = 8, Data: 74 39 00 00 00 00 00 00 
4:732  0:000   Adding Key: flagstate: Size = 32, Data: 00 00 00 00 00 00 00 00 00 00 00 00 00 00 00 00 00 00 00 00 00 00 00 00 00 00 00 00 00 00 00 00 
4:732  0:000   Adding Key: fmm-computer-name: Size = 19, Data: 73 6B 79 E2 80 99 73 20 4D 61 63 42 6F 6F 6B 20 50 72 6F 
4:732  0:000   Adding Key: fmm-mobileme-token-FMM: Size = 665, Data: 62 70 6C 69 73 74 30 30 DD 01 02 03 04 05 06 07 08 09 0A 0B 0C 0D 0E 0F 16 17 0E 18 0E 19 1A 1B 1C 1D 1F 5F 10 0F 75 6E 72 65 67 69 73 74 65 72 53 74 61 74 65 58 75 73 65 72 49 6E 66 6F 59 61 75 74 68 54 6F 6B 65 6E 5F 10 11 6F 73 55 73 65 72 44 69 73 61 70 70 65 61 72 65 64 5E 64 69 73 61 62 6C 65 43 6F 6E 74 65 78 74 56 75 73 65 72 69 64 5D 65 6E 61 62 6C 65 43 6F 6E 74 65 78 74 58 75 73 65 72 6E 61 6D 65 58 70 65 72 73 6F 6E 49 44 57 61 64 64 54 69 6D 65 54 67 75 69 64 5F 10 12 65 6E 61 62 6C 65 64 44 61 74 61 63 6C 61 73 73 65 73 5F 10 13 64 61 74 61 63 6C 61 73 73 50 72 6F 70 65 72 74 69 65 73 10 00 D3 10 11 12 13 14 15 5F 10 15 49 6E 55 73 65 4F 77 6E 65 72 44 69 73 70 6C 61 79 4E 61 6D 65 5F 10 13 49 6E 55 73 65 4F 77 6E 65 72 46 69 72 73 74 4E 61 6D 65 5F 10 12 49 6E 55 73 65 4F 77 6E 65 72 4C 61 73 74 4E 61 6D 65 5A 53 6B 79 20 44 61 6C 69 61 6E 53 53 6B 79 56 44 61 6C 69 61 6E 5F 10 28 41 51 41 41 41 41 42 59 2D 44 4E 41 45 68 45 2D 6A 71 6D 71 43 34 6D 31 6F 38 53 45 6B 34 67 6B 65 6F 66 49 46 4E 73 7E 09 11 01 F5 5C 31 31 36 34 31 40 71 71 2E 63 6F 6D 5A 31 31 31 32 34 38 32 37 36 34 23 41 D6 3E 0C D0 FC 10 AE 5F 10 24 42 33 35 46 30 37 41 32 2D 32 41 36 37 2D 34 31 44 44 2D 39 35 43 36 2D 35 41 30 34 31 33 42 30 35 32 43 31 A1 1E 5F 10 21 63 6F 6D 2E 61 70 70 6C 65 2E 44 61 74 61 63 6C 61 73 73 2E 44 65 76 69 63 65 4C 6F 63 61 74 6F 72 D1 1E 20 D4 21 22 23 24 25 26 27 28 56 61 70 73 45 6E 76 58 68 6F 73 74 6E 61 6D 65 5D 61 75 74 68 4D 65 63 68 61 6E 69 73 6D 56 73 63 68 65 6D 65 5A 50 72 6F 64 75 63 74 69 6F 6E 5F 10 13 70 31 32 2D 66 6D 69 70 2E 69 63 6C 6F 75 64 2E 63 6F 6D 55 74 6F 6B 65 6E 55 68 74 74 70 73 00 08 00 23 00 35 00 3E 00 48 00 5C 00 6B 00 72 00 80 00 89 00 92 00 9A 00 9F 00 B4 00 CA 00 CC 00 D3 00 EB 01 01 01 16 01 21 01 25 01 2C 01 57 01 58 01 5B 01 68 01 73 01 7C 01 A3 01 A5 01 C9 01 CC 01 D5 01 DC 01 E5 01 F3 01 FA 02 05 02 1B 02 21 00 00 00 00 00 00 02 01 00 00 00 00 00 00 00 29 00 00 00 00 00 00 00 00 00 00 00 00 00 00 02 27 
4:732  0:000   Adding Key: platform-uuid: Size = 16, Data: 44 45 4C 4C 4A 00 10 57 80 30 C7 C0 4F 51 43 32 
4:732  0:000   Adding Key: security-mode: String: Size = 4, Val = 'none'
4:732  0:000   Adding Key: specialbootdevice: Size = 74, Data: 02 01 0C 00 D0 41 03 0A 00 00 00 00 01 01 06 00 00 17 03 12 0A 00 02 00 FF FF 00 00 04 01 2A 00 0A 00 00 00 C8 82 92 35 00 00 00 00 A0 30 F8 05 00 00 00 00 1F 80 7B 21 22 63 E2 47 BF D1 14 A9 68 49 5D D1 02 02 7F FF 04 00 
4:732  0:000  === [ InitTheme ] =========================================
4:734  0:001  Using theme 'BGM' (EFI\CLOVER\themes\BGM)
4:734  0:000  OS main and drive as badge
4:735  0:001  Loading font from ThemeDir: Success
4:736  0:000  Choosing theme BGM
4:736  0:000  found boot-args in NVRAM:kext-dev-mode=1, size=15
4:736  0:000  ...found arg:kext-dev-mode=1
4:736  0:000  ...adding arg:kext-dev-mode=1
4:736  0:000  after NVRAM boot-args=-lilubeta -alcbeta -igfxbeta -igdvmtbeta kext-dev-mode=1 
4:736  0:000  === [ Dump SMC keys from NVRAM ] ==========================
4:736  0:000  found AppleSMC protocol
4:736  0:000  === [ ScanLoader ] ========================================
4:736  0:000  - [01]: 'EFI'
4:750  0:013  - [04]: 'Install macOS 10.13 Beta'
4:751  0:001          AddLoaderEntry for Volume Name=Install macOS 10.13 Beta
4:753  0:001          [!] Icon 17 (icons\vol_internal_hfs.icns) not found (path: EFI\CLOVER\themes\BGM)
4:760  0:007  - [07]: '10.12.5'
4:763  0:003          AddLoaderEntry for Volume Name=10.12.5
4:767  0:003      hibernated: set as never
4:773  0:005  - [08]: 'Recovery HD'
4:773  0:000          AddLoaderEntry for Volume Name=Recovery HD
4:781  0:007  - [10]: '10.13Beta'
4:788  0:007          AddLoaderEntry for Volume Name=10.13Beta
4:797  0:008      hibernated: set as never
4:803  0:005  - [11]: 'Recovery HD'
4:803  0:000          AddLoaderEntry for Volume Name=Recovery HD
4:810  0:007  Scanning legacy ...
4:811  0:000   1: 'EFI' (clover) add legacy
4:811  0:000   added 'Boot Clover from EFI' OSType=3 Icon=clover
4:811  0:000   3: 'Legacy HD3' (vista,win) add legacy
4:812  0:000   added 'Boot Windows from Legacy HD3' OSType=2 Icon=vista,win
4:812  0:000  === [ AddCustomTool ] =====================================
4:813  0:000  found tool \EFI\CLOVER\tools\Shell64U.efi
4:814  0:001  EmuVariable InstallEmulation: EFI_ALREADY_STARTED
4:814  0:000  === [ GetEfiBootDeviceFromNvram ] =========================
4:814  0:000   - found entry 3. 'Boot macOS from 10.13Beta', Volume '10.13Beta', DevicePath 'PciRoot(0x0)\Pci(0x17,0x0)\Sata(0x2,0xFFFF,0x0)\HD(10,GPT,217B801F-6322-47E2-BFD1-14A968495DD1,0x359282C8,0x5F830A0)\System\Library\CoreServices\boot.efii'
4:814  0:000  EmuVariable UninstallEmulation: CloseEvent = Success, original var services restored
4:814  0:000  DefaultIndex=3 and MainMenu.EntryCount=12
5:193  0:378  GUI ready
96:003  90:809  BootVariable of the entry is empty
96:003  0:000  === [ StartLoader ] =======================================
96:003  0:000  Finally: Bus=100152kHz CPU=2904MHz
96:003  0:000  Loading boot.efi  status=Success
96:239  0:235  GetOSVersion: 10.13 (17A264c)
96:239  0:000  CSR_CFG: CSR_ALLOW_UNTRUSTED_KEXTS | CSR_ALLOW_UNRESTRICTED_FS | CSR_ALLOW_TASK_FOR_PID | CSR_ALLOW_UNRESTRICTED_DTRACE | CSR_ALLOW_UNRESTRICTED_NVRAM
96:239  0:000  Filtering KextPatches:
96:239  0:000   - [00]: com.apple.driver.AppleBacklight (change F%uT%04x to F%uTxxxx for AppleBacklightInjector.kext (credit RehabMan)) :: BinPatch :: [OS: 10.13 | MatchOS: All | MatchBuild: All] ==> allowed
96:239  0:000   - [01]: com.apple.iokit.IOAHCIBlockStorage (Enable TRIM for SSD) :: BinPatch :: [OS: 10.13 | MatchOS: All | MatchBuild: All] ==> allowed
96:239  0:000  Filtering KernelPatches:
96:239  0:000   - [00]: MSR 0xE2 _xcpm_idle instant reboot(c) Pike R. Alpha :: [OS: 10.13 | MatchOS: 10.12 | MatchBuild: no] ==> not allowed by OS
96:239  0:000  EmuVariable InstallEmulation: orig vars copied, emu.var.services installed, CreateEvent VirtualAddressChange = Success, CreateEvent ExitBootServices = Success, set Status=Success
96:265  0:025  === [ PatchSmbios ] =======================================
96:265  0:000  insert table 9 for dev 0:0
96:265  0:000  insert table 9 for dev 0:0
96:265  0:000  Trusting SMBIOS...
96:265  0:000  Detected alternating SMBIOS channel banks
96:266  0:000  Channels: 2
96:266  0:000  Interleave: 0 2 1 3 4 6 5 7 8 10 9 11 12 14 13 15 16 18 17 19 20 22 21 23
96:266  0:000   partNum=KHX2400C15S4/8G     
96:266  0:000  SMBIOS Type 17 Index = 0 => 0 0:
96:266  0:000  BANK 0 DIMM0 2400MHz 8192MB
96:266  0:000   partNum=KHX2400C15S4/8G     
96:266  0:000  SMBIOS Type 17 Index = 1 => 1 2:
96:266  0:000  BANK 1 DIMM0 2400MHz 8192MB
96:266  0:000  mTotalSystemMemory = 16384
96:266  0:000  NumberOfMemoryDevices = 2
96:266  0:000  Type20[0]->End = 0x7FFFFF, Type17[0] = 0x2000
96:266  0:000  Type20[1]->End = 0xFFFFFF, Type17[1] = 0x6000
96:266  0:000  Table 131 is present, CPUType=31
96:266  0:000  Change to: 705
96:266  0:000  === [ PatchACPI ] =========================================
96:266  0:000  RSDT 0x6F062028
96:266  0:000  FADT from RSDT: 0x6F0621E8
96:266  0:000  XSDT 0x6F0620C8
96:266  0:000  FADT from XSDT: 0x6F0846F0
96:266  0:000  Xsdt reallocation done
96:266  0:000  old FADT length=10C
96:266  0:000  Apply DsdtFixMask=0x08208005
96:266  0:000     drop _DSM mask=0x0000
96:266  0:000  === [ FixBiosDsdt ] =======================================
96:266  0:000  VideoCard devID=0x59168086
96:266  0:000  DisplayADR1[0] = 0x20000, DisplayADR2[0] = 0xFFFE
96:266  0:000  USBADR[0] = 0x140000 and PCIe = 0xFFFE
96:266  0:000  Found Airport BCM at 0x1C0004, 0x0
96:284  0:018  Audio HDA (addr:0x1F0003) setting specified layout-id=13 (0xD)
96:284  0:000  Patching DSDT:
96:284  0:000   - [change _DSM to XSDM]: pattern 5F44534D, patched at: [ (3BC7) (42D) (388) (388) (388) (388) (388) (388) (388) (388) (388) (388) (388) (388) (388) (388) (388) (388) (388) (388) (388) (388) (388) (388) (388) (1B52) (77) (29) (727) (100) (6) (703) (503) (11) (53) (22) (22) (33) (14) (24) (23B5) (D3) (D3) (D3) (D3) (D3) (BE) (BE) (CC) (104) (104) (37D) (5E9) (F2D) (14A) (9B) (34) (51) (3A44) (5A9) (5A9) (5A9) (5C2) (5A9) (5A9) (5A9) (5C2) (5A9) (5A9) (5A9) (5A9) (5A9) (5A9) (5A9) (5A9) (5A9) (5A9) (5A9) (21B5) (1DC6) ]
96:284  0:000   - [change OSID to IDOS]: pattern 4F534944, patched at: [ (1FF43) (145) (E2) (F) (69F) (10AA) ]
96:284  0:000   - [change _OSI to XOSI]: pattern 5F4F5349, patched at: [ (9871) (8037) (3) (11) (18) (1C) (1C) (1A) (18) (18) (18) (18) (E6F6) (3) (D) (D) (D) (13) (14) ]
96:285  0:000   - [change HDAS to HDEF]: pattern 48444153, patched at: [ (30C) (12) (12) (A759) (1584) (84) (D) (2B) (32) (4F) (6F) (C3) ]
96:285  0:000   - [change HECI to IMEI]: pattern 48454349, patched at: [ (10A04) ]
96:285  0:000   - [chang BRT6 to BRTX]: pattern 20425254, patched at: [ (206FF) ]
96:285  0:000   - [change GFX0 to IGPU]: pattern 47465830, patched at: [ (51) (12) (12) (12) (12) (12) (12) (12) (12) (12) (12) (12) (12) (12) (12) (12) (6A) (12) (355) (12) (50) (188) (12) (1D) (3407) (D1D1) (1B) (C5D) (A) (25BE) (14) (72AB) (154B) (3A0E) (20BD) (18) (18) (32) (11) (65) (32) (44) ]
96:285  0:000   - [change SAT0 to SATA]: pattern 53415430, patched at: [ (345) (D) (D) (16) (BF6B) (30) (EFAC) (3F) (14EF) (4E2) (2A) (29) (2E) (2E) (2E) (2E) (5282) ]
96:285  0:000  first CPU found at 9515 offset 9518
96:285  0:000  score candidate at 9511
96:285  0:000  score inserted in acpi_cpu_score _PR_
96:285  0:000  Found ACPI CPU: CPU0 | CPU1 | CPU2 | CPU3 | CPU4 | CPU5 | CPU6 | CPU7 , within the score: _PR_
96:286  0:000  Found PCIROOTUID = 0
96:286  0:000  patch HDEF in DSDT 
96:286  0:000  Start HDA Fix
96:286  0:000  found HDA device NAME(_ADR,0x001F0003) And Name is HDEF
96:286  0:000  NewName HDEF already present, renaming impossibble
96:286  0:000  Start _WAK Return Fix
96:286  0:000  _WAK Method find return data, don't need to patch.
96:287  0:000  return len=2255C
96:287  0:000  Start SHUTDOWN Fix len=2255C
96:287  0:000  === [ ACPIDropTables ] ====================================
96:287  0:000  Drop tables from Xsdt, SIGN=BGRT TableID= Length=56
96:287  0:000   Xsdt has tables count=30
96:287  0:000   Table: BGRT    56 dropped
96:287  0:000  Drop tables from Xsdt, SIGN=DMAR TableID=KBL  Length=240
96:287  0:000   Xsdt has tables count=29
96:287  0:000   Table: DMAR  KBL   240 dropped
96:287  0:000  Drop tables from Xsdt, SIGN=SLIC TableID=CBX3    Length=374
96:287  0:000   Xsdt has tables count=28
96:287  0:000   Table: SLIC  CBX3     374 dropped
96:287  0:000  Drop tables from Xsdt, SIGN=DBG2 TableID= Length=84
96:287  0:000   Xsdt has tables count=27
96:287  0:000   Table: DBG2    84 dropped
96:287  0:000  Drop tables from Xsdt, SIGN=DBGP TableID= Length=52
96:287  0:000   Xsdt has tables count=26
96:287  0:000   Table: DBGP    52 dropped
96:287  0:000  Drop tables from Xsdt, SIGN=SSDT TableID=sensrhub Length=671
96:287  0:000   Xsdt has tables count=25
96:287  0:000   Table: SSDT  sensrhub  671 dropped
96:287  0:000  Drop tables from Xsdt, SIGN=WSMT TableID=KBL-ULT Length=40
96:287  0:000   Xsdt has tables count=24
96:287  0:000   Table: WSMT  KBL-ULT  40 dropped
96:287  0:000  Drop tables from Xsdt, SIGN=LPIT TableID=KBL-ULT Length=148
96:287  0:000   Xsdt has tables count=23
96:287  0:000   Table: LPIT  KBL-ULT  148 dropped
96:287  0:000  Drop tables from Xsdt, SIGN=SSDT TableID=SataTabl Length=882
96:287  0:000   Xsdt has tables count=22
96:287  0:000   Table: SSDT  SataTabl  882 dropped
96:287  0:000  Drop tables from Xsdt, SIGN=FIDT TableID=CBX3    Length=156
96:287  0:000   Xsdt has tables count=21
96:287  0:000   Table: FIDT  CBX3     156 dropped
96:287  0:000  Drop tables from Xsdt, SIGN=FPDT TableID=CBX3    Length=68
96:287  0:000   Xsdt has tables count=20
96:287  0:000   Table: FPDT  CBX3     68 dropped
96:287  0:000  Drop tables from Xsdt, SIGN=FACP TableID=CBX3    Length=132
96:287  0:000   Xsdt has tables count=19
96:287  0:000  === [ PatchAllSSDT ] ======================================
96:287  0:000  Patch table: SSDT  SaSsdt  len=0x12E1
96:287  0:000  0. [change _DSM to XSDM]: pattern 5F44534D, patched at: [ (DCF) ]
96:287  0:000  1. [change OSID to IDOS]: pattern 4F534944, bin not found / already patched!
96:287  0:000  2. [change _OSI to XOSI]: pattern 5F4F5349, bin not found / already patched!
96:287  0:000  3. [change HDAS to HDEF]: pattern 48444153, bin not found / already patched!
96:287  0:000  4. [change HECI to IMEI]: pattern 48454349, bin not found / already patched!
96:287  0:000  5. [chang BRT6 to BRTX]: pattern 20425254, bin not found / already patched!
96:287  0:000  6. [change GFX0 to IGPU]: pattern 47465830, patched at: [ (2D) (54) (29F) (871) (1D) (6E2) ]
96:287  0:000  7. [change SAT0 to SATA]: pattern 53415430, bin not found / already patched!
96:287  0:000  Patch table: SSDT  xh_OEMBD len=0x6B4
96:287  0:000  0. [change _DSM to XSDM]: pattern 5F44534D, bin not found / already patched!
96:287  0:000  1. [change OSID to IDOS]: pattern 4F534944, bin not found / already patched!
96:287  0:000  2. [change _OSI to XOSI]: pattern 5F4F5349, bin not found / already patched!
96:287  0:000  3. [change HDAS to HDEF]: pattern 48444153, bin not found / already patched!
96:287  0:000  4. [change HECI to IMEI]: pattern 48454349, bin not found / already patched!
96:287  0:000  5. [chang BRT6 to BRTX]: pattern 20425254, bin not found / already patched!
96:287  0:000  6. [change GFX0 to IGPU]: pattern 47465830, bin not found / already patched!
96:287  0:000  7. [change SAT0 to SATA]: pattern 53415430, bin not found / already patched!
96:287  0:000  Patch table: SSDT  CpuSsdt len=0xEDE
96:287  0:000  0. [change _DSM to XSDM]: pattern 5F44534D, bin not found / already patched!
96:287  0:000  1. [change OSID to IDOS]: pattern 4F534944, bin not found / already patched!
96:287  0:000  2. [change _OSI to XOSI]: pattern 5F4F5349, bin not found / already patched!
96:287  0:000  3. [change HDAS to HDEF]: pattern 48444153, bin not found / already patched!
96:287  0:000  4. [change HECI to IMEI]: pattern 48454349, bin not found / already patched!
96:287  0:000  5. [chang BRT6 to BRTX]: pattern 20425254, bin not found / already patched!
96:287  0:000  6. [change GFX0 to IGPU]: pattern 47465830, bin not found / already patched!
96:287  0:000  7. [change SAT0 to SATA]: pattern 53415430, bin not found / already patched!
96:287  0:000  Patch table: SSDT  HdaDsp len=0x141
96:287  0:000  0. [change _DSM to XSDM]: pattern 5F44534D, bin not found / already patched!
96:287  0:000  1. [change OSID to IDOS]: pattern 4F534944, bin not found / already patched!
96:287  0:000  2. [change _OSI to XOSI]: pattern 5F4F5349, bin not found / already patched!
96:287  0:000  3. [change HDAS to HDEF]: pattern 48444153, patched at: [ (20) (48) ]
96:287  0:000  4. [change HECI to IMEI]: pattern 48454349, bin not found / already patched!
96:287  0:000  5. [chang BRT6 to BRTX]: pattern 20425254, bin not found / already patched!
96:287  0:000  6. [change GFX0 to IGPU]: pattern 47465830, bin not found / already patched!
96:287  0:000  7. [change SAT0 to SATA]: pattern 53415430, bin not found / already patched!
96:287  0:000  Patch table: SSDT  PtidDevc len=0x3002
96:287  0:000  0. [change _DSM to XSDM]: pattern 5F44534D, bin not found / already patched!
96:287  0:000  1. [change OSID to IDOS]: pattern 4F534944, bin not found / already patched!
96:287  0:000  2. [change _OSI to XOSI]: pattern 5F4F5349, bin not found / already patched!
96:287  0:000  3. [change HDAS to HDEF]: pattern 48444153, bin not found / already patched!
96:287  0:000  4. [change HECI to IMEI]: pattern 48454349, bin not found / already patched!
96:287  0:000  5. [chang BRT6 to BRTX]: pattern 20425254, bin not found / already patched!
96:287  0:000  6. [change GFX0 to IGPU]: pattern 47465830, bin not found / already patched!
96:287  0:000  7. [change SAT0 to SATA]: pattern 53415430, bin not found / already patched!
96:287  0:000  Patch table: SSDT  TbtTypeC len=0x215
96:287  0:000  0. [change _DSM to XSDM]: pattern 5F44534D, bin not found / already patched!
96:287  0:000  1. [change OSID to IDOS]: pattern 4F534944, bin not found / already patched!
96:287  0:000  2. [change _OSI to XOSI]: pattern 5F4F5349, bin not found / already patched!
96:287  0:000  3. [change HDAS to HDEF]: pattern 48444153, bin not found / already patched!
96:287  0:000  4. [change HECI to IMEI]: pattern 48454349, bin not found / already patched!
96:287  0:000  5. [chang BRT6 to BRTX]: pattern 20425254, bin not found / already patched!
96:287  0:000  6. [change GFX0 to IGPU]: pattern 47465830, bin not found / already patched!
96:287  0:000  7. [change SAT0 to SATA]: pattern 53415430, bin not found / already patched!
96:287  0:000  Patch table: SSDT  DptfTabl len=0x5C25
96:287  0:000  0. [change _DSM to XSDM]: pattern 5F44534D, bin not found / already patched!
96:287  0:000  1. [change OSID to IDOS]: pattern 4F534944, bin not found / already patched!
96:287  0:000  2. [change _OSI to XOSI]: pattern 5F4F5349, bin not found / already patched!
96:287  0:000  3. [change HDAS to HDEF]: pattern 48444153, bin not found / already patched!
96:287  0:000  4. [change HECI to IMEI]: pattern 48454349, bin not found / already patched!
96:287  0:000  5. [chang BRT6 to BRTX]: pattern 20425254, bin not found / already patched!
96:287  0:000  6. [change GFX0 to IGPU]: pattern 47465830, bin not found / already patched!
96:287  0:000  7. [change SAT0 to SATA]: pattern 53415430, bin not found / already patched!
96:287  0:000  Patch table: SSDT  SgUlt len=0x41D
96:287  0:000  0. [change _DSM to XSDM]: pattern 5F44534D, bin not found / already patched!
96:287  0:000  1. [change OSID to IDOS]: pattern 4F534944, bin not found / already patched!
96:287  0:000  2. [change _OSI to XOSI]: pattern 5F4F5349, bin not found / already patched!
96:287  0:000  3. [change HDAS to HDEF]: pattern 48444153, bin not found / already patched!
96:287  0:000  4. [change HECI to IMEI]: pattern 48454349, bin not found / already patched!
96:287  0:000  5. [chang BRT6 to BRTX]: pattern 20425254, bin not found / already patched!
96:287  0:000  6. [change GFX0 to IGPU]: pattern 47465830, bin not found / already patched!
96:287  0:000  7. [change SAT0 to SATA]: pattern 53415430, bin not found / already patched!
96:287  0:000  Patch table: SSDT  SgPch len=0x752
96:287  0:000  0. [change _DSM to XSDM]: pattern 5F44534D, bin not found / already patched!
96:287  0:000  1. [change OSID to IDOS]: pattern 4F534944, bin not found / already patched!
96:287  0:000  2. [change _OSI to XOSI]: pattern 5F4F5349, bin not found / already patched!
96:287  0:000  3. [change HDAS to HDEF]: pattern 48444153, bin not found / already patched!
96:287  0:000  4. [change HECI to IMEI]: pattern 48454349, bin not found / already patched!
96:287  0:000  5. [chang BRT6 to BRTX]: pattern 20425254, bin not found / already patched!
96:287  0:000  6. [change GFX0 to IGPU]: pattern 47465830, bin not found / already patched!
96:287  0:000  7. [change SAT0 to SATA]: pattern 53415430, bin not found / already patched!
96:287  0:000  Patch table: SSDT  OptTabl len=0x1E60
96:287  0:000  0. [change _DSM to XSDM]: pattern 5F44534D, patched at: [ (85) (633) (171C) (41) (11) ]
96:287  0:000  1. [change OSID to IDOS]: pattern 4F534944, bin not found / already patched!
96:287  0:000  2. [change _OSI to XOSI]: pattern 5F4F5349, bin not found / already patched!
96:287  0:000  3. [change HDAS to HDEF]: pattern 48444153, bin not found / already patched!
96:287  0:000  4. [change HECI to IMEI]: pattern 48454349, bin not found / already patched!
96:287  0:000  5. [chang BRT6 to BRTX]: pattern 20425254, bin not found / already patched!
96:287  0:000  6. [change GFX0 to IGPU]: pattern 47465830, patched at: [ (55) (28) (650) (A8) (527) (116D) (11) ]
96:287  0:000  7. [change SAT0 to SATA]: pattern 53415430, bin not found / already patched!
96:287  0:000  Drop tables from Xsdt, SIGN=XXXX TableID= Length=0
96:287  0:000   Xsdt has tables count=19
96:287  0:000  === [ ACPIPatchedAML ] ====================================
96:287  0:000  Sorted
96:287  0:000  Inserting table[0]:SSDT-Config.aml from EFI\CLOVER\ACPI\patched ... Success
96:287  0:000  Inserting table[1]:SSDT-XOSI.aml from EFI\CLOVER\ACPI\patched ... Success
96:288  0:000  Inserting table[2]:SSDT-IGPU-HD620.aml from EFI\CLOVER\ACPI\patched ... Success
96:288  0:000  Inserting table[3]:SSDT-Disable_DGPU.aml from EFI\CLOVER\ACPI\patched ... Success
96:288  0:000  Inserting table[4]:SSDT-PNLF.aml from EFI\CLOVER\ACPI\patched ... Success
96:288  0:000  Inserting table[5]:SSDT-Dell_FN.aml from EFI\CLOVER\ACPI\patched ... Success
96:288  0:000  Inserting table[6]:SSDT-SATA.aml from EFI\CLOVER\ACPI\patched ... Success
96:288  0:000  Inserting table[7]:SSDT-PluginType1.aml from EFI\CLOVER\ACPI\patched ... Success
96:288  0:000  Inserting table[8]:SSDT-LPC.aml from EFI\CLOVER\ACPI\patched ... Success
96:288  0:000  Inserting table[9]:ssdt.aml from EFI\CLOVER\ACPI\patched ... Success
96:288  0:000  CPUBase=0 and ApicCPUBase=1 ApicCPUNum=1
96:288  0:000  === [ RestSetup macOS ] ===================================
96:288  0:000  EdidDiscovered size=0
96:288  0:000  Intel HD Graphics 620 [8086:5916] :: PciRoot(0x0)\Pci(0x2,0x0)
96:288  0:000    Found Full HD Display - 16:9 :: Width=1920 Height=1080
96:288  0:000    IntelHDMI: used
96:288  0:000    AAPL00,override-no-connect: added
96:288  0:000    AAPL00,DualLink = 1
96:288  0:000    FakeID Intel GFX = 0x19168086
96:288  0:000    ig-platform-id = 0x19160000
96:288  0:000  Intel GFX revision  = 0x2
96:288  0:000   RCBA disabled; cannot use it
96:288  0:000   setting specified layout-id=13 (0xD)
96:288  0:000  stringlength = 3144
96:289  0:000  CurrentMode: Width=1920 Height=1080
96:289  0:000  Beginning FSInjection
FSInjectionInstall ...
- Our FSI_SIMPLE_FILE_SYSTEM_PROTOCOL installed on handle: 6BECB618
FSInjectionInstall ...
- Our FSI_SIMPLE_FILE_SYSTEM_PROTOCOL installed on handle: 6BECB618
96:289  0:000  Remap smbios table type 1 guid.
96:291  0:001  Preparing kexts injection for arch=x86_64 from EFI\CLOVER\kexts\Other
96:291  0:000    Extra kext: EFI\CLOVER\kexts\Other\ACPIBatteryManager.kext
96:294  0:002    Extra kext: EFI\CLOVER\kexts\Other\AppleALC.kext
96:295  0:001      Extra PlugIn kext: EFI\CLOVER\kexts\Other\AppleALC.kext\Contents\PlugIns\PinConfigs.kext
96:296  0:001    Extra kext: EFI\CLOVER\kexts\Other\Lilu.kext
96:301  0:004    Extra kext: EFI\CLOVER\kexts\Other\BrcmFirmwareData.kext
96:308  0:007    Extra kext: EFI\CLOVER\kexts\Other\BrcmPatchRAM2.kext
96:324  0:015    Extra kext: EFI\CLOVER\kexts\Other\CodecCommander.kext
96:330  0:005    Extra kext: EFI\CLOVER\kexts\Other\FakePCIID.kext
96:332  0:002    Extra kext: EFI\CLOVER\kexts\Other\FakePCIID_Broadcom_WiFi.kext
96:335  0:003    Extra kext: EFI\CLOVER\kexts\Other\FakePCIID_Intel_HD_Graphics.kext
96:337  0:002    Extra kext: EFI\CLOVER\kexts\Other\FakeSMC.kext
96:345  0:007      Extra PlugIn kext: EFI\CLOVER\kexts\Other\FakeSMC.kext\Contents\PlugIns\ACPISensors.kext
96:350  0:005      Extra PlugIn kext: EFI\CLOVER\kexts\Other\FakeSMC.kext\Contents\PlugIns\CPUSensors.kext
96:353  0:003      Extra PlugIn kext: EFI\CLOVER\kexts\Other\FakeSMC.kext\Contents\PlugIns\GPUSensors.kext
96:358  0:005      Extra PlugIn kext: EFI\CLOVER\kexts\Other\FakeSMC.kext\Contents\PlugIns\LPCSensors.kext
96:387  0:028    Extra kext: EFI\CLOVER\kexts\Other\IntelGraphicsDVMTFixup.kext
96:391  0:004    Extra kext: EFI\CLOVER\kexts\Other\IntelGraphicsFixup.kext
96:396  0:005    Extra kext: EFI\CLOVER\kexts\Other\RealtekRTL8111.kext
96:402  0:005    Extra kext: EFI\CLOVER\kexts\Other\SATA-100-series-unsupported.kext
96:404  0:001    Extra kext: EFI\CLOVER\kexts\Other\VoodooPS2Controller.kext
96:409  0:005      Extra PlugIn kext: EFI\CLOVER\kexts\Other\VoodooPS2Controller.kext\Contents\PlugIns\VoodooPS2Keyboard.kext
96:432  0:023      Extra PlugIn kext: EFI\CLOVER\kexts\Other\VoodooPS2Controller.kext\Contents\PlugIns\VoodooPS2Mouse.kext
96:438  0:005      Extra PlugIn kext: EFI\CLOVER\kexts\Other\VoodooPS2Controller.kext\Contents\PlugIns\VoodooPS2Trackpad.kext
96:453  0:015    Extra kext: EFI\CLOVER\kexts\Other\FakePCIID_Intel_GbX.kext
96:458  0:004    Extra kext: EFI\CLOVER\kexts\Other\BrcmWLFixup.kext
96:463  0:005    Extra kext: EFI\CLOVER\kexts\Other\FakePCIID_AR9280_as_AR946x.kext
96:468  0:005    Extra kext: EFI\CLOVER\kexts\Other\FakePCIID_BCM57XX_as_BCM57765.kext
96:476  0:007    Extra kext: EFI\CLOVER\kexts\Other\FakePCIID_Intel_HDMI_Audio.kext
96:484  0:007    Extra kext: EFI\CLOVER\kexts\Other\FakePCIID_XHCIMux.kext
96:491  0:007  Custom boot is disabled
96:491  0:000  Closing log
