0:100  0:100  MemLog inited, TSC freq: 2808397630
0:100  0:000  CPU was calibrated with RTC
0:100  0:000  
0:100  0:000  Now is 4.5.2018,  13:16:37 (GMT)
0:100  0:000  Starting Clover revision: 4449 on American Megatrends EFI
0:100  0:000  Build with: [Args: -t XCODE8 -mc -D DISABLE_USB_SUPPORT | -D DISABLE_USB_SUPPORT -D USE_BIOS_BLOCKIO -D USE_LOW_EBDA -a X64 -b RELEASE -t XCODE8 -n 5 | OS: 10.13.4 | XCODE: 9.3]
0:100  0:000  SelfDevicePath=PciRoot(0x0)\Pci(0x17,0x0)\Sata(0x1,0xFFFF,0x0)\HD(1,GPT,B1D49BC9-0814-48FE-89FF-972E85B9B799,0x28,0x64000) @81CA0A98
0:100  0:000  SelfDirPath = \EFI\BOOT
0:102  0:002  === [ Get Smbios ] ========================================
0:102  0:000  Type 16 Index = 0
0:102  0:000  Total Memory Slots Count = 4
0:102  0:000  Type 17 Index = 0
0:102  0:000  Ignoring insane frequency value 0MHz
0:102  0:000  SmbiosTable.Type17->Speed = 0MHz
0:102  0:000  SmbiosTable.Type17->Size = 0MB
0:102  0:000  SmbiosTable.Type17->Bank/Device = BANK 0 ChannelA-DIMM0
0:102  0:000  SmbiosTable.Type17->Vendor = <null string>
0:102  0:000  SmbiosTable.Type17->SerialNumber = <null string>
0:102  0:000  SmbiosTable.Type17->PartNumber = <null string>
0:102  0:000  Type 17 Index = 1
0:102  0:000  Ignoring insane frequency value 0MHz
0:102  0:000  SmbiosTable.Type17->Speed = 0MHz
0:102  0:000  SmbiosTable.Type17->Size = 0MB
0:102  0:000  SmbiosTable.Type17->Bank/Device = BANK 1 ChannelA-DIMM1
0:102  0:000  SmbiosTable.Type17->Vendor = <null string>
0:102  0:000  SmbiosTable.Type17->SerialNumber = <null string>
0:102  0:000  SmbiosTable.Type17->PartNumber = <null string>
0:102  0:000  Type 17 Index = 2
0:102  0:000  Ignoring insane frequency value 0MHz
0:102  0:000  SmbiosTable.Type17->Speed = 0MHz
0:102  0:000  SmbiosTable.Type17->Size = 0MB
0:102  0:000  SmbiosTable.Type17->Bank/Device = BANK 2 ChannelB-DIMM0
0:102  0:000  SmbiosTable.Type17->Vendor = <null string>
0:102  0:000  SmbiosTable.Type17->SerialNumber = <null string>
0:102  0:000  SmbiosTable.Type17->PartNumber = <null string>
0:102  0:000  Type 17 Index = 3
0:102  0:000  SmbiosTable.Type17->Speed = 2400MHz
0:102  0:000  SmbiosTable.Type17->Size = 8192MB
0:102  0:000  SmbiosTable.Type17->Bank/Device = BANK 3 ChannelB-DIMM1
0:102  0:000  SmbiosTable.Type17->Vendor = 04CB
0:102  0:000  SmbiosTable.Type17->SerialNumber = B8D80300
0:102  0:000  SmbiosTable.Type17->PartNumber =                     
0:102  0:000  Boot status=0
0:102  0:000  Running on: 'B360M-D3H' with board 'B360M D3H-CF'
0:102  0:000  === [ GetCPUProperties ] ==================================
0:102  0:000  CPU Vendor = 756E6547 Model=906EA
0:102  0:000   The CPU supported SSE4.1
0:102  0:000  BrandString = Intel(R) Core(TM) i5-8400 CPU @ 2.80GHz
0:102  0:000   The CPU supported turbo
0:102  0:000  MSR 0x35               60006
0:102  0:000   TSC/CCC Information Leaf:
0:102  0:000    numerator     : 234
0:102  0:000    denominator   : 2
0:102  0:000   Calibrated ARTFrequency: 24003398
0:102  0:000  MSR 0xE2 before patch 1E008000
0:102  0:000  MSR 0xE2 is locked, PM patches will be turned on
0:102  0:000  MSR 0xCE              00080838_F1011C00
0:102  0:000  corrected FLEX_RATIO = 0
0:102  0:000  FSBFrequency = 104 MHz, DMI FSBFrequency = 100 MHz, Corrected FSBFrequency = 100 MHz
0:102  0:000  MaxDiv/MinDiv: 28.0/8
0:102  0:000  Turbo: 39/39/39/40
0:102  0:000  Features: 0xBFEBFBFF
0:102  0:000  Threads: 6
0:102  0:000  Cores: 6
0:102  0:000  FSB: 100 MHz
0:102  0:000  CPU: 2900 MHz
0:102  0:000  TSC: 2900 MHz
0:102  0:000  PIS: 100 MHz
0:102  0:000  ExternalClock: 25 MHz
0:102  0:000  === [ GetDevices ] ========================================
0:102  0:000  PCI (00|00:00.00) : 8086 3EC2 class=060000
0:102  0:000  PCI (00|00:02.00) : 8086 3E92 class=030000
0:102  0:000   - GFX: Model=Intel UHD Graphics 630 (Intel)
0:102  0:000  PCI (00|00:12.00) : 8086 A379 class=118000
0:102  0:000  PCI (00|00:14.00) : 8086 A36D class=0C0330
0:102  0:000  PCI (00|00:14.02) : 8086 A36F class=050000
0:102  0:000  PCI (00|00:16.00) : 8086 A360 class=078000
0:102  0:000  PCI (00|00:17.00) : 8086 A352 class=010601
0:102  0:000  PCI (00|00:1D.00) : 8086 A330 class=060400
0:102  0:000  PCI (00|00:1D.03) : 8086 A333 class=060400
0:102  0:000  PCI (00|02:00.00) : 1283 8892 class=060401
0:102  0:000  PCI (00|00:1F.00) : 8086 A308 class=060100
0:102  0:000  PCI (00|00:1F.03) : 8086 A348 class=040300
0:102  0:000  PCI (00|00:1F.04) : 8086 A323 class=0C0500
0:102  0:000  PCI (00|00:1F.05) : 8086 A324 class=0C8000
0:102  0:000  PCI (00|00:1F.06) : 8086 15BC class=020000
0:102  0:000   - LAN: 0 Vendor=Intel
0:102  0:000  === [ GetDefaultSettings ] ================================
0:102  0:000  Clover load options size = 0 bytes
0:110  0:007  EFI\CLOVER\config.plist loaded: Success
0:114  0:004  === [ GetListOfThemes ] ===================================
0:116  0:001  - [00]: random
0:117  0:001  - [00]: embedded
0:121  0:003  === [ Found config plists ] ===============================
0:122  0:001  - config.plist
0:123  0:000  === [ GetEarlyUserSettings ] ==============================
0:123  0:000  timeout set to 5
0:123  0:000  Custom boot CUSTOM_BOOT_DISABLED (0x0)
0:135  0:011  FakeCPUID: 506E3
0:143  0:008  KextsToPatch: 8 requested
0:152  0:008   - [00]: AppleAHCIPort (External icons patch) :: BinPatch :: data len: 8
0:190  0:037   - [01]: com.apple.driver.usb.AppleUSBXHCI (Remove USB port limit in XHCI kext) :: MatchOS: 10.13.x :: BinPatch :: data len: 10
0:231  0:041   - [02]: AppleIntelKBLGraphicsFramebuffer (KBL-5912000-Port_0x6_HDMI) :: BinPatch :: data len: 12
0:264  0:033   - [03]: AppleIntelKBLGraphicsFramebuffer (KBL-5912000-Port_0x7_DP) :: BinPatch :: data len: 12
0:298  0:033   - [04]: AppleIntelKBLGraphicsFramebuffer (KBL-5912000-Port_0x5_HDMI) :: BinPatch :: data len: 12
0:336  0:037   - [05]: AppleHDA (10.12-AppleHDA/Realtek ALC...) :: BinPatch :: data len: 4
0:369  0:032   - [06]: AppleHDA (10.9-10.12-AppleHDA/Realtek ALC892) :: BinPatch :: data len: 4
0:401  0:032   - [07]: AppleHDA (AppleHDA/Resources/xml>zml) :: BinPatch :: data len: 6
0:434  0:032  Default theme: embedded
0:443  0:008  Hiding entries with string Windows
0:451  0:008  Hiding entries with string BOOTX64.EFI
0:459  0:007  === [ LoadDrivers ] =======================================
0:805  0:346  Loading OsxFatBinaryDrv-64.efi  status=Success
0:834  0:028  Loading HFSPlus.efi  status=Success
0:862  0:028   - driver needs connecting
0:871  0:008  Loading AppleImageCodec-64.efi  status=Success
0:898  0:027  Loading AppleUITheme-64.efi  status=Success
0:925  0:027  Loading DataHubDxe-64.efi  status=Success
0:954  0:028  Loading AppleKeyAggregator-64.efi  status=Success
0:981  0:027  Loading apfs.efi  status=Success
1:012  0:031   - driver needs connecting
1:024  0:011  Loading OsxAptioFix2Drv-64.efi  status=Success
1:052  0:027  Loading FSInject-64.efi  status=Success
1:080  0:027  Loading FirmwareVolume-64.efi  status=Success
1:107  0:027  Loading SMCHelper-64.efi  status=Success
1:135  0:027  2 drivers needs connecting ...
1:143  0:008  PlatformDriverOverrideProtocol not found. Installing ... Success
1:159  0:016  HFS+ driver loaded
1:168  0:008  APFS driver loaded
1:175  0:007  Searching for invalid DiskIo BY_DRIVER connects: not found, all ok
1:592  0:417  === [ InitScreen ] ========================================
1:947  0:355  SetScreenResolution: 1920x1080 - setting Mode 0
1:980  0:032  Video mode change to mode #0: Success
1:988  0:008  Console modes reported: 6, available modes:
1:996  0:008   - [01]: 80x25 (current mode)
2:004  0:007   - [02]: 80x50
2:012  0:008   - [03]: 100x31
2:021  0:008   - [04]: 127x33
2:028  0:007   - [06]: 120x50
2:037  0:008  reinit: self device path=PciRoot(0x0)\Pci(0x17,0x0)\Sata(0x1,0xFFFF,0x0)\HD(1,GPT,B1D49BC9-0814-48FE-89FF-972E85B9B799,0x28,0x64000)
2:051  0:013  Using embedded font: Success
2:059  0:008  === [ GetMacAddress ] =====================================
2:385  0:325  MAC address of LAN #0= E0:D5:5E:86:BA:F8:
2:451  0:066  === [ ScanSPD ] ===========================================
2:823  0:372  SMBus device : 8086 A323 class=0C0500 status=Success
2:831  0:007  SMBus CmdReg: 0x1
2:840  0:008  Scanning SMBus [8086:A323], mmio: 0x4, ioport: 0xEFA0, hostc: 0x11
2:848  0:008  Slots to scan [8]...
2:860  0:011  SPD[3]: Type 12 @0x53
2:886  0:026  DDR speed 2400MHz
2:895  0:008  Slot: 3 Type 26 8192MB 2400MHz Vendor=A-DATA Technology PartNo= SerialNo=0B080D0800030000
2:904  0:008  === [ GetAcpiTablesList ] =================================
3:195  0:291  Get Acpi Tables List from RSDT:
3:211  0:016   - [00]: FACP  A M I  len=132
3:220  0:008   - [01]: APIC  A M I  len=160
3:228  0:008   - [02]: FPDT  A M I  len=68
3:235  0:007   - [03]: FIDT  A M I len=156
3:244  0:008   - [04]: MCFG  A M I  len=60
3:255  0:011   - [05]: SSDT  SataTabl len=820
3:263  0:007   - [06]: SSDT  CpuSsdt len=6091
3:271  0:008   - [07]: SSDT  GSWApp len=27880
3:280  0:008   - [08]: SSDT  SaSsdt  len=12743
3:288  0:007   - [09]: HPET  A M I  len=56
3:296  0:008   - [10]: SSDT  CflS_Rvp len=9010
3:305  0:008   - [11]: SSDT  Ther_Rvp len=3998
3:313  0:008   - [12]: SSDT  xh_cfsd4 len=10652
3:321  0:007   - [13]: UEFI  A M I  len=66
3:329  0:008   - [14]: LPIT  A M I  len=92
3:338  0:008   - [15]: SSDT  PtidDevc len=10206
3:349  0:010   - [16]: SSDT  TbtTypeC len=4094
3:357  0:008   - [17]: DBGP  A M I  len=52
3:366  0:008   - [18]: DBG2  A M I  len=84
3:374  0:008   - [19]: BGRT  A M I  len=56
3:383  0:008   - [20]: WSMT  A M I  len=40
3:391  0:008  Calibrated TSC Frequency = 2808397630 = 2808MHz
3:400  0:008  === [ GetUserSettings ] ===================================
3:706  0:305  USB FixOwnership: yes
3:714  0:008  Dropping 3 tables:
3:723  0:008   - [00]: Drop table  signature="MATS" (5354414D)
3:792  0:068           - set table: 5354414D,                0 to drop: no
3:809  0:017   - [01]: Drop table  signature="SSDT" (54445353) table-id="CpuPm" (0000006D50757043)
3:934  0:124           - set table: 54445353,       6D50757043 to drop: no
3:950  0:016   - [02]: Drop table  signature="SSDT" (54445353) table-id="CpuCst" (0000747343757043)
4:081  0:131           - set table: 54445353,     747343757043 to drop: no
4:099  0:017   - final DSDT Fix mask=00000004
4:107  0:008  PatchesDSDT: 4 requested
4:119  0:011   - [00]: (change HDAS to HDEF) lenToFind: 4, lenToReplace: 4, Target Bridge: <null string>
4:161  0:042   - [01]: (change GFX0 to IGPU) lenToFind: 4, lenToReplace: 4, Target Bridge: <null string>
4:201  0:040   - [02]: (change AZAL to HDEF) lenToFind: 4, lenToReplace: 4, Target Bridge: <null string>
4:242  0:041   - [03]: (change SAT0 to SATA) lenToFind: 4, lenToReplace: 4, Target Bridge: <null string>
4:284  0:041  EnableC6: yes
4:292  0:007  PluginType: 1
4:300  0:008  Using ProductName from config: iMac17,1
4:312  0:012  Found same BiosVersion in clover and config
4:320  0:007  BiosVersion: IM171.88Z.0151.B00.1802080854
4:329  0:008  BiosReleaseDate: 02/08/2018
4:338  0:008  Using FirmwareFeatures from config: 0xFC0FE137
4:346  0:008  Using FirmwareFeaturesMask from config: 0xFF1FFF3F
4:354  0:008  Board-ID set from config as Mac-B809C3757DA9BB8D
4:363  0:008  BoardType: 0xA
4:371  0:008  ChassisType: 0x9
4:942  0:571  === [ ScanVolumes ] =======================================
5:242  0:299  Found 13 volumes with blockIO
5:248  0:006  - [00]: Volume: PciRoot(0x0)\Pci(0x17,0x0)\Sata(0x0,0xFFFF,0x0)
5:268  0:019  - [01]: Volume: PciRoot(0x0)\Pci(0x17,0x0)\Sata(0x1,0xFFFF,0x0)
5:282  0:014  - [02]: Volume: PciRoot(0x0)\Pci(0x17,0x0)\Sata(0x0,0xFFFF,0x0)\HD(1,GPT,0E65B96B-FA90-4A69-87FD-FA6410D45CE1,0x800,0xF9800)
5:298  0:015          Result of bootcode detection: bootable Windows (vista,win)
5:306  0:007  - [03]: Volume: PciRoot(0x0)\Pci(0x17,0x0)\Sata(0x0,0xFFFF,0x0)\HD(2,GPT,00953ACC-F947-455A-A061-8B870028DD13,0x12C000,0x8000)
5:325  0:018  - [04]: Volume: PciRoot(0x0)\Pci(0x17,0x0)\Sata(0x0,0xFFFF,0x0)\HD(3,GPT,8367ED57-CCFE-434D-88C1-3E8752DA03B9,0x134000,0x7B8C000)
5:340  0:015  - [05]: Volume: PciRoot(0x0)\Pci(0x17,0x0)\Sata(0x0,0xFFFF,0x0)\HD(4,GPT,65001817-1A44-4B9F-A972-7C3003287A1F,0x7D00000,0x4E20000)
5:356  0:015          Result of bootcode detection: bootable Windows (vista,win)
5:363  0:006  - [06]: Volume: PciRoot(0x0)\Pci(0x17,0x0)\Sata(0x0,0xFFFF,0x0)\HD(5,GPT,B86482F9-7FB7-4856-ADE1-6DC95FDADB8E,0xCB20000,0x106A5000)
5:381  0:018          Result of bootcode detection: bootable Windows (vista,win)
5:388  0:006  - [07]: Volume: PciRoot(0x0)\Pci(0x17,0x0)\Sata(0x1,0xFFFF,0x0)\HD(1,GPT,B1D49BC9-0814-48FE-89FF-972E85B9B799,0x28,0x64000)
5:403  0:015          Result of bootcode detection: bootable unknown (legacy)
5:411  0:007          This is SelfVolume !!
5:418  0:006  - [08]: Volume: PciRoot(0x0)\Pci(0x17,0x0)\Sata(0x1,0xFFFF,0x0)\HD(2,GPT,0BB1A2C8-40EC-49C9-9F73-AA3DC8DC01DF,0x64028,0x1D79BFB0)
5:436  0:018          Result of bootcode detection: bootable unknown (legacy)
5:442  0:006  - [09]: Volume: PciRoot(0x0)\Pci(0x17,0x0)\Sata(0x1,0xFFFF,0x0)\HD(2,GPT,0BB1A2C8-40EC-49C9-9F73-AA3DC8DC01DF,0x64028,0x1D79BFB0)\VenMedia(BE74FCF7-0B7C-49F3-9147-01F4042E6842,74C7D5FD42CF5F4991412B245DB82371)
5:458  0:015  - [10]: Volume: PciRoot(0x0)\Pci(0x17,0x0)\Sata(0x1,0xFFFF,0x0)\HD(2,GPT,0BB1A2C8-40EC-49C9-9F73-AA3DC8DC01DF,0x64028,0x1D79BFB0)\VenMedia(BE74FCF7-0B7C-49F3-9147-01F4042E6842,0E3817A7DAE9F34C848046D6DDFA4A7B)
5:474  0:016  - [11]: Volume: PciRoot(0x0)\Pci(0x17,0x0)\Sata(0x1,0xFFFF,0x0)\HD(2,GPT,0BB1A2C8-40EC-49C9-9F73-AA3DC8DC01DF,0x64028,0x1D79BFB0)\VenMedia(BE74FCF7-0B7C-49F3-9147-01F4042E6842,E84DD6769BFE104796B827BB1D45F92C)
5:489  0:014  - [12]: Volume: PciRoot(0x0)\Pci(0x17,0x0)\Sata(0x1,0xFFFF,0x0)\HD(2,GPT,0BB1A2C8-40EC-49C9-9F73-AA3DC8DC01DF,0x64028,0x1D79BFB0)\VenMedia(BE74FCF7-0B7C-49F3-9147-01F4042E6842,9E9A35246E81E842A4F0742256DA6A91)
5:507  0:017  === [ InitTheme ] =========================================
5:817  0:310   using embedded theme
5:824  0:006  Using embedded font: Success
5:831  0:007  Choosing theme <null string>
5:839  0:007  after NVRAM boot-args=-v slide=0 dart=0 darkwake=8 npci=0x2000 nvda_drv=1 nv_disable=1 -gux_defer_usb2 kext-dev-mode=1 -disablegfxfirmware
5:846  0:007  === [ Dump SMC keys from NVRAM ] ==========================
6:048  0:201  found AppleSMC protocol
6:077  0:029  Registered 16 SMC keys
6:090  0:012  === [ ScanLoader ] ========================================
6:395  0:305  - [07]: 'EFI'
6:423  0:027  - [09]: 'Preboot'
6:450  0:027          AddLoaderEntry for Volume Name=Preboot
6:471  0:020      Check if volume Is Hibernated:
6:478  0:007      Check sleep image 'by signature':
6:486  0:008      using default sleep image name = \private\var\vm\sleepimage
6:494  0:008      sleepimage not found -> Not Found
6:502  0:007      hibernated: no - sign
6:514  0:012          AddLoaderEntry for Volume Name=Preboot
6:544  0:029  - [10]: 'MacOS'
6:588  0:044          AddLoaderEntry for Volume Name=MacOS
6:736  0:147          AddLoaderEntry for Volume Name=MacOS
6:765  0:029      Check if volume Is Hibernated:
6:772  0:007      Check sleep image 'by signature':
6:819  0:046      read prefs \Library\Preferences\com.apple.PowerManagement.plist status=Success
6:826  0:006      using default sleep image name = \private\var\vm\sleepimage
6:852  0:026      sleepimage not found -> Not Found
6:861  0:009      hibernated: no - sign
6:881  0:019  - [11]: 'Recovery'
6:905  0:024          AddLoaderEntry for Volume Name=Recovery
6:931  0:025  - [12]: 'VM'
6:947  0:016  === [ AddCustomTool ] =====================================
7:230  0:282  found tool \EFI\CLOVER\tools\Shell64U.efi
7:238  0:007  Checking EFI partition Volume 7 for Clover
7:247  0:009   Found Clover
7:254  0:007  === [ GetEfiBootDeviceFromNvram ] =========================
7:450  0:195   - found entry 2. 'Boot macOS Install from MacOS', Volume 'MacOS', DevicePath 'PciRoot(0x0)\Pci(0x17,0x0)\Sata(0x1,0xFFFF,0x0)\HD(2,GPT,0BB1A2C8-40EC-49C9-9F73-AA3DC8DC01DF,0x64028,0x1D79BFB0)\VenMedia(BE74FCF7-0B7C-49F3-9147-01F4042E6842,0E3817A7DAE9F34C848046D6DDFA4A7B)\macOS Install Data\Locked Files\Boot Files\boot.efii'
7:460  0:010  DefaultIndex=2 and MainMenu.EntryCount=11
7:473  0:013  GUI ready
53:550  46:076  BootVariable of the entry is empty
53:558  0:007  === [ StartLoader ] =======================================
53:854  0:295  Finally: ExternalClock=25MHz BusSpeed=100299kHz CPUFreq=2808MHz PIS: hw.busfrequency=100000000Hz
53:872  0:018  Loading boot.efi  status=Success
53:905  0:032  GetOSVersion: 10.13.4 (17E199)
53:919  0:014  CSR_CFG: CSR_ALLOW_UNTRUSTED_KEXTS | CSR_ALLOW_UNRESTRICTED_FS | CSR_ALLOW_TASK_FOR_PID | CSR_ALLOW_UNRESTRICTED_DTRACE | CSR_ALLOW_UNRESTRICTED_NVRAM
53:926  0:007  Filtering KextPatches:
53:934  0:007   - [00]: AppleAHCIPort (External icons patch) :: BinPatch :: [OS: 10.13.4 | MatchOS: All | MatchBuild: All] ==> allowed
53:951  0:017   - [01]: com.apple.driver.usb.AppleUSBXHCI (Remove USB port limit in XHCI kext) :: BinPatch :: [OS: 10.13.4 | MatchOS: 10.13.x | MatchBuild: All] ==> allowed
53:966  0:014   - [02]: AppleIntelKBLGraphicsFramebuffer (KBL-5912000-Port_0x6_HDMI) :: BinPatch :: [OS: 10.13.4 | MatchOS: All | MatchBuild: All] ==> allowed
53:980  0:014   - [03]: AppleIntelKBLGraphicsFramebuffer (KBL-5912000-Port_0x7_DP) :: BinPatch :: [OS: 10.13.4 | MatchOS: All | MatchBuild: All] ==> allowed
53:997  0:017   - [04]: AppleIntelKBLGraphicsFramebuffer (KBL-5912000-Port_0x5_HDMI) :: BinPatch :: [OS: 10.13.4 | MatchOS: All | MatchBuild: All] ==> allowed
54:012  0:015   - [05]: AppleHDA (10.12-AppleHDA/Realtek ALC...) :: BinPatch :: [OS: 10.13.4 | MatchOS: All | MatchBuild: All] ==> allowed
54:026  0:014   - [06]: AppleHDA (10.9-10.12-AppleHDA/Realtek ALC892) :: BinPatch :: [OS: 10.13.4 | MatchOS: All | MatchBuild: All] ==> allowed
54:041  0:014   - [07]: AppleHDA (AppleHDA/Resources/xml>zml) :: BinPatch :: [OS: 10.13.4 | MatchOS: All | MatchBuild: All] ==> allowed
54:059  0:017  Will not patch boot.efi
54:066  0:007  === [ PatchSmbios ] =======================================
54:363  0:297  insert table 9 for dev 1F:6
54:371  0:008  Trusting SMBIOS...
54:378  0:006  Channels: 1
54:385  0:006  Interleave: 0 1 2 3 4 5 6 7 8 9 10 11 12 13 14 15 16 17 18 19 20 21 22 23
54:573  0:188  SMBIOS Type 17 Index = 0 => 0 0:
54:581  0:007  BANK 0 DIMM0 EMPTY
54:587  0:006  SMBIOS Type 17 Index = 1 => 1 1:
54:598  0:010  BANK 0 DIMM1 EMPTY
54:605  0:007  SMBIOS Type 17 Index = 2 => 2 2:
54:612  0:006  BANK 0 DIMM2 EMPTY
54:619  0:007   partNum unknown
54:627  0:007  SMBIOS Type 17 Index = 3 => 3 3:
54:634  0:007  BANK 0 DIMM3 2400MHz 8192MB
54:640  0:006  mTotalSystemMemory = 8192
54:648  0:007  NumberOfMemoryDevices = 4
54:655  0:007  Type20[0]->End = 0x7FFFFF, Type17[3] = 0x2000
54:662  0:006  Table 131 is present, CPUType=31
54:669  0:007  Change to: 605
54:677  0:007  === [ PatchACPI ] =========================================
54:992  0:314  Xsdt reallocation done
54:998  0:006  old FADT length=114
55:006  0:007   SignatureFixup: 0x797A8F61 -> 0x0
55:015  0:009  Apply DsdtFixMask=0x00000004
55:022  0:007     drop _DSM mask=0xFFFF
55:029  0:006  === [ FixBiosDsdt ] =======================================
55:326  0:297  VideoCard devID=0x3E928086
55:332  0:006  DisplayADR1[0] = 0x20000, DisplayADR2[0] = 0xFFFE
55:340  0:007  USBADR[0] = 0x140000 and PCIe = 0xFFFE
56:429  1:089  Audio HDA (addr:0x1F0003) setting specified layout-id=3 (0x3)
56:441  0:011  Patching DSDT:
56:448  0:007   - [change HDAS to HDEF]: pattern 48444153, patched at: [ (2FA) (12) (12) (DE17) (76) (3F) (66) (A7) (DB) (89) (19D9D) (18E7) (9FAE) (8FCC) ]
56:578  0:130   - [change GFX0 to IGPU]: pattern 47465830, patched at: [ (51) (E) (12) (12) (12) (5E) (12) (77) (12) (65F) (12) (3234) (6896) (8E92) (1B) (3976) (14) (1144F) (1A9B) (134D7) ]
56:751  0:172   - [change AZAL to HDEF]: pattern 415A414C, bin not found / already patched!
56:777  0:025   - [change SAT0 to SATA]: pattern 53415430, patched at: [ (37A) (12) (1CA) (16) (16) (16) (16) (16) (16) (16) (16) (16) (16) (16) (E5F0) (2225) (27) (28) (28) (28) (28) (28) (29) (29) (29) (29) (29) (31) (27) (28) (28) (28) (28) (28) (29) (29) (29) (29) (29) (16D60) (1A4B) (4D1) (1B3) (29) (2E) (2E) (2E) ]
57:147  0:370  first CPU found at 9D9A offset 9D9D
57:154  0:007  score candidate at 9D96
57:161  0:006  score inserted in acpi_cpu_score _SB_
57:168  0:007  Found ACPI CPU: PR00 | PR01 | PR02 | PR03 | PR04 | PR05 | PR06 | PR07 | PR08 | PR09 | PR10 | PR11 | PR12 | PR13 | PR14 | PR15 , within the score: _SB_
57:294  0:125  Start SHUTDOWN Fix len=3DBC2
57:303  0:009  PreCleanup XSDT: count=21, length=204
57:310  0:007  PreCleanup XSDT, corrected XSDT: count=21, length=204
57:317  0:006  === [ ACPIDropTables ] ====================================
57:593  0:276  === [ PatchAllSSDT ] ======================================
57:886  0:292  Patch table: SSDT  SataTabl len=0x334
57:896  0:009  0. [change HDAS to HDEF]: pattern 48444153, bin not found / already patched!
57:917  0:021  1. [change GFX0 to IGPU]: pattern 47465830, bin not found / already patched!
57:940  0:022  2. [change AZAL to HDEF]: pattern 415A414C, bin not found / already patched!
57:962  0:022  3. [change SAT0 to SATA]: pattern 53415430, patched at: [ (20) (E) (12) (12) (12) (12) (12) (AB) ]
58:050  0:087  Patch table: SSDT  CpuSsdt len=0x17CB
58:057  0:007  0. [change HDAS to HDEF]: pattern 48444153, bin not found / already patched!
58:081  0:023  1. [change GFX0 to IGPU]: pattern 47465830, bin not found / already patched!
58:102  0:021  2. [change AZAL to HDEF]: pattern 415A414C, bin not found / already patched!
58:124  0:021  3. [change SAT0 to SATA]: pattern 53415430, bin not found / already patched!
58:146  0:021  Patch table: SSDT  GSWApp len=0x6CE8
58:153  0:007  0. [change HDAS to HDEF]: pattern 48444153, bin not found / already patched!
58:175  0:022  1. [change GFX0 to IGPU]: pattern 47465830, bin not found / already patched!
58:199  0:024  2. [change AZAL to HDEF]: pattern 415A414C, bin not found / already patched!
58:221  0:021  3. [change SAT0 to SATA]: pattern 53415430, bin not found / already patched!
58:242  0:021  Patch table: SSDT  SaSsdt  len=0x31C7
58:250  0:007  0. [change HDAS to HDEF]: pattern 48444153, bin not found / already patched!
58:271  0:021  1. [change GFX0 to IGPU]: pattern 47465830, patched at: [ (2D) (3A) (46) (2C1) (1C9B) (A3A) (1D) (6AF) ]
58:363  0:091  2. [change AZAL to HDEF]: pattern 415A414C, bin not found / already patched!
58:385  0:021  3. [change SAT0 to SATA]: pattern 53415430, bin not found / already patched!
58:406  0:020  Patch table: SSDT  CflS_Rvp len=0x2332
58:413  0:007  0. [change HDAS to HDEF]: pattern 48444153, patched at: [ (968) (E) (1738) (17) ]
58:470  0:057  1. [change GFX0 to IGPU]: pattern 47465830, bin not found / already patched!
58:492  0:022  2. [change AZAL to HDEF]: pattern 415A414C, bin not found / already patched!
58:517  0:024  3. [change SAT0 to SATA]: pattern 53415430, patched at: [ (7D) (E) (12) (12) (12) (12) (12) (997) (12) (12) (12) (12) (12) (12) (12) (12) (19) (4B) (4B) (4B) (4B) (4B) (44) (16) (16) (1D) (16) (16) (1D) (16) (16) (270) (13F) (14) (D3) (4E) (24) (102) (54) (126) (54) (126) (54) (126) (54) (126) (54) (126) (54) ]
58:900  0:383  Patch table: SSDT  Ther_Rvp len=0xF9E
58:907  0:006  0. [change HDAS to HDEF]: pattern 48444153, bin not found / already patched!
58:929  0:022  1. [change GFX0 to IGPU]: pattern 47465830, bin not found / already patched!
58:955  0:025  2. [change AZAL to HDEF]: pattern 415A414C, bin not found / already patched!
58:977  0:021  3. [change SAT0 to SATA]: pattern 53415430, bin not found / already patched!
58:999  0:022  Patch table: SSDT  xh_cfsd4 len=0x299C
59:006  0:007  0. [change HDAS to HDEF]: pattern 48444153, bin not found / already patched!
59:028  0:021  1. [change GFX0 to IGPU]: pattern 47465830, bin not found / already patched!
59:049  0:021  2. [change AZAL to HDEF]: pattern 415A414C, bin not found / already patched!
59:074  0:024  3. [change SAT0 to SATA]: pattern 53415430, bin not found / already patched!
59:095  0:021  Patch table: SSDT  PtidDevc len=0x27DE
59:103  0:007  0. [change HDAS to HDEF]: pattern 48444153, bin not found / already patched!
59:124  0:020  1. [change GFX0 to IGPU]: pattern 47465830, bin not found / already patched!
59:145  0:021  2. [change AZAL to HDEF]: pattern 415A414C, bin not found / already patched!
59:167  0:021  3. [change SAT0 to SATA]: pattern 53415430, bin not found / already patched!
59:192  0:024  Patch table: SSDT  TbtTypeC len=0xFFE
59:199  0:007  0. [change HDAS to HDEF]: pattern 48444153, bin not found / already patched!
59:220  0:021  1. [change GFX0 to IGPU]: pattern 47465830, bin not found / already patched!
59:242  0:021  2. [change AZAL to HDEF]: pattern 415A414C, bin not found / already patched!
59:264  0:022  3. [change SAT0 to SATA]: pattern 53415430, bin not found / already patched!
59:288  0:024  CPUBase=0 and ApicCPUBase=1 ApicCPUNum=1
59:295  0:006  Maximum control=0x1C
59:302  0:007  Turbo control=0x28
59:310  0:007  P-States: min 0x8, max 0x28
59:316  0:006  SSDT with plugin-type without P-States is generated
59:324  0:007  Cleanup XSDT: count=22, length=212
59:332  0:007  corrected XSDT count=22, length=212
59:339  0:007  === [ RestSetup macOS ] ===================================
59:608  0:268  Intel UHD Graphics 630 [8086:3E92] :: PciRoot(0x0)\Pci(0x2,0x0)
59:615  0:007    Found Full HD Display - 16:9 :: Width=1920 Height=1080
59:626  0:010    Beginning DualLink auto-detection
59:632  0:006    High Resolution Display
59:640  0:007    AAPL00,DualLink = 1
59:647  0:007    FakeID Intel GFX = 0x59128086
59:654  0:006    ig-platform-id = 0x59120000
59:662  0:007  Intel GFX revision  = 0x0
59:670  0:007   RCBA disabled; cannot use it
59:677  0:007   setting specified layout-id=3 (0x3)
59:683  0:006  stringlength = 1836
59:691  0:007  CurrentMode: Width=1920 Height=1080
59:701  0:010  Beginning FSInjection
59:708  0:006  Blocking kext caches
FSInjectionInstall ...
- Our FSI_SIMPLE_FILE_SYSTEM_PROTOCOL installed on handle: 813D9818
FSInjectionInstall ...
- Our FSI_SIMPLE_FILE_SYSTEM_PROTOCOL installed on handle: 813D9818
59:721  0:013  Use origin smbios table type 1 guid.
59:739  0:018  Preparing kexts injection for arch=x86_64 from EFI\CLOVER\kexts\Other
59:746  0:006  Extra kext: EFI\CLOVER\kexts\Other\FakeSMC.kext (v.1787)
59:764  0:018  Extra kext: EFI\CLOVER\kexts\Other\IntelGraphicsFixup.kext (v.1.2.7)
59:784  0:019  Extra kext: EFI\CLOVER\kexts\Other\VoodooPS2Controller.kext (v.1.8.28)
59:802  0:017    |-- PlugIn kext: EFI\CLOVER\kexts\Other\VoodooPS2Controller.kext\Contents\PlugIns\VoodooPS2Mouse.kext (v.1.8.28)
59:821  0:019    |-- PlugIn kext: EFI\CLOVER\kexts\Other\VoodooPS2Controller.kext\Contents\PlugIns\VoodooPS2Keyboard.kext (v.1.8.28)
59:843  0:021    |-- PlugIn kext: EFI\CLOVER\kexts\Other\VoodooPS2Controller.kext\Contents\PlugIns\VoodooPS2Trackpad.kext (v.1.8.28)
59:866  0:022  Extra kext: EFI\CLOVER\kexts\Other\Shiki.kext (v.2.2.6)
59:883  0:017  Extra kext: EFI\CLOVER\kexts\Other\FakePCIID.kext (v.1.3.9)
59:902  0:018  Extra kext: EFI\CLOVER\kexts\Other\ACPISensors.kext (v.1412)
59:925  0:023  Extra kext: EFI\CLOVER\kexts\Other\CPUSensors.kext (v.1412)
59:940  0:015  Extra kext: EFI\CLOVER\kexts\Other\USBInjectAll.kext (v.0.6.5)
60:363  0:423  Extra kext: EFI\CLOVER\kexts\Other\IntelGraphicsDVMTFixup.kext (v.1.2.0)
60:382  0:019  Extra kext: EFI\CLOVER\kexts\Other\IntelMausiEthernet.kext (v.2.4.0d0)
60:400  0:017  Extra kext: EFI\CLOVER\kexts\Other\CodecCommander.kext (v.2.6.3)
60:434  0:034  Extra kext: EFI\CLOVER\kexts\Other\SATA-100-series-unsupported.kext (v.0.5.1)
60:451  0:016  Extra kext: EFI\CLOVER\kexts\Other\AppleALC.kext (v.1.2.6)
60:861  0:409  Extra kext: EFI\CLOVER\kexts\Other\XHCI-300-series-injector.kext (v.0.5.0)
60:872  0:011  Extra kext: EFI\CLOVER\kexts\Other\Lilu.kext (v.1.2.3)
60:891  0:018  Extra kext: EFI\CLOVER\kexts\Other\FakePCIID_Intel_HD_Graphics.kext (v.1.3.9)
60:921  0:029  Custom boot screen not used because entry has unset use graphics
60:929  0:007  Closing log
