0:100  0:100  MemLog inited, TSC freq: 2592367320
0:100  0:000  MemLog was calibrated without ACPI PM Timer: ACPI I/O space is not enabled.
0:100  0:000  
0:100  0:000  Now is 13.11.2016,  9:56:40 (GMT)
0:100  0:000  Starting Clover revision: 3911 on American Megatrends EFI
0:100  0:000  Build with: [Args: -D NO_GRUB_DRIVERS_EMBEDDED | -D NO_GRUB_DRIVERS_EMBEDDED -D USE_LOW_EBDA -a X64 -b RELEASE -t XCODE5 -n 5 | OS: 10.12.2 | XCODE: 8.1]
0:100  0:000  SelfDevicePath=PciRoot(0x0)\Pci(0x17,0x0)\Sata(0x0,0xFFFF,0x0)\HD(2,GPT,82A18BE1-EA99-410E-8038-07EB79B3953D,0x6950A60,0xFB5A0) @65648698
0:100  0:000  SelfDirPath = \EFI\BOOT
0:100  0:000  === [ Get Smbios ] ========================================
0:133  0:033  Type 16 Index = 0
0:133  0:000  Total Memory Slots Count = 2
0:133  0:000  Type 17 Index = 0
0:133  0:000  SmbiosTable.Type17->Speed = 1600MHz
0:133  0:000  SmbiosTable.Type17->Size = 8192MB
0:133  0:000  SmbiosTable.Type17->Bank/Device = BANK 0 ChannelA-DIMM0
0:133  0:000  SmbiosTable.Type17->Vendor = 1315
0:133  0:000  SmbiosTable.Type17->SerialNumber = 52122404
0:133  0:000  SmbiosTable.Type17->PartNumber = CT102464BF160B.C16
0:133  0:000  Type 17 Index = 1
0:133  0:000  Ignoring insane frequency value 0MHz
0:133  0:000  SmbiosTable.Type17->Speed = 0MHz
0:133  0:000  SmbiosTable.Type17->Size = 0MB
0:133  0:000  SmbiosTable.Type17->Bank/Device = BANK 2 ChannelB-DIMM0
0:133  0:000  SmbiosTable.Type17->Vendor = <null string>
0:133  0:000  SmbiosTable.Type17->SerialNumber = <null string>
0:133  0:000  SmbiosTable.Type17->PartNumber = <null string>
0:133  0:000  Boot status=0
0:133  0:000  Running on: 'N15_17RD ' with board 'N15_17RD '
0:133  0:000  === [ GetCPUProperties ] ==================================
0:133  0:000  CPU Vendor = 756E6547 Model=506E3
0:133  0:000  got cores from CPUID_1 = 0
0:133  0:000  The CPU supported turbo
0:133  0:000  BrandString = Intel(R) Core(TM) i7-6700HQ CPU @ 2.60GHz
0:133  0:000   TSC/CCC Information Leaf:
0:133  0:000    numerator     : 216
0:133  0:000    denominator   : 2
0:133  0:000   Calibrated ARTFrequency: 24003401
0:133  0:000  MSR 0xE2 before patch 1E008004
0:133  0:000  MSR 0xE2 is locked, PM patches will be turned on
0:133  0:000  MSR 0xE4              00051814
0:133  0:000  MSR 0xCE              0008083B_F1011A00
0:133  0:000  non-usable FLEX_RATIO = 10000
0:133  0:000  corrected FLEX_RATIO = 0
0:133  0:000  MSR 0x1B0             00000000
0:133  0:000  FSBFrequency=119MHz DMIvalue=100000kHz
0:133  0:000  Corrected FSBFrequency=100MHz
0:133  0:000  Vendor/Model/Stepping: 0x756E6547/0x5E/0x3
0:133  0:000  Family/ExtFamily: 0x6/0x0
0:133  0:000  MaxDiv/MinDiv: 26.0/8
0:133  0:000  Turbo: 31/32/33/35
0:133  0:000  Features: 0xBFEBFBFF
0:133  0:000  Threads: 8
0:133  0:000  Cores: 4
0:133  0:000  FSB: 100 MHz
0:133  0:000  CPU: 3100 MHz
0:133  0:000  TSC: 3100 MHz
0:133  0:000  PIS: 400 MHz
0:133  0:000  === [ GetDevices ] ========================================
0:133  0:000  PCI (00|00:00.00) : 8086 1910 class=060000
0:133  0:000  PCI (00|00:01.00) : 8086 1901 class=060400
0:133  0:000  PCI (00|01:00.00) : 10DE 139B class=030000
0:133  0:000   - GFX: Model=Clevo GeForce GTX 960M family 117 (Nvidia)
0:133  0:000  PCI (00|01:00.01) : FFFF FFFF class=FFFFFF
0:133  0:000  PCI (00|00:02.00) : 8086 191B class=030000
0:133  0:000   - GFX: Model=Intel HD Graphics 530 (Intel)
0:133  0:000  PCI (00|00:14.00) : 8086 A12F class=0C0330
0:133  0:000  PCI (00|00:16.00) : 8086 A13A class=078000
0:133  0:000  PCI (00|00:17.00) : 8086 A103 class=010601
0:133  0:000  PCI (00|00:1C.00) : 8086 A110 class=060400
0:133  0:000  PCI (00|00:1C.02) : 8086 A112 class=060400
0:133  0:000  PCI (00|03:00.00) : 14E4 43B1 class=028000
0:133  0:000   - WIFI: Vendor=Broadcom
0:133  0:000  PCI (00|00:1C.03) : 8086 A113 class=060400
0:133  0:000  PCI (00|04:00.00) : 10EC 5287 class=FF0000
0:133  0:000  PCI (00|04:00.01) : 10EC 8168 class=020000
0:133  0:000   - LAN: 0 Vendor=Realtek
0:133  0:000  PCI (00|00:1F.00) : 8086 A14E class=060100
0:134  0:000  PCI (00|00:1F.02) : 8086 A121 class=058000
0:134  0:000  PCI (00|00:1F.03) : 8086 A170 class=040300
0:134  0:000  PCI (00|00:1F.04) : 8086 A123 class=0C0500
0:134  0:000  === [ GetDefaultSettings ] ================================
0:134  0:000  Clover load options size = 0 bytes
0:135  0:001  EFI\CLOVER\config.plist loaded: Success
0:135  0:000  === [ GetListOfThemes ] ===================================
0:136  0:000  - [00]: OSXLoginStyle
0:137  0:000  === [ Found config plists ] ===============================
0:137  0:000  - config.plist
0:137  0:000  === [ GetEarlyUserSettings ] ==============================
0:137  0:000  timeout set to 2
0:137  0:000  Custom boot CUSTOM_BOOT_DISABLED (0x0)
0:137  0:000  KextsToPatch: 19 requested
0:137  0:000   - [00]: AppleIntelSKLGraphicsFramebuffer (Disable minStolenSize less or equal fStolenMemorySize assertion, 10.11.4 ( (based on Austere.J patch)) :: BinPatch :: data len: 5
0:137  0:000   - [01]: AppleHDA (AppleHDA patches 1 0x10EC0884) :: BinPatch :: data len: 4
0:137  0:000   - [02]: AppleHDA (AppleHDA/Resources/xml>zml) :: BinPatch :: data len: 6
0:137  0:000   - [03]: IOBluetoothFamily (Handoff) :: BinPatch :: data len: 8
0:137  0:000   - [04]: AirPortBrcm4360 (Airpot-Extreme) :: BinPatch :: data len: 6
0:137  0:000   - [05]: AppleHDA (10.9-10.12-AppleHDA/Realtek ALC269) :: BinPatch :: data len: 4
0:137  0:000   - [06]: AppleAPIC (Skylake AppleAPIC Patch(c)) :: BinPatch :: data len: 6
0:137  0:000   - [07]: IOGraphicsFamily (Boot graphics glitch, 10.10.x/10.11.x (credit lisai9093, cecekpawon)) :: BinPatch :: data len: 5
0:137  0:000   - [08]: AirPortBrcm4360 (pci error 3) :: BinPatch :: data len: 6
0:137  0:000   - [09]: AirPortBrcm4360 (pci error 1) :: BinPatch :: data len: 5
0:137  0:000   - [10]: AirPortBrcm4360 (pci error 2) :: BinPatch :: data len: 8
0:137  0:000   - [11]: AirPortBrcm4360 (AirPortBrcm4360 - fcvo) :: BinPatch :: data len: 8
0:137  0:000   - [12]: AppleHDA (AppleHDA patches 2 0x10EC0885) :: BinPatch :: data len: 4
0:137  0:000   - [13]: IOAHCIBlockStorage (Enable TRIM for SSD) :: BinPatch :: data len: 11
0:137  0:000   - [14]: AppleHDA (AppleHDA patches 4 0x10EC0269) :: BinPatch :: data len: 4
0:137  0:000   - [15]: AppleHDA (10.9-10.12-AppleHDA/Realtek ALC269) :: BinPatch :: data len: 4
0:137  0:000   - [16]: AppleHDA (AppleHDA/Resources/xml>zml) :: BinPatch :: data len: 6
0:137  0:000   - [17]: AppleHDA (AppleHDA/Resources/xml>zml) :: BinPatch :: data len: 6
0:137  0:000   - [18]: AirPortBrcm4360 (Mac-189A3D4F975D5FFC) :: BinPatch :: data len: 20
0:137  0:000  Default theme: OSXLoginStyle
0:137  0:000  Hiding entries with string BOOTX64.EFI
0:137  0:000  Hiding entries with string Windows
0:137  0:000  Hiding entries with string Time Machine
0:137  0:000  Error in Early settings0: Not Found
0:137  0:000  === [ LoadDrivers ] =======================================
0:137  0:000  Loading AppleImageCodec-64.efi  status=Success
0:141  0:003  Loading AppleKeyAggregator-64.efi  status=Success
0:143  0:002  Loading AppleUITheme-64.efi  status=Success
0:146  0:002  Loading CsmVideoDxe-64.efi  status=Success
0:148  0:002   - driver needs connecting
0:148  0:000  Loading DataHubDxe-64.efi  status=Success
0:154  0:005  Loading EmuVariableUefi-64.efi  status=Success
0:157  0:003  EmuVariableUefi Initialize: VariableCommonInitialize = Success, orig services stored, install gEmuVariableControlProtocolGuid = Success
0:157  0:000  Loading FSInject-64.efi  status=Success
0:160  0:002  Loading FirmwareVolume-64.efi  status=Success
0:162  0:002  Loading OsxAptioFix2Drv-64.efi  status=Success
0:166  0:003  Loading OsxFatBinaryDrv-64.efi  status=Success
0:168  0:002  Loading PartitionDxe-64.efi  status=Success
0:171  0:002   - driver needs connecting
0:171  0:000  Loading SMCHelper-64.efi  status=Success
0:174  0:003  Loading VBoxHfs-64.efi  status=Success
0:176  0:002   - driver needs connecting
0:176  0:000  3 drivers needs connecting ...
0:176  0:000  PlatformDriverOverrideProtocol not found. Installing ... Success
0:176  0:000  Partition driver loaded: 
0:176  0:000  Video driver loaded: disconnect Successdisconnect Success
0:541  0:364  Searching for invalid DiskIo BY_DRIVER connects: not found, all ok
1:724  1:183  EmuVariable InstallEmulation: orig vars copied, emu.var.services installed, CreateEvent VirtualAddressChange = Success, CreateEvent ExitBootServices = Success, set Status=Success
1:745  0:020  === [ InitScreen ] ========================================
1:745  0:000  Console modes reported: 3, available modes:
1:745  0:000   - [01]: 80x25 (current mode)
1:745  0:000   - [02]: 80x50
1:745  0:000   - [03]: 100x31
1:745  0:000  reinit: self device path=PciRoot(0x0)\Pci(0x17,0x0)\Sata(0x0,0xFFFF,0x0)\HD(2,GPT,82A18BE1-EA99-410E-8038-07EB79B3953D,0x6950A60,0xFB5A0)
1:745  0:000  === [ GetMacAddress ] =====================================
1:745  0:000  MAC address of LAN #0= 80:FA:5B:24:A2:EC:
1:745  0:000  === [ ScanSPD ] ===========================================
1:746  0:000  SMBus device : 8086 A123 class=0C0500 status=Success
1:746  0:000  SMBus CmdReg: 0x3
1:746  0:000  Scanning SMBus [8086:A123], mmio: 0xDF12A004, ioport: 0xF040, hostc: 0x11
1:746  0:000  Slots to scan [8]...
1:746  0:000  SPD[0]: Type 11 @0x50
1:764  0:018  Not using XMP because it is not present
1:764  0:000  DDR speed 1600MHz
1:764  0:000  Slot: 0 Type 24 8192MB 1600MHz Vendor=Crucial Technology PartNo=CT102464BF160B.C16 SerialNo=0304080101080004
1:765  0:000  === [ GetAcpiTablesList ] =================================
1:828  0:062  Get Acpi Tables List from RSDT:
1:828  0:000   - [00]: FACP  A M I len=132
1:828  0:000   - [01]: APIC  A M I len=188
1:828  0:000   - [02]: FPDT  A M I len=68
1:828  0:000   - [03]: FIDT  A M I len=156
1:828  0:000   - [04]: MCFG  A M I len=60
1:828  0:000   - [05]: HPET  A M I len=56
1:828  0:000   - [06]: SSDT  A M I len=789
1:828  0:000   - [07]: SSDT  A M I len=4352
1:828  0:000   - [08]: DBGP  A M I len=52
1:828  0:000   - [09]: DBG2  A M I len=84
1:828  0:000   - [10]: MSDM  A M I len=85
1:828  0:000   - [11]: SSDT  A M I len=22759
1:828  0:000   - [12]: UEFI  A M I len=66
1:828  0:000   - [13]: SSDT  A M I len=3672
1:828  0:000   - [14]: BGRT  A M I len=56
1:828  0:000   - [15]: SSDT  A M I len=159
1:828  0:000   - [16]: DMAR  A M I len=168
1:828  0:000   - [17]: TPM2  A M I len=52
1:828  0:000   - [18]: SSDT  A M I len=8984
1:828  0:000   - [19]: ASF!  A M I len=165
1:828  0:000  Calibrated TSC frequency =2592367320 =2592MHz
1:828  0:000  === [ GetUserSettings ] ===================================
1:828  0:000  Add 1 properties:
1:828  0:000   - [00]: IntelGFX, len: 9
1:828  0:000  USB FixOwnership: yes
1:828  0:000  Dropping 1 tables:
1:828  0:000   - [00]: Drop table  signature="DMAR" (52414D44)
1:828  0:000           - set table: 52414D44,                0 to drop: yes
1:828  0:000   - final DSDT Fix mask=81000000
1:828  0:000  PatchesDSDT: 4 requested
1:828  0:000   - [00]: (change _OSI to XOSI) patch disabled, skipped
1:828  0:000   - [01]: (change EHC1 to EH01) lenToFind: 4, lenToReplace: 4
1:828  0:000   - [02]: (change HDAS to HDEF) lenToFind: 4, lenToReplace: 4
1:828  0:000   - [03]: (change EHC2 to EH02) lenToFind: 4, lenToReplace: 4
1:828  0:000  PluginType: 1
1:828  0:000  ChassisType: 0x8
1:828  0:000  CpuFreq: 2600MHz
1:828  0:000  BusSpeed: 100000kHz
1:828  0:000  === [ ScanVolumes ] =======================================
1:828  0:000  Found 11 volumes with blockIO
1:828  0:000  - [00]: Volume: PciRoot(0x0)\Pci(0x17,0x0)\Sata(0x0,0xFFFF,0x0)
1:829  0:000  - [01]: Volume: PciRoot(0x0)\Pci(0x17,0x0)\Sata(0x2,0xFFFF,0x0)
1:830  0:000  - [02]: Volume: PciRoot(0x0)\Pci(0x17,0x0)\Sata(0x0,0xFFFF,0x0)\HD(1,GPT,80A6F348-5914-45AF-9A38-EFE43E9449E7,0x800,0x6950260)
1:830  0:000          Result of bootcode detection: bootable Windows (vista,win)
1:830  0:000          hiding this volume
1:830  0:000  - [03]: Volume: PciRoot(0x0)\Pci(0x17,0x0)\Sata(0x0,0xFFFF,0x0)\HD(2,GPT,82A18BE1-EA99-410E-8038-07EB79B3953D,0x6950A60,0xFB5A0)
1:831  0:000          Result of bootcode detection: bootable Windows (vista,win)
1:831  0:000          This is SelfVolume !!
1:831  0:000  - [04]: Volume: PciRoot(0x0)\Pci(0x17,0x0)\Sata(0x0,0xFFFF,0x0)\HD(3,GPT,FC54EB22-1FAB-4D90-9079-87E930975045,0x6A4C000,0x7EA7D25)
1:832  0:000          Result of bootcode detection: bootable Windows (vista,win)
1:832  0:000  - [05]: Volume: PciRoot(0x0)\Pci(0x17,0x0)\Sata(0x0,0xFFFF,0x0)\HD(4,GPT,8B52574B-FB9F-45DA-A5D9-74A9CBAFF6DC,0xE8F4000,0xF2C9368)
1:833  0:000  - [06]: Volume: PciRoot(0x0)\Pci(0x17,0x0)\Sata(0x0,0xFFFF,0x0)\HD(5,GPT,F128B105-9E44-456F-9031-6F1E1572B14E,0x1DBBD368,0x135F20)
1:833  0:000  - [07]: Volume: PciRoot(0x0)\Pci(0x17,0x0)\Sata(0x2,0xFFFF,0x0)\HD(1,GPT,EA3DC6DB-ACAE-4779-971B-A39760108983,0x1000,0x26EC7030)
1:834  0:000          Result of bootcode detection: bootable Windows (vista,win)
1:834  0:000  - [08]: Volume: PciRoot(0x0)\Pci(0x17,0x0)\Sata(0x2,0xFFFF,0x0)\HD(2,GPT,9221A2D4-50C8-4F7D-B5F4-3D0B724E5482,0x26EC8030,0xE481F93)
1:835  0:000          Result of bootcode detection: bootable Windows (vista,win)
1:835  0:000  - [09]: Volume: PciRoot(0x0)\Pci(0x17,0x0)\Sata(0x2,0xFFFF,0x0)\HD(3,GPT,5C3E7EF4-CEEF-480C-9E32-E047B431E8BD,0x3534A000,0x71000)
1:836  0:000          Result of bootcode detection: bootable Windows (win)
1:839  0:003  - [10]: Volume: PciRoot(0x0)\Pci(0x17,0x0)\Sata(0x2,0xFFFF,0x0)\HD(4,GPT,7B92B409-6BE9-43A4-9A5C-BAF78657363E,0x353BB000,0x4F8B008)
1:851  0:012  Loading nvram.plist from Vol 'MacOSX' - loaded, size=2670
1:852  0:000  === [ PutNvramPlistToRtVars ] =============================
1:852  0:000   Adding Key: EFILoginHiDPI: Size = 4, Data: 00 00 00 00 
1:852  0:000   Skipping EmuVariableUefiPresent
1:852  0:000   Adding Key: backlight-level: Size = 2, Data: 3A 03 
1:852  0:000   Adding Key: bluetoothActiveControllerInfo: Size = 16, Data: 2A 0A 87 80 00 00 00 00 60 14 E0 94 67 59 29 0E 
1:852  0:000   Adding Key: boot-args: String: Size = 15, Val = 'kext-dev-mode=1'
1:852  0:000   Adding Key: bootercfg: Size = 2, Data: 28 00 
1:852  0:000   Adding Key: csr-active-config: Size = 4, Data: 67 00 00 00 
1:852  0:000   Adding Key: fakesmc-key-#KEY-ui32: Size = 4, Data: 00 00 00 17 
1:852  0:000   Adding Key: fakesmc-key-$Adr-ui32: Size = 4, Data: 00 00 03 00 
1:852  0:000   Adding Key: fakesmc-key-$Num-ui8: Size = 1, Data: 01 
1:852  0:000   Adding Key: fakesmc-key-$Num-ui8 : Size = 1, Data: 01 
1:852  0:000   Adding Key: fakesmc-key-BATP-flag: Size = 1, Data: 00 
1:852  0:000   Adding Key: fakesmc-key-BBIN-ui8: Size = 1, Data: 01 
1:852  0:000   Adding Key: fakesmc-key-BBIN-ui8 : Size = 1, Data: 01 
1:852  0:000   Adding Key: fakesmc-key-BEMB-flag: Size = 1, Data: 01 
1:852  0:000   Adding Key: fakesmc-key-BNum-ui8: Size = 1, Data: 01 
1:852  0:000   Adding Key: fakesmc-key-BNum-ui8 : Size = 1, Data: 01 
1:852  0:000   Adding Key: fakesmc-key-EPCI-ui32: Size = 4, Data: 06 90 07 00 
1:852  0:000   Adding Key: fakesmc-key-MSAc-ui16: Size = 2, Data: 00 00 
1:852  0:000   Adding Key: fakesmc-key-MSLD-ui8: Size = 1, Data: 00 
1:852  0:000   Adding Key: fakesmc-key-MSLD-ui8 : Size = 1, Data: 00 
1:852  0:000   Adding Key: fakesmc-key-MSPS-ui16: Size = 2, Data: 00 03 
1:852  0:000   Adding Key: fakesmc-key-MSTc-ui8: Size = 1, Data: 00 
1:852  0:000   Adding Key: fakesmc-key-MSTc-ui8 : Size = 1, Data: 00 
1:852  0:000   Adding Key: fakesmc-key-MSWr-ui8: Size = 1, Data: 19 
1:852  0:000   Adding Key: fakesmc-key-MSWr-ui8 : Size = 1, Data: 19 
1:852  0:000   Adding Key: fakesmc-key-RBr -ch8*: Size = 8, Data: 64 38 00 00 00 00 00 00 
1:852  0:000   Adding Key: fakesmc-key-REV -ch8*: Size = 6, Data: 02 11 0F 00 00 14 
1:852  0:000   Adding Key: fakesmc-key-RMde-char: Size = 1, Data: 41 
1:852  0:000   Adding Key: fakesmc-key-RPlt-ch8*: Size = 8, Data: 64 38 00 00 00 00 00 00 
1:852  0:000   Adding Key: flagstate: Size = 32, Data: 00 00 00 00 00 00 00 00 00 00 00 00 00 00 00 00 00 00 00 00 00 00 00 00 00 00 00 00 00 00 00 00 
1:852  0:000   Adding Key: fmm-computer-name: Size = 13, Data: 73 65 65 6B 65 79 E7 9A 84 69 4D 61 63 
1:852  0:000   Adding Key: install-product-url: Size = 73, Data: 78 2D 6F 73 70 72 6F 64 75 63 74 3A 2F 2F 31 42 46 30 43 39 44 36 2D 34 45 38 37 2D 33 41 41 39 2D 38 32 34 43 2D 43 42 32 35 42 42 44 30 38 43 33 42 2F 6D 61 63 4F 53 25 32 30 49 6E 73 74 61 6C 6C 25 32 30 44 61 74 61 
1:852  0:000   Adding Key: prev-lang:kbd: Size = 9, Data: 7A 68 2D 48 61 6E 73 3A 30 
1:852  0:000   Adding Key: rc_imgsrc_info: Size = 95, Data: 62 70 6C 69 73 74 30 30 A1 01 D1 02 03 5F 10 24 31 42 46 30 43 39 44 36 2D 34 45 38 37 2D 33 41 41 39 2D 38 32 34 43 2D 43 42 32 35 42 42 44 30 38 43 33 42 56 4D 61 63 4F 53 58 08 0A 0D 34 00 00 00 00 00 00 01 01 00 00 00 00 00 00 00 04 00 00 00 00 00 00 00 00 00 00 00 00 00 00 00 3B 
1:852  0:000   Adding Key: security-mode: String: Size = 4, Val = 'none'
1:852  0:000   Adding Key: specialbootdevice: Size = 74, Data: 02 01 0C 00 D0 41 03 0A 00 00 00 00 01 01 06 00 00 17 03 12 0A 00 00 00 FF FF 00 00 04 01 2A 00 04 00 00 00 00 40 8F 0E 00 00 00 00 68 93 2C 0F 00 00 00 00 4B 57 52 8B 9F FB DA 45 A5 D9 74 A9 CB AF F6 DC 02 02 7F FF 04 00 
1:852  0:000  === [ InitTheme ] =========================================
1:852  0:000  Using theme 'OSXLoginStyle' (EFI\CLOVER\themes\OSXLoginStyle)
1:852  0:000  OS main and drive as badge
1:854  0:001  Loading font from ThemeDir: Success
1:854  0:000  Choosing theme OSXLoginStyle
1:854  0:000  found boot-args in NVRAM:kext-dev-mode=1, size=15
1:854  0:000  ...found arg:kext-dev-mode=1
1:854  0:000  ...adding arg:kext-dev-mode=1
1:854  0:000  after NVRAM boot-args=dart=0 -alcbeta kext-dev-mode=1 
1:854  0:000  === [ Dump SMC keys from NVRAM ] ==========================
1:854  0:000  found AppleSMC protocol
1:855  0:000     fakesmc-key-#KEY-ui32:00 00 00 17 
1:855  0:000     fakesmc-key-$Adr-ui32:00 00 03 00 
1:855  0:000     fakesmc-key-$Num-ui8:01 
1:855  0:000     fakesmc-key-$Num-ui8 :01 
1:855  0:000     fakesmc-key-BATP-flag:00 
1:855  0:000     fakesmc-key-BBIN-ui8:01 
1:855  0:000     fakesmc-key-BBIN-ui8 :01 
1:855  0:000     fakesmc-key-BEMB-flag:01 
1:855  0:000     fakesmc-key-BNum-ui8:01 
1:855  0:000     fakesmc-key-BNum-ui8 :01 
1:855  0:000     fakesmc-key-EPCI-ui32:06 90 07 00 
1:855  0:000     fakesmc-key-MSAc-ui16:00 00 
1:855  0:000     fakesmc-key-MSLD-ui8:00 
1:855  0:000     fakesmc-key-MSLD-ui8 :00 
1:855  0:000     fakesmc-key-MSPS-ui16:00 03 
1:855  0:000     fakesmc-key-MSTc-ui8:00 
1:855  0:000     fakesmc-key-MSTc-ui8 :00 
1:855  0:000     fakesmc-key-MSWr-ui8:19 
1:855  0:000     fakesmc-key-MSWr-ui8 :19 
1:855  0:000     fakesmc-key-RBr -ch8*:64 38 00 00 00 00 00 00 
1:855  0:000     fakesmc-key-REV -ch8*:02 11 0F 00 00 14 
1:855  0:000     fakesmc-key-RMde-char:41 
1:855  0:000     fakesmc-key-RPlt-ch8*:64 38 00 00 00 00 00 00 
1:855  0:000  === [ ScanLoader ] ========================================
1:855  0:000  - [02]: 'windows10', hidden
1:855  0:000  - [03]: 'EFI'
1:855  0:000          AddLoaderEntry for Volume Name=EFI
1:857  0:001  not png, try icns
1:857  0:000  not png, try icns
1:857  0:000  - [04]: 'Application'
1:857  0:000  - [05]: 'MacOSX'
1:864  0:006          AddLoaderEntry for Volume Name=MacOSX
1:871  0:007      Check if volume Is Hibernated:
1:871  0:000      Check sleep image 'by signature':
1:888  0:017      read prefs \Library\Preferences\com.apple.PowerManagement.plist status=Success
1:888  0:000      using default sleep image name = \private\var\vm\sleepimage
1:894  0:005      Reading first 512 bytes of sleepimage ...
1:894  0:000      OurBlockIoRead: Lba=10141B80, Offset=2028370000 (BlockSize=512)
1:894  0:000      sig lion: 7A7A7A7A
1:894  0:000      sig snow: 0
1:894  0:000      no valid sleep image offset was found
1:894  0:000      Reading completed -> Success
1:894  0:000       sleepimage offset could not be acquired
1:894  0:000      hibernated: no - sign
1:896  0:001  not png, try icns
1:896  0:000  not png, try icns
1:911  0:014  - [06]: 'Recovery HD'
1:911  0:000          AddLoaderEntry for Volume Name=Recovery HD
1:913  0:001  not png, try icns
1:913  0:000  not png, try icns
1:913  0:000  - [07]: 'Media'
1:913  0:000  - [09]: 'EFI'
1:913  0:000  - [10]: 'Backup'
1:913  0:000  === [ AddCustomTool ] =====================================
1:916  0:002  EmuVariable InstallEmulation: EFI_ALREADY_STARTED
1:916  0:000  === [ GetEfiBootDeviceFromNvram ] =========================
1:916  0:000   - found entry 1. 'Boot macOS from MacOSX', Volume 'MacOSX', DevicePath 'PciRoot(0x0)\Pci(0x17,0x0)\Sata(0x0,0xFFFF,0x0)\HD(4,GPT,8B52574B-FB9F-45DA-A5D9-74A9CBAFF6DC,0xE8F4000,0xF2C9368)\System\Library\CoreServices\boot.efi'
1:916  0:000  EmuVariable UninstallEmulation: CloseEvent = Success, original var services restored
1:916  0:000  DefaultIndex=1 and MainMenu.EntryCount=7
2:243  0:327  Found Mouse device:
2:245  0:002  GUI ready
5:076  2:831  ReinitSelfLib after theme change
5:076  0:000  reinit: self device path=PciRoot(0x0)\Pci(0x17,0x0)\Sata(0x0,0xFFFF,0x0)\HD(2,GPT,82A18BE1-EA99-410E-8038-07EB79B3953D,0x6950A60,0xFB5A0)
5:076  0:000  === [ ScanVolumes ] =======================================
5:076  0:000  Found 11 volumes with blockIO
5:076  0:000  - [00]: Volume: PciRoot(0x0)\Pci(0x17,0x0)\Sata(0x0,0xFFFF,0x0)
5:079  0:002  - [01]: Volume: PciRoot(0x0)\Pci(0x17,0x0)\Sata(0x2,0xFFFF,0x0)
5:082  0:003  - [02]: Volume: PciRoot(0x0)\Pci(0x17,0x0)\Sata(0x0,0xFFFF,0x0)\HD(1,GPT,80A6F348-5914-45AF-9A38-EFE43E9449E7,0x800,0x6950260)
5:083  0:000          Result of bootcode detection: bootable Windows (vista,win)
5:083  0:000          hiding this volume
5:083  0:000  - [03]: Volume: PciRoot(0x0)\Pci(0x17,0x0)\Sata(0x0,0xFFFF,0x0)\HD(2,GPT,82A18BE1-EA99-410E-8038-07EB79B3953D,0x6950A60,0xFB5A0)
5:083  0:000          Result of bootcode detection: bootable Windows (vista,win)
5:084  0:000          This is SelfVolume !!
5:084  0:000  - [04]: Volume: PciRoot(0x0)\Pci(0x17,0x0)\Sata(0x0,0xFFFF,0x0)\HD(3,GPT,FC54EB22-1FAB-4D90-9079-87E930975045,0x6A4C000,0x7EA7D25)
5:085  0:000          Result of bootcode detection: bootable Windows (vista,win)
5:085  0:000  - [05]: Volume: PciRoot(0x0)\Pci(0x17,0x0)\Sata(0x0,0xFFFF,0x0)\HD(4,GPT,8B52574B-FB9F-45DA-A5D9-74A9CBAFF6DC,0xE8F4000,0xF2C9368)
5:085  0:000  - [06]: Volume: PciRoot(0x0)\Pci(0x17,0x0)\Sata(0x0,0xFFFF,0x0)\HD(5,GPT,F128B105-9E44-456F-9031-6F1E1572B14E,0x1DBBD368,0x135F20)
5:086  0:000  - [07]: Volume: PciRoot(0x0)\Pci(0x17,0x0)\Sata(0x2,0xFFFF,0x0)\HD(1,GPT,EA3DC6DB-ACAE-4779-971B-A39760108983,0x1000,0x26EC7030)
5:155  0:068          Result of bootcode detection: bootable Windows (vista,win)
5:155  0:000  - [08]: Volume: PciRoot(0x0)\Pci(0x17,0x0)\Sata(0x2,0xFFFF,0x0)\HD(2,GPT,9221A2D4-50C8-4F7D-B5F4-3D0B724E5482,0x26EC8030,0xE481F93)
5:156  0:000          Result of bootcode detection: bootable Windows (vista,win)
5:156  0:000  - [09]: Volume: PciRoot(0x0)\Pci(0x17,0x0)\Sata(0x2,0xFFFF,0x0)\HD(3,GPT,5C3E7EF4-CEEF-480C-9E32-E047B431E8BD,0x3534A000,0x71000)
5:178  0:021          Result of bootcode detection: bootable Windows (win)
5:178  0:000  - [10]: Volume: PciRoot(0x0)\Pci(0x17,0x0)\Sata(0x2,0xFFFF,0x0)\HD(4,GPT,7B92B409-6BE9-43A4-9A5C-BAF78657363E,0x353BB000,0x4F8B008)
5:179  0:000  Choosing theme OSXLoginStyle
5:179  0:000  after NVRAM boot-args=dart=0 -alcbeta kext-dev-mode=1 
5:179  0:000  === [ Dump SMC keys from NVRAM ] ==========================
5:179  0:000  found AppleSMC protocol
5:216  0:036  === [ ScanLoader ] ========================================
5:216  0:000  - [02]: 'windows10', hidden
5:216  0:000  - [03]: 'EFI'
5:216  0:000          AddLoaderEntry for Volume Name=EFI
5:216  0:000  not png, try icns
5:216  0:000  - [04]: 'Application'
5:216  0:000  - [05]: 'MacOSX'
5:220  0:004          AddLoaderEntry for Volume Name=MacOSX
5:228  0:007      Check if volume Is Hibernated:
5:228  0:000      Check sleep image 'by signature':
5:245  0:016      read prefs \Library\Preferences\com.apple.PowerManagement.plist status=Success
5:245  0:000      using default sleep image name = \private\var\vm\sleepimage
5:250  0:005      Reading first 512 bytes of sleepimage ...
5:251  0:000      OurBlockIoRead: Lba=10141B80, Offset=2028370000 (BlockSize=512)
5:251  0:000      sig lion: 7A7A7A7A
5:251  0:000      sig snow: 0
5:251  0:000      no valid sleep image offset was found
5:251  0:000      Reading completed -> Success
5:251  0:000       sleepimage offset could not be acquired
5:251  0:000      hibernated: no - sign
5:251  0:000  not png, try icns
5:265  0:014  - [06]: 'Recovery HD'
5:265  0:000          AddLoaderEntry for Volume Name=Recovery HD
5:265  0:000  not png, try icns
5:266  0:000  - [07]: 'Media'
5:266  0:000  - [09]: 'EFI'
5:266  0:000  - [10]: 'Backup'
5:266  0:000  === [ AddCustomTool ] =====================================
5:266  0:000  EmuVariable InstallEmulation: orig vars copied, emu.var.services installed, CreateEvent VirtualAddressChange = Success, CreateEvent ExitBootServices = Success, set Status=Success
5:288  0:022  === [ GetEfiBootDeviceFromNvram ] =========================
5:288  0:000   - found entry 1. 'Boot macOS from MacOSX', Volume 'MacOSX', DevicePath 'PciRoot(0x0)\Pci(0x17,0x0)\Sata(0x0,0xFFFF,0x0)\HD(4,GPT,8B52574B-FB9F-45DA-A5D9-74A9CBAFF6DC,0xE8F4000,0xF2C9368)\System\Library\CoreServices\boot.efi'
5:288  0:000  EmuVariable UninstallEmulation: CloseEvent = Success, original var services restored
5:288  0:000  DefaultIndex=1 and MainMenu.EntryCount=7
9:410  4:121  ReinitSelfLib after theme change
9:410  0:000  reinit: self device path=PciRoot(0x0)\Pci(0x17,0x0)\Sata(0x0,0xFFFF,0x0)\HD(2,GPT,82A18BE1-EA99-410E-8038-07EB79B3953D,0x6950A60,0xFB5A0)
9:410  0:000  === [ ScanVolumes ] =======================================
9:410  0:000  Found 11 volumes with blockIO
9:410  0:000  - [00]: Volume: PciRoot(0x0)\Pci(0x17,0x0)\Sata(0x0,0xFFFF,0x0)
9:412  0:001  - [01]: Volume: PciRoot(0x0)\Pci(0x17,0x0)\Sata(0x2,0xFFFF,0x0)
9:415  0:003  - [02]: Volume: PciRoot(0x0)\Pci(0x17,0x0)\Sata(0x0,0xFFFF,0x0)\HD(1,GPT,80A6F348-5914-45AF-9A38-EFE43E9449E7,0x800,0x6950260)
9:416  0:000          Result of bootcode detection: bootable Windows (vista,win)
9:416  0:000          hiding this volume
9:416  0:000  - [03]: Volume: PciRoot(0x0)\Pci(0x17,0x0)\Sata(0x0,0xFFFF,0x0)\HD(2,GPT,82A18BE1-EA99-410E-8038-07EB79B3953D,0x6950A60,0xFB5A0)
9:417  0:000          Result of bootcode detection: bootable Windows (vista,win)
9:417  0:000          This is SelfVolume !!
9:417  0:000  - [04]: Volume: PciRoot(0x0)\Pci(0x17,0x0)\Sata(0x0,0xFFFF,0x0)\HD(3,GPT,FC54EB22-1FAB-4D90-9079-87E930975045,0x6A4C000,0x7EA7D25)
9:417  0:000          Result of bootcode detection: bootable Windows (vista,win)
9:417  0:000  - [05]: Volume: PciRoot(0x0)\Pci(0x17,0x0)\Sata(0x0,0xFFFF,0x0)\HD(4,GPT,8B52574B-FB9F-45DA-A5D9-74A9CBAFF6DC,0xE8F4000,0xF2C9368)
9:418  0:000  - [06]: Volume: PciRoot(0x0)\Pci(0x17,0x0)\Sata(0x0,0xFFFF,0x0)\HD(5,GPT,F128B105-9E44-456F-9031-6F1E1572B14E,0x1DBBD368,0x135F20)
9:419  0:000  - [07]: Volume: PciRoot(0x0)\Pci(0x17,0x0)\Sata(0x2,0xFFFF,0x0)\HD(1,GPT,EA3DC6DB-ACAE-4779-971B-A39760108983,0x1000,0x26EC7030)
9:490  0:071          Result of bootcode detection: bootable Windows (vista,win)
9:491  0:000  - [08]: Volume: PciRoot(0x0)\Pci(0x17,0x0)\Sata(0x2,0xFFFF,0x0)\HD(2,GPT,9221A2D4-50C8-4F7D-B5F4-3D0B724E5482,0x26EC8030,0xE481F93)
9:491  0:000          Result of bootcode detection: bootable Windows (vista,win)
9:492  0:000  - [09]: Volume: PciRoot(0x0)\Pci(0x17,0x0)\Sata(0x2,0xFFFF,0x0)\HD(3,GPT,5C3E7EF4-CEEF-480C-9E32-E047B431E8BD,0x3534A000,0x71000)
9:492  0:000          Result of bootcode detection: bootable Windows (win)
9:492  0:000  - [10]: Volume: PciRoot(0x0)\Pci(0x17,0x0)\Sata(0x2,0xFFFF,0x0)\HD(4,GPT,7B92B409-6BE9-43A4-9A5C-BAF78657363E,0x353BB000,0x4F8B008)
9:493  0:000  Choosing theme OSXLoginStyle
9:493  0:000  after NVRAM boot-args=dart=0 -alcbeta kext-dev-mode=1 
9:493  0:000  === [ Dump SMC keys from NVRAM ] ==========================
9:493  0:000  found AppleSMC protocol
9:501  0:007     fakesmc-key-#KEY-ui32:00 00 00 00 
9:502  0:000     fakesmc-key-$Adr-ui32:00 00 03 00 
9:503  0:000     fakesmc-key-$Num-ui8:01 
9:504  0:000     fakesmc-key-RMde-char:41 
9:513  0:009  === [ ScanLoader ] ========================================
9:513  0:000  - [02]: 'windows10', hidden
9:513  0:000  - [03]: 'EFI'
9:513  0:000          AddLoaderEntry for Volume Name=EFI
9:513  0:000  not png, try icns
9:514  0:000  - [04]: 'Application'
9:514  0:000  - [05]: 'MacOSX'
9:518  0:004          AddLoaderEntry for Volume Name=MacOSX
9:526  0:007      Check if volume Is Hibernated:
9:526  0:000      Check sleep image 'by signature':
9:542  0:016      read prefs \Library\Preferences\com.apple.PowerManagement.plist status=Success
9:542  0:000      using default sleep image name = \private\var\vm\sleepimage
9:547  0:005      Reading first 512 bytes of sleepimage ...
9:548  0:000      OurBlockIoRead: Lba=10141B80, Offset=2028370000 (BlockSize=512)
9:548  0:000      sig lion: 7A7A7A7A
9:548  0:000      sig snow: 0
9:548  0:000      no valid sleep image offset was found
9:548  0:000      Reading completed -> Success
9:548  0:000       sleepimage offset could not be acquired
9:548  0:000      hibernated: no - sign
9:548  0:000  not png, try icns
9:571  0:023  - [06]: 'Recovery HD'
9:571  0:000          AddLoaderEntry for Volume Name=Recovery HD
9:571  0:000  not png, try icns
9:572  0:000  - [07]: 'Media'
9:572  0:000  - [09]: 'EFI'
9:572  0:000  - [10]: 'Backup'
9:572  0:000  === [ AddCustomTool ] =====================================
9:572  0:000  EmuVariable InstallEmulation: orig vars copied, emu.var.services installed, CreateEvent VirtualAddressChange = Success, CreateEvent ExitBootServices = Success, set Status=Success
9:600  0:027  === [ GetEfiBootDeviceFromNvram ] =========================
9:600  0:000   - found entry 1. 'Boot macOS from MacOSX', Volume 'MacOSX', DevicePath 'PciRoot(0x0)\Pci(0x17,0x0)\Sata(0x0,0xFFFF,0x0)\HD(4,GPT,8B52574B-FB9F-45DA-A5D9-74A9CBAFF6DC,0xE8F4000,0xF2C9368)\System\Library\CoreServices\boot.efi'
9:600  0:000  EmuVariable UninstallEmulation: CloseEvent = Success, original var services restored
9:600  0:000  DefaultIndex=1 and MainMenu.EntryCount=7
9:860  0:260  Found UEFI Acpi 2.0 RSDP at 67393000
9:860  0:000  Saving ACPI tables from RSDP 67393000 to EFI\CLOVER\ACPI\origin ...
9:860  0:000   67393000: 'RSD PTR ', Rev: 2 (Acpi 2.0 or newer), Len: 36 -> RSDP.aml
9:873  0:012    (Xsdt: 673930A0, Rsdt: 67393028)
9:873  0:000    673930A0: 'XSDT', 'A M I', Rev: 1, Len: 196 -> XSDT.aml
9:885  0:011    67393028: 'RSDT', 'A M I', Rev: 1, Len: 116 -> RSDT.aml
9:896  0:011    Tables in Xsdt: 20
9:896  0:000    0. 673AC978: 'FACP', 'A M I', Rev: 5, Len: 268 -> FACP.aml
9:907  0:011        (Dsdt: 673931F8, Facs: 67B97F80, XDsdt: 673931F8, XFacs: 0)
9:907  0:000        673931F8: 'DSDT', 'A M I', Rev: 2, Len: 104320 -> DSDT.aml
9:923  0:015        67B97F80: 'FACS', Ver: 2, Len: 64 -> FACS.aml
9:935  0:011    1. 673ACA88: 'APIC', 'A M I', Rev: 3, Len: 188 -> APIC.aml
9:956  0:020    2. 673ACB48: 'FPDT', 'A M I', Rev: 1, Len: 68 -> FPDT.aml
9:968  0:012    3. 673ACB90: 'FIDT', 'A M I', Rev: 1, Len: 156 -> FIDT.aml
9:980  0:011    4. 673ACC30: 'MCFG', 'A M I', Rev: 1, Len: 60 -> MCFG.aml
9:991  0:011    5. 673ACC70: 'HPET', 'A M I', Rev: 1, Len: 56 -> HPET.aml
10:002  0:011    6. 673ACCA8: 'SSDT', 'A M I', Rev: 1, Len: 789 -> SSDT-0.aml
10:014  0:011    7. 673ACFC0: 'SSDT', 'A M I', Rev: 1, Len: 4352 -> SSDT-1.aml
10:027  0:012    8. 673AE0C0: 'DBGP', 'A M I', Rev: 1, Len: 52 -> DBGP.aml
10:038  0:011    9. 673AE0F8: 'DBG2', 'A M I', Rev: 0, Len: 84 -> DBG2.aml
10:049  0:010    10. 673AE150: 'MSDM', 'A M I', Rev: 3, Len: 85 -> MSDM.aml
10:060  0:011    11. 673AE1A8: 'SSDT', 'A M I', Rev: 2, Len: 22759 -> SSDT-2.aml
10:074  0:014    12. 673B3A90: 'UEFI', 'A M I', Rev: 1, Len: 66 -> UEFI.aml
10:086  0:011    13. 673B3AD8: 'SSDT', 'A M I', Rev: 2, Len: 3672
 Found hidden SSDT 7 pcs
10:086  0:000        * 66BFA698: 'SSDT', 'Cpu0Ist', Rev: 2, Len: 1500  53 53 44 54 DC 05 00 00 02 EF 50 6D 52 65 66 00 Internal length = 1500 -> SSDT-4x.aml
10:098  0:011        * 66BF9618: 'SSDT', 'ApIst', Rev: 2, Len: 1450  53 53 44 54 AA 05 00 00 02 CE 50 6D 52 65 66 00 Internal length = 1450 -> SSDT-5x.aml
10:109  0:011        * 66BF9C18: 'SSDT', 'Cpu0Cst', Rev: 2, Len: 895  53 53 44 54 7F 03 00 00 02 65 50 6D 52 65 66 00 Internal length = 895 -> SSDT-6x.aml
10:121  0:011        * 67100C18: 'SSDT', 'ApCst', Rev: 2, Len: 281  53 53 44 54 19 01 00 00 02 EA 50 6D 52 65 66 00 Internal length = 281 -> SSDT-7x.aml
10:132  0:011        * 65835918: 'SSDT', 'Cpu0Hwp', Rev: 2, Len: 142  53 53 44 54 8E 00 00 00 02 2B 50 6D 52 65 66 00 Internal length = 142 -> SSDT-8x.aml
10:143  0:011        * 65837A98: 'SSDT', 'ApHwp', Rev: 2, Len: 281  53 53 44 54 19 01 00 00 02 FD 50 6D 52 65 66 00 Internal length = 281 -> SSDT-9x.aml
10:162  0:018        * 65837918: 'SSDT', 'HwpLvt', Rev: 2, Len: 304  53 53 44 54 30 01 00 00 02 85 50 6D 52 65 66 00 Internal length = 304 -> SSDT-10x.aml
10:174  0:011   -> SSDT-3.aml
10:185  0:011    14. 673B4930: 'BGRT', 'A M I', Rev: 1, Len: 56 -> BGRT.aml
10:196  0:011    15. 673B4968: 'SSDT', 'A M I', Rev: 2, Len: 159 -> SSDT-11.aml
10:208  0:011    16. 673B4A08: 'DMAR', 'A M I', Rev: 1, Len: 168 -> DMAR.aml
10:219  0:011    17. 673B4AB0: 'TPM2', 'A M I', Rev: 3, Len: 52 -> TPM2.aml
10:231  0:011    18. 673B4AE8: 'SSDT', 'A M I', Rev: 1, Len: 8984 -> SSDT-12.aml
10:243  0:011    19. 673B6E00: 'ASF!', 'A M I', Rev: 32, Len: 165 -> ASF!.aml
10:256  0:012    Tables in Rsdt: 20
10:256  0:000    0. 67393170: 'FACP', 'A M I', Rev: 2, Len: 132 -> RSDT-FACP.aml
10:267  0:011        (Dsdt: 673931F8, Facs: 67B97F40)
10:267  0:000        673931F8: 'DSDT', 'A M I', Rev: 2, Len: 104320
10:268  0:001        67B97F40: 'FACS', Ver: 0, Len: 64 -> RSDT-FACS.aml
10:290  0:021    1. 673ACA88: 'APIC', 'A M I', Rev: 3, Len: 188
10:290  0:000    2. 673ACB48: 'FPDT', 'A M I', Rev: 1, Len: 68
10:290  0:000    3. 673ACB90: 'FIDT', 'A M I', Rev: 1, Len: 156
10:290  0:000    4. 673ACC30: 'MCFG', 'A M I', Rev: 1, Len: 60
10:290  0:000    5. 673ACC70: 'HPET', 'A M I', Rev: 1, Len: 56
10:290  0:000    6. 673ACCA8: 'SSDT', 'A M I', Rev: 1, Len: 789
10:290  0:000    7. 673ACFC0: 'SSDT', 'A M I', Rev: 1, Len: 4352
10:290  0:000    8. 673AE0C0: 'DBGP', 'A M I', Rev: 1, Len: 52
10:290  0:000    9. 673AE0F8: 'DBG2', 'A M I', Rev: 0, Len: 84
10:290  0:000    10. 673AE150: 'MSDM', 'A M I', Rev: 3, Len: 85
10:290  0:000    11. 673AE1A8: 'SSDT', 'A M I', Rev: 2, Len: 22759
10:290  0:000    12. 673B3A90: 'UEFI', 'A M I', Rev: 1, Len: 66
10:290  0:000    13. 673B3AD8: 'SSDT', 'A M I', Rev: 2, Len: 3672
10:290  0:000    14. 673B4930: 'BGRT', 'A M I', Rev: 1, Len: 56
10:290  0:000    15. 673B4968: 'SSDT', 'A M I', Rev: 2, Len: 159
10:290  0:000    16. 673B4A08: 'DMAR', 'A M I', Rev: 1, Len: 168
10:290  0:000    17. 673B4AB0: 'TPM2', 'A M I', Rev: 3, Len: 52
10:290  0:000    18. 673B4AE8: 'SSDT', 'A M I', Rev: 1, Len: 8984
10:290  0:000    19. 673B6E00: 'ASF!', 'A M I', Rev: 32, Len: 165
10:290  0:000  Found UEFI Acpi 1.0 RSDP at 67393000
10:290  0:000  Printing ACPI tables from RSDP 67393000 ...
10:290  0:000   67393000: 'RSD PTR ', Rev: 2 (Acpi 2.0 or newer), Len: 36
10:290  0:000    (Xsdt: 673930A0, Rsdt: 67393028)
10:290  0:000    673930A0: 'XSDT', 'A M I', Rev: 1, Len: 196
10:290  0:000    67393028: 'RSDT', 'A M I', Rev: 1, Len: 116
10:290  0:000    Tables in Xsdt: 20
10:290  0:000    0. 673AC978: 'FACP', 'A M I', Rev: 5, Len: 268
10:290  0:000        (Dsdt: 673931F8, Facs: 67B97F80, XDsdt: 673931F8, XFacs: 0)
10:290  0:000        673931F8: 'DSDT', 'A M I', Rev: 2, Len: 104320
10:292  0:001        67B97F80: 'FACS', Ver: 2, Len: 64
10:292  0:000    1. 673ACA88: 'APIC', 'A M I', Rev: 3, Len: 188
10:292  0:000    2. 673ACB48: 'FPDT', 'A M I', Rev: 1, Len: 68
10:292  0:000    3. 673ACB90: 'FIDT', 'A M I', Rev: 1, Len: 156
10:292  0:000    4. 673ACC30: 'MCFG', 'A M I', Rev: 1, Len: 60
10:292  0:000    5. 673ACC70: 'HPET', 'A M I', Rev: 1, Len: 56
10:292  0:000    6. 673ACCA8: 'SSDT', 'A M I', Rev: 1, Len: 789
10:292  0:000    7. 673ACFC0: 'SSDT', 'A M I', Rev: 1, Len: 4352
10:292  0:000    8. 673AE0C0: 'DBGP', 'A M I', Rev: 1, Len: 52
10:292  0:000    9. 673AE0F8: 'DBG2', 'A M I', Rev: 0, Len: 84
10:292  0:000    10. 673AE150: 'MSDM', 'A M I', Rev: 3, Len: 85
10:292  0:000    11. 673AE1A8: 'SSDT', 'A M I', Rev: 2, Len: 22759
10:292  0:000    12. 673B3A90: 'UEFI', 'A M I', Rev: 1, Len: 66
10:292  0:000    13. 673B3AD8: 'SSDT', 'A M I', Rev: 2, Len: 3672
10:292  0:000    14. 673B4930: 'BGRT', 'A M I', Rev: 1, Len: 56
10:292  0:000    15. 673B4968: 'SSDT', 'A M I', Rev: 2, Len: 159
10:292  0:000    16. 673B4A08: 'DMAR', 'A M I', Rev: 1, Len: 168
10:292  0:000    17. 673B4AB0: 'TPM2', 'A M I', Rev: 3, Len: 52
10:292  0:000    18. 673B4AE8: 'SSDT', 'A M I', Rev: 1, Len: 8984
10:292  0:000    19. 673B6E00: 'ASF!', 'A M I', Rev: 32, Len: 165
10:292  0:000    Tables in Rsdt: 20
10:292  0:000    0. 67393170: 'FACP', 'A M I', Rev: 2, Len: 132
10:292  0:000        (Dsdt: 673931F8, Facs: 67B97F40)
10:292  0:000        673931F8: 'DSDT', 'A M I', Rev: 2, Len: 104320
10:293  0:001        67B97F40: 'FACS', Ver: 0, Len: 64
10:293  0:000    1. 673ACA88: 'APIC', 'A M I', Rev: 3, Len: 188
10:293  0:000    2. 673ACB48: 'FPDT', 'A M I', Rev: 1, Len: 68
10:293  0:000    3. 673ACB90: 'FIDT', 'A M I', Rev: 1, Len: 156
10:293  0:000    4. 673ACC30: 'MCFG', 'A M I', Rev: 1, Len: 60
10:293  0:000    5. 673ACC70: 'HPET', 'A M I', Rev: 1, Len: 56
10:293  0:000    6. 673ACCA8: 'SSDT', 'A M I', Rev: 1, Len: 789
10:293  0:000    7. 673ACFC0: 'SSDT', 'A M I', Rev: 1, Len: 4352
10:293  0:000    8. 673AE0C0: 'DBGP', 'A M I', Rev: 1, Len: 52
10:293  0:000    9. 673AE0F8: 'DBG2', 'A M I', Rev: 0, Len: 84
10:293  0:000    10. 673AE150: 'MSDM', 'A M I', Rev: 3, Len: 85
10:293  0:000    11. 673AE1A8: 'SSDT', 'A M I', Rev: 2, Len: 22759
10:293  0:000    12. 673B3A90: 'UEFI', 'A M I', Rev: 1, Len: 66
10:293  0:000    13. 673B3AD8: 'SSDT', 'A M I', Rev: 2, Len: 3672
10:293  0:000    14. 673B4930: 'BGRT', 'A M I', Rev: 1, Len: 56
10:293  0:000    15. 673B4968: 'SSDT', 'A M I', Rev: 2, Len: 159
10:293  0:000    16. 673B4A08: 'DMAR', 'A M I', Rev: 1, Len: 168
10:293  0:000    17. 673B4AB0: 'TPM2', 'A M I', Rev: 3, Len: 52
10:293  0:000    18. 673B4AE8: 'SSDT', 'A M I', Rev: 1, Len: 8984
10:293  0:000    19. 673B6E00: 'ASF!', 'A M I', Rev: 32, Len: 165
10:319  0:026  === [ FixBiosDsdt ] =======================================
10:319  0:000  VideoCard devID=0x139B10DE
10:319  0:000  DisplayADR1[0] = 0x10000, DisplayADR2[0] = 0x0
10:320  0:000  VideoCard devID=0x191B8086
10:320  0:000  DisplayADR1[1] = 0x20000, DisplayADR2[1] = 0xFFFE
10:320  0:000  USBADR[0] = 0x140000 and PCIe = 0xFFFE
10:320  0:000  Found Airport BCM at 0x1C0002, 0x0
10:333  0:013  Audio HDA (addr:0x1F0003) setting specified layout-id=3 (0x3)
10:333  0:000  Patching DSDT:
10:333  0:000   - [01]: pattern 45484331, bin not found / already patched!
10:333  0:000   - [02]: pattern 48444153, patched at: [ (8399) (19DD) (16E) (D) (A1) (6A) ]
10:333  0:000   - [03]: pattern 45484332, bin not found / already patched!
10:333  0:000  first CPU found at 6D68 offset 6D6B
10:333  0:000  score candidate at 6D64
10:333  0:000  score inserted in acpi_cpu_score _PR_
10:333  0:000  Found ACPI CPU: CPU0 | CPU1 | CPU2 | CPU3 | CPU4 | CPU5 | CPU6 | CPU7 , within the score: _PR_
10:333  0:000  Found PCIROOTUID = 0
10:333  0:000  Start PNLF Fix
10:334  0:000  found PWRB at 140B6
10:353  0:019  DSDT saved to EFI\CLOVER\ACPI\origin\DSDT-81000000.aml
11:541  1:188  QueryMode 1 Status=Success
11:548  0:007  Video mode change to mode #1: Success
12:205  0:656  QueryMode 2 Status=Success
12:215  0:009  Video mode change to mode #2: Success
12:771  0:555  QueryMode 3 Status=Success
12:797  0:026  Video mode change to mode #3: Success
13:073  0:276  QueryMode 4 Status=Success
13:097  0:023  Video mode change to mode #4: Success
16:998  3:901  BootVariable of the entry is empty
16:998  0:000  === [ StartLoader ] =======================================
16:998  0:000  Finally: Bus=100000kHz CPU=2600MHz
16:998  0:000  Loading boot.efi  status=Success
17:108  0:110  GetOSVersion: 10.12.1 (16B2657)
17:108  0:000  CSR_CFG: CSR_ALLOW_UNTRUSTED_KEXTS | CSR_ALLOW_UNRESTRICTED_FS | CSR_ALLOW_TASK_FOR_PID | CSR_ALLOW_UNRESTRICTED_DTRACE | CSR_ALLOW_UNRESTRICTED_NVRAM
17:108  0:000  Filtering KextPatches:
17:108  0:000   - [00]: AppleIntelSKLGraphicsFramebuffer (Disable minStolenSize less or equal fStolenMemorySize assertion, 10.11.4 ( (based on Austere.J patch)) :: BinPatch :: [OS: 10.12.1 | MatchOS: All | MatchBuild: All] ==> allowed
17:108  0:000   - [01]: AppleHDA (AppleHDA patches 1 0x10EC0884) :: BinPatch :: [OS: 10.12.1 | MatchOS: All | MatchBuild: All] ==> allowed
17:108  0:000   - [02]: AppleHDA (AppleHDA/Resources/xml>zml) :: BinPatch :: [OS: 10.12.1 | MatchOS: All | MatchBuild: All] ==> allowed
17:108  0:000   - [03]: IOBluetoothFamily (Handoff) :: BinPatch :: [OS: 10.12.1 | MatchOS: All | MatchBuild: All] ==> allowed
17:108  0:000   - [04]: AirPortBrcm4360 (Airpot-Extreme) :: BinPatch :: [OS: 10.12.1 | MatchOS: All | MatchBuild: All] ==> allowed
17:108  0:000   - [05]: AppleHDA (10.9-10.12-AppleHDA/Realtek ALC269) :: BinPatch :: [OS: 10.12.1 | MatchOS: All | MatchBuild: All] ==> allowed
17:108  0:000   - [06]: AppleAPIC (Skylake AppleAPIC Patch(c)) :: BinPatch :: [OS: 10.12.1 | MatchOS: All | MatchBuild: All] ==> allowed
17:108  0:000   - [07]: IOGraphicsFamily (Boot graphics glitch, 10.10.x/10.11.x (credit lisai9093, cecekpawon)) :: BinPatch :: [OS: 10.12.1 | MatchOS: All | MatchBuild: All] ==> allowed
17:108  0:000   - [08]: AirPortBrcm4360 (pci error 3) :: BinPatch :: [OS: 10.12.1 | MatchOS: All | MatchBuild: All] ==> allowed
17:108  0:000   - [09]: AirPortBrcm4360 (pci error 1) :: BinPatch :: [OS: 10.12.1 | MatchOS: All | MatchBuild: All] ==> allowed
17:108  0:000   - [10]: AirPortBrcm4360 (pci error 2) :: BinPatch :: [OS: 10.12.1 | MatchOS: All | MatchBuild: All] ==> allowed
17:108  0:000   - [11]: AirPortBrcm4360 (AirPortBrcm4360 - fcvo) :: BinPatch :: [OS: 10.12.1 | MatchOS: All | MatchBuild: All] ==> allowed
17:108  0:000   - [12]: AppleHDA (AppleHDA patches 2 0x10EC0885) :: BinPatch :: [OS: 10.12.1 | MatchOS: All | MatchBuild: All] ==> allowed
17:108  0:000   - [13]: IOAHCIBlockStorage (Enable TRIM for SSD) :: BinPatch :: [OS: 10.12.1 | MatchOS: All | MatchBuild: All] ==> allowed
17:108  0:000   - [14]: AppleHDA (AppleHDA patches 4 0x10EC0269) :: BinPatch :: [OS: 10.12.1 | MatchOS: All | MatchBuild: All] ==> allowed
17:108  0:000   - [15]: AppleHDA (10.9-10.12-AppleHDA/Realtek ALC269) :: BinPatch :: [OS: 10.12.1 | MatchOS: All | MatchBuild: All] ==> allowed
17:108  0:000   - [16]: AppleHDA (AppleHDA/Resources/xml>zml) :: BinPatch :: [OS: 10.12.1 | MatchOS: All | MatchBuild: All] ==> allowed
17:108  0:000   - [17]: AppleHDA (AppleHDA/Resources/xml>zml) :: BinPatch :: [OS: 10.12.1 | MatchOS: All | MatchBuild: All] ==> allowed
17:108  0:000   - [18]: AirPortBrcm4360 (Mac-189A3D4F975D5FFC) :: BinPatch :: [OS: 10.12.1 | MatchOS: All | MatchBuild: All] ==> allowed
17:108  0:000  EmuVariable InstallEmulation: orig vars copied, emu.var.services installed, CreateEvent VirtualAddressChange = Success, CreateEvent ExitBootServices = Success, set Status=Success
17:136  0:027  === [ PatchSmbios ] =======================================
17:136  0:000  insert table 9 for dev 0:0
17:136  0:000  insert table 9 for dev 0:1
17:136  0:000  insert table 9 for dev 0:0
17:137  0:000  Channels: 1
17:137  0:000  Interleave: 0 1 2 3 4 5 6 7 8 9 10 11 12 13 14 15 16 17 18 19 20 21 22 23
17:137  0:000  SMBIOS Type 17 Index = 0 => 0 0:
17:137  0:000  BANK0 DIMM0 1600MHz 8192MB
17:137  0:000  SMBIOS Type 17 Index = 1 => 1 1:
17:137  0:000  BANK0 DIMM1 EMPTY
17:137  0:000  mTotalSystemMemory = 8192
17:137  0:000  NumberOfMemoryDevices = 2
17:137  0:000  Type20[0]->End = 0x7FFFFF, Type17[0] = 0x2000
17:137  0:000  Table 131 is present, CPUType=31
17:137  0:000  Change to: 705
17:137  0:000  === [ PatchACPI ] =========================================
17:137  0:000  RSDT 0x67393028
17:137  0:000  FADT from RSDT: 0x67393170
17:137  0:000  XSDT 0x673930A0
17:137  0:000  FADT from XSDT: 0x673AC978
17:137  0:000  Xsdt reallocation done
17:137  0:000  old FADT length=10C
17:137  0:000  Apply DsdtFixMask=0x81000000 new way
17:137  0:000     drop _DSM mask=0x0000
17:137  0:000  === [ FixBiosDsdt ] =======================================
17:137  0:000  VideoCard devID=0x139B10DE
17:137  0:000  DisplayADR1[0] = 0x10000, DisplayADR2[0] = 0x0
17:137  0:000  VideoCard devID=0x191B8086
17:137  0:000  DisplayADR1[1] = 0x20000, DisplayADR2[1] = 0xFFFE
17:137  0:000  USBADR[0] = 0x140000 and PCIe = 0xFFFE
17:137  0:000  Found Airport BCM at 0x1C0002, 0x0
17:160  0:023  Audio HDA (addr:0x1F0003) setting specified layout-id=3 (0x3)
17:160  0:000  Patching DSDT:
17:160  0:000   - [01]: pattern 45484331, bin not found / already patched!
17:160  0:000   - [02]: pattern 48444153, patched at: [ (8399) (19DD) (16E) (D) (A1) (6A) ]
17:160  0:000   - [03]: pattern 45484332, bin not found / already patched!
17:161  0:000  first CPU found at 6D68 offset 6D6B
17:161  0:000  score candidate at 6D64
17:161  0:000  score inserted in acpi_cpu_score _PR_
17:161  0:000  Found ACPI CPU: CPU0 | CPU1 | CPU2 | CPU3 | CPU4 | CPU5 | CPU6 | CPU7 , within the score: _PR_
17:161  0:000  Found PCIROOTUID = 0
17:161  0:000  Start PNLF Fix
17:161  0:000  found PWRB at 140B6
17:161  0:000  === [ ACPIDropTables ] ====================================
17:161  0:000  Drop tables from Xsdt, SIGN=DMAR TableID=A M I Length=168
17:161  0:000   Xsdt has tables count=20
17:161  0:000   Table: DMAR  A M I  168 dropped
17:161  0:000  corrected XSDT length=188
17:161  0:000  === [ PatchAllSSDT ] ======================================
17:161  0:000  Patch table: SSDT  A M I
17:161  0:000   SSDT len = 0x315
17:161  0:000  Patching SSDT:
17:161  0:000   - [01]: pattern 45484331, bin not found / already patched!
17:161  0:000   - [02]: pattern 48444153, bin not found / already patched!
17:161  0:000   - [03]: pattern 45484332, bin not found / already patched!
17:161  0:000  Patch table: SSDT  A M I
17:161  0:000   SSDT len = 0x1100
17:161  0:000  Patching SSDT:
17:161  0:000   - [01]: pattern 45484331, bin not found / already patched!
17:161  0:000   - [02]: pattern 48444153, bin not found / already patched!
17:161  0:000   - [03]: pattern 45484332, bin not found / already patched!
17:161  0:000  Patch table: SSDT  A M I
17:161  0:000   SSDT len = 0x58E7
17:161  0:000  Patching SSDT:
17:161  0:000   - [01]: pattern 45484331, bin not found / already patched!
17:161  0:000   - [02]: pattern 48444153, bin not found / already patched!
17:161  0:000   - [03]: pattern 45484332, bin not found / already patched!
17:161  0:000  Patch table: SSDT  A M I
17:161  0:000   SSDT len = 0xE58
17:161  0:000  Patching SSDT:
17:161  0:000   - [01]: pattern 45484331, bin not found / already patched!
17:161  0:000   - [02]: pattern 48444153, bin not found / already patched!
17:161  0:000   - [03]: pattern 45484332, bin not found / already patched!
17:161  0:000  Patch table: SSDT  A M I
17:161  0:000   SSDT len = 0x9F
17:161  0:000  Patching SSDT:
17:161  0:000   - [01]: pattern 45484331, bin not found / already patched!
17:161  0:000   - [02]: pattern 48444153, bin not found / already patched!
17:161  0:000   - [03]: pattern 45484332, bin not found / already patched!
17:161  0:000  Patch table: SSDT  A M I
17:161  0:000   SSDT len = 0x2318
17:161  0:000  Patching SSDT:
17:161  0:000   - [01]: pattern 45484331, bin not found / already patched!
17:161  0:000   - [02]: pattern 48444153, bin not found / already patched!
17:161  0:000   - [03]: pattern 45484332, bin not found / already patched!
17:161  0:000  Drop tables from Xsdt, SIGN=XXXX TableID= Length=0
17:161  0:000   Xsdt has tables count=19
17:161  0:000  corrected XSDT length=188
17:161  0:000  CPUBase=0 and ApicCPUBase=1 ApicCPUNum=1
17:161  0:000  === [ RestSetup macOS ] ===================================
17:161  0:000  EdidDiscovered size=128
17:161  0:000  000  |  00  FF  FF  FF  FF  FF  FF  00  4C  83
17:161  0:000  010  |  52  37  00  00  00  00  00  18  01  04
17:161  0:000  020  |  95  22  13  78  0A  B9  95  A2  55  4B
17:161  0:000  030  |  9C  26  0F  50  54  00  00  00  01  01
17:161  0:000  040  |  01  01  01  01  01  01  01  01  01  01
17:161  0:000  050  |  01  01  01  01  D2  37  80  A2  70  38
17:161  0:000  060  |  40  40  30  20  25  00  58  C2  10  00
17:161  0:000  070  |  00  19  00  00  00  0F  00  00  00  00
17:161  0:000  080  |  00  00  00  00  00  1E  82  10  52  00
17:161  0:000  090  |  00  00  00  FE  00  53  41  4D  53  55
17:161  0:000  100  |  4E  47  0A  20  4C  83  48  4C  00  00
17:161  0:000  110  |  00  FE  00  4C  54  4E  31  35  36  48
17:161  0:000  120  |  4C  30  39  34  30  31  00  51
17:162  0:000  NVidia GFX injection not set
17:162  0:000  Intel Intel HD Graphics 530 [8086:191B] :: PciRoot(0x0)\Pci(0x2,0x0)
17:162  0:000  custom IntelGFX properties injected, continue
17:162  0:000  Intel GFX revision  =0x6
17:162  0:000   RCBA disabled; cannot use it
17:162  0:000   setting specified layout-id=3 (0x3)
17:162  0:000  stringlength = 1930
17:162  0:000  CurrentMode: Width=1280 Height=1024
17:162  0:000  Beginning FSInjection
FSInjectionInstall ...
- Our FSI_SIMPLE_FILE_SYSTEM_PROTOCOL installed on handle: 65648218
FSInjectionInstall ...
- Our FSI_SIMPLE_FILE_SYSTEM_PROTOCOL installed on handle: 65648218
17:166  0:003  Preparing kexts injection for arch=x86_64 from EFI\CLOVER\kexts\Other
17:166  0:000  Preparing kexts injection for arch=x86_64 from EFI\CLOVER\kexts\10.12
17:166  0:000    Extra kext: EFI\CLOVER\kexts\10.12\ACPIBatteryManager.kext
17:168  0:001    Extra kext: EFI\CLOVER\kexts\10.12\ApplePS2SmartTouchPad.kext
17:170  0:002      Extra PlugIn kext: EFI\CLOVER\kexts\10.12\ApplePS2SmartTouchPad.kext\Contents\PlugIns\ApplePS2Controller.kext
17:171  0:001      Extra PlugIn kext: EFI\CLOVER\kexts\10.12\ApplePS2SmartTouchPad.kext\Contents\PlugIns\ApplePS2Keyboard.kext
17:173  0:001    Extra kext: EFI\CLOVER\kexts\10.12\BrcmFirmwareData.kext
17:179  0:006    Extra kext: EFI\CLOVER\kexts\10.12\BrcmNonPatchRAM2.kext
17:180  0:000    Extra kext: EFI\CLOVER\kexts\10.12\BrcmPatchRAM2.kext
17:183  0:003    Extra kext: EFI\CLOVER\kexts\10.12\CodecCommander.kext
17:185  0:002    Extra kext: EFI\CLOVER\kexts\10.12\FakePCIID_Intel_HD_Graphics.kext
17:186  0:000    Extra kext: EFI\CLOVER\kexts\10.12\FakePCIID.kext
17:187  0:001    Extra kext: EFI\CLOVER\kexts\10.12\FakeSMC.kext
17:189  0:002      Extra PlugIn kext: EFI\CLOVER\kexts\10.12\FakeSMC.kext\Contents\PlugIns\ACPISensors.kext
17:191  0:001      Extra PlugIn kext: EFI\CLOVER\kexts\10.12\FakeSMC.kext\Contents\PlugIns\CPUSensors.kext
17:192  0:000      Extra PlugIn kext: EFI\CLOVER\kexts\10.12\FakeSMC.kext\Contents\PlugIns\GPUSensors.kext
17:194  0:001      Extra PlugIn kext: EFI\CLOVER\kexts\10.12\FakeSMC.kext\Contents\PlugIns\LPCSensors.kext
17:201  0:006    Extra kext: EFI\CLOVER\kexts\10.12\RealtekRTL8111.kext
17:203  0:002    Extra kext: EFI\CLOVER\kexts\10.12\VoodooHDA.kext
17:206  0:003  Custom boot is disabled
17:207  0:000  Closing log
