0:100  0:100  MemLog inited, TSC freq: 3408488200
0:100  0:000  CPU was calibrated without ACPI PM Timer: ACPI I/O space is not enabled., use RTC
0:100  0:000  
0:100  0:000  Now is 27.1.2018,  15:0:39 (GMT)
0:100  0:000  Starting Clover revision: 4334 on American Megatrends EFI
0:100  0:000  Build with: [Args: -mc --no-usb -D NO_GRUB_DRIVERS_EMBEDDED -t XCODE8 | -D DISABLE_USB_SUPPORT -D NO_GRUB_DRIVERS_EMBEDDED -D USE_BIOS_BLOCKIO -D USE_LOW_EBDA -a X64 -b RELEASE -t XCODE8 -n 5 | OS: 10.13.2 | XCODE: 9.2]
0:100  0:000  SelfDevicePath=PciRoot(0x0)\Pci(0x1B,0x0)\Pci(0x0,0x0)\NVMe(0x1,00-00-00-00-00-00-00-00)\HD(1,GPT,3E96A851-7CB9-4713-AB6A-C7F5872AC994,0x1000,0x95000) @CAFCDE98
0:100  0:000  SelfDirPath = \EFI\CLOVER
0:100  0:000  === [ Get Smbios ] ========================================
0:100  0:000  Type 16 Index = 0
0:100  0:000  Total Memory Slots Count = 4
0:100  0:000  Type 17 Index = 0
0:100  0:000  Ignoring insane frequency value 0MHz
0:100  0:000  SmbiosTable.Type17->Speed = 0MHz
0:100  0:000  SmbiosTable.Type17->Size = 0MB
0:100  0:000  SmbiosTable.Type17->Bank/Device = BANK 0 ChannelA-DIMM0
0:100  0:000  SmbiosTable.Type17->Vendor = <null string>
0:100  0:000  SmbiosTable.Type17->SerialNumber = <null string>
0:100  0:000  SmbiosTable.Type17->PartNumber = <null string>
0:100  0:000  Type 17 Index = 1
0:100  0:000  Ignoring insane frequency value 0MHz
0:100  0:000  SmbiosTable.Type17->Speed = 0MHz
0:100  0:000  SmbiosTable.Type17->Size = 0MB
0:100  0:000  SmbiosTable.Type17->Bank/Device = BANK 1 ChannelA-DIMM1
0:100  0:000  SmbiosTable.Type17->Vendor = <null string>
0:100  0:000  SmbiosTable.Type17->SerialNumber = <null string>
0:100  0:000  SmbiosTable.Type17->PartNumber = <null string>
0:100  0:000  Type 17 Index = 2
0:100  0:000  Ignoring insane frequency value 0MHz
0:100  0:000  SmbiosTable.Type17->Speed = 0MHz
0:100  0:000  SmbiosTable.Type17->Size = 0MB
0:100  0:000  SmbiosTable.Type17->Bank/Device = BANK 2 ChannelB-DIMM0
0:100  0:000  SmbiosTable.Type17->Vendor = <null string>
0:100  0:000  SmbiosTable.Type17->SerialNumber = <null string>
0:100  0:000  SmbiosTable.Type17->PartNumber = <null string>
0:100  0:000  Type 17 Index = 3
0:100  0:000  SmbiosTable.Type17->Speed = 2400MHz
0:100  0:000  SmbiosTable.Type17->Size = 8192MB
0:100  0:000  SmbiosTable.Type17->Bank/Device = BANK 3 ChannelB-DIMM1
0:100  0:000  SmbiosTable.Type17->Vendor = 0710
0:100  0:000  SmbiosTable.Type17->SerialNumber = 00001666
0:100  0:000  SmbiosTable.Type17->PartNumber = Tigo-2400MHz-8G     
0:100  0:000  Boot status=0
0:100  0:000  Running on: 'B250M-D3H' with board 'B250M-D3H-CF'
0:100  0:000  === [ GetCPUProperties ] ==================================
0:100  0:000  CPU Vendor = 756E6547 Model=906E9
0:100  0:000   The CPU supported SSE4.1
0:100  0:000  BrandString = Intel(R) Core(TM) i5-7500 CPU @ 3.40GHz
0:100  0:000   The CPU supported turbo
0:100  0:000  MSR 0x35               40004
0:100  0:000   TSC/CCC Information Leaf:
0:100  0:000    numerator     : 284
0:100  0:000    denominator   : 2
0:100  0:000   Calibrated ARTFrequency: 24003438
0:100  0:000  MSR 0xE2 before patch 1E000006
0:100  0:000  MSR 0xCE              08080838_F1012200
0:100  0:000  MSR 0x1A0             00850089
0:100  0:000  corrected FLEX_RATIO = 0
0:100  0:000  FSBFrequency = 105 MHz, DMI FSBFrequency = 100 MHz, Corrected FSBFrequency = 100 MHz
0:100  0:000  MaxDiv/MinDiv: 34.0/8
0:100  0:000  Turbo: 36/37/37/38
0:100  0:000  Features: 0xBFEBFBFF
0:100  0:000  Threads: 4
0:100  0:000  Cores: 4
0:100  0:000  FSB: 100 MHz
0:100  0:000  CPU: 3600 MHz
0:100  0:000  TSC: 3600 MHz
0:100  0:000  PIS: 100 MHz
0:100  0:000  ExternalClock: 25 MHz
0:100  0:000  === [ GetDevices ] ========================================
0:100  0:000  PCI (00|00:00.00) : 8086 591F class=060000
0:100  0:000  PCI (00|00:01.00) : 8086 1901 class=060400
0:100  0:000  PCI (00|01:00.00) : 10DE 1C02 class=030000
0:100  0:000   - GFX: Model=Colorful GeForce GTX 1060 family 136 (Nvidia)
0:100  0:000  PCI (00|01:00.01) : 10DE 10F1 class=040300
0:100  0:000   - HDMI Audio: 
0:100  0:000  PCI (00|00:08.00) : 8086 1911 class=088000
0:100  0:000  PCI (00|00:14.00) : 8086 A2AF class=0C0330
0:100  0:000  PCI (00|00:16.00) : 8086 A2BA class=078000
0:100  0:000  PCI (00|00:17.00) : 8086 A282 class=010601
0:100  0:000  PCI (00|00:1B.00) : 8086 A2EB class=060400
0:100  0:000  PCI (00|02:00.00) : 1987 5007 class=010802
0:100  0:000  PCI (00|00:1C.00) : 8086 A294 class=060400
0:100  0:000  PCI (00|00:1D.00) : 8086 A298 class=060400
0:100  0:000  PCI (00|00:1D.02) : 8086 A29A class=060400
0:100  0:000  PCI (00|00:1D.03) : 8086 A29B class=060400
0:100  0:000  PCI (00|06:00.00) : 1283 8892 class=060401
0:100  0:000  PCI (00|00:1F.00) : 8086 A2C8 class=060100
0:100  0:000  PCI (00|00:1F.02) : 8086 A2A1 class=058000
0:100  0:000  PCI (00|00:1F.03) : 8086 A2F0 class=040300
0:100  0:000  PCI (00|00:1F.04) : 8086 A2A3 class=0C0500
0:100  0:000  PCI (00|00:1F.06) : 8086 15B8 class=020000
0:100  0:000   - LAN: 0 Vendor=Intel
0:100  0:000  === [ GetDefaultSettings ] ================================
0:100  0:000  Clover load options size = 0 bytes
0:102  0:001  EFI\CLOVER\config.plist loaded: Success
0:102  0:000  === [ GetListOfThemes ] ===================================
0:102  0:000  - [00]: mimi black
0:103  0:000  === [ Found config plists ] ===============================
0:103  0:000  - config.plist
0:103  0:000  === [ GetEarlyUserSettings ] ==============================
0:103  0:000  timeout set to 0
0:103  0:000  Custom boot CUSTOM_BOOT_DISABLED (0x0)
0:103  0:000  FakeCPUID: 506E3
0:103  0:000  KextsToPatch: 18 requested
0:103  0:000   - [00]: AppleAHCIPort (External icons patch) :: BinPatch :: data len: 8
0:103  0:000   - [01]: AppleUSBXHCIPCI (change 15 port limit to 26 in XHCI kext) :: BinPatch :: data len: 7
0:103  0:000   - [02]: IOAHCIBlockStorage (TRIM function for non-Apple SSDs) :: BinPatch :: data len: 10
0:103  0:000   - [03]: IONVMeFamily (IONVMeFamily Pike R. Alpha Patch#1) :: BinPatch :: data len: 16
0:103  0:000   - [04]: IONVMeFamily (IONVMeFamily Pike R. Alpha Patch#2) :: BinPatch :: data len: 16
0:103  0:000   - [05]: IONVMeFamily (IONVMeFamily Pike R. Alpha Patch#3) :: BinPatch :: data len: 16
0:103  0:000   - [06]: IONVMeFamily (IONVMeFamily Pike R. Alpha Patch#4) :: BinPatch :: data len: 16
0:103  0:000   - [07]: IONVMeFamily (IONVMeFamily Pike R. Alpha Patch#5) :: BinPatch :: data len: 16
0:103  0:000   - [08]: IONVMeFamily (IONVMeFamily Pike R. Alpha Patch#6_7) :: BinPatch :: data len: 20
0:103  0:000   - [09]: IONVMeFamily (IONVMeFamily Pike R. Alpha Patch#8) :: BinPatch :: data len: 16
0:103  0:000   - [10]: IONVMeFamily (IONVMeFamily Pike R. Alpha Patch#9_10) :: BinPatch :: data len: 44
0:103  0:000   - [11]: IONVMeFamily (IONVMeFamily Pike R. Alpha Patch#11) :: BinPatch :: data len: 16
0:103  0:000   - [12]: IONVMeFamily (IONVMeFamily Pike R. Alpha Patch#12) :: BinPatch :: data len: 16
0:103  0:000   - [13]: IONVMeFamily (IONVMeFamily Pike R. Alpha Patch#13) :: BinPatch :: data len: 16
0:103  0:000   - [14]: IONVMeFamily (IONVMeFamily Pike R. Alpha Patch#14) :: BinPatch :: data len: 16
0:103  0:000   - [15]: IONVMeFamily (IONVMeFamily Pike R. Alpha Patch#15) :: BinPatch :: data len: 16
0:103  0:000   - [16]: IONVMeFamily (IONVMeFamily Pike R. Alpha Patch#16) :: BinPatch :: data len: 16
0:103  0:000   - [17]: IONVMeFamily (IONVMeFamily Pike R. Alpha Patch#17) :: BinPatch :: data len: 16
0:103  0:000  Default theme: mimi black
0:103  0:000  === [ LoadDrivers ] =======================================
0:103  0:000  Loading APFS.efi  status=Success
0:106  0:002   - driver needs connecting
0:106  0:000  Loading AppleImageCodec-64.efi  status=Success
0:107  0:001  Loading AppleKeyAggregator-64.efi  status=Success
0:108  0:001  Loading AppleUITheme-64.efi  status=Success
0:109  0:001  Loading DataHubDxe-64.efi  status=Success
0:111  0:001  Loading EmuVariableUefi-64.efi  status=Success
0:112  0:000  EmuVariableUefi Initialize: VariableCommonInitialize = Success, orig services stored, install gEmuVariableControlProtocolGuid = Success
0:112  0:000  Loading FirmwareVolume-64.efi  status=Success
0:113  0:001  Loading FSInject-64.efi  status=Success
0:114  0:001  Loading HFSPlus.efi  status=Success
0:115  0:001   - driver needs connecting
0:115  0:000  Loading OsxAptioFixDrv-64.efi  status=Success
0:116  0:001  Loading OsxFatBinaryDrv-64.efi  status=Success
0:118  0:001  Loading SMCHelper-64.efi  status=Success
0:119  0:001  2 drivers needs connecting ...
0:119  0:000  PlatformDriverOverrideProtocol->GetDriver overriden
0:119  0:000  HFS+ driver loaded
0:119  0:000  APFS driver loaded
0:119  0:000  Searching for invalid DiskIo BY_DRIVER connects: not found, all ok
2:930  2:810  EmuVariable InstallEmulation: orig vars copied, emu.var.services installed, CreateEvent VirtualAddressChange = Success, CreateEvent ExitBootServices = Success, set Status=Success
3:014  0:084  === [ InitScreen ] ========================================
3:014  0:000  SetScreenResolution: 1920x1080 - setting Mode 3
3:212  0:198  Video mode change to mode #3: Success
3:212  0:000  Console modes reported: 6, available modes:
3:212  0:000   - [01]: 80x25 (current mode)
3:212  0:000   - [02]: 80x50
3:212  0:000   - [03]: 100x31
3:212  0:000   - [04]: 127x33
3:212  0:000   - [06]: 120x50
3:213  0:000  reinit: self device path=PciRoot(0x0)\Pci(0x1B,0x0)\Pci(0x0,0x0)\NVMe(0x1,00-00-00-00-00-00-00-00)\HD(1,GPT,3E96A851-7CB9-4713-AB6A-C7F5872AC994,0x1000,0x95000)
3:213  0:000  === [ GetMacAddress ] =====================================
3:213  0:000   get legacy LAN MAC, 1 card found
3:213  0:000  Legacy MAC address of LAN #0= E0:D5:5E:1D:93:A3:
3:213  0:000  === [ ScanSPD ] ===========================================
3:213  0:000  SMBus device : 8086 A2A3 class=0C0500 status=Success
3:213  0:000  SMBus CmdReg: 0x1
3:213  0:000  Scanning SMBus [8086:A2A3], mmio: 0xF724A004, ioport: 0xF000, hostc: 0x11
3:213  0:000  Slots to scan [8]...
3:214  0:000  SPD[3]: Type 12 @0x53
3:231  0:017  Unknown vendor bank=0x07 code=0x10
3:231  0:000  Not using XMP because it is not present
3:232  0:000  DDR speed 2400MHz
3:232  0:000  Slot: 3 Type 26 8192MB 2400MHz Vendor=NoName PartNo=Tigo-2400MHz-8G SerialNo=0000000001060606
3:232  0:000  === [ GetAcpiTablesList ] =================================
3:232  0:000  Get Acpi Tables List from RSDT:
3:232  0:000   - [00]: FACP  A M I  len=132
3:232  0:000   - [01]: APIC  A M I  len=132
3:232  0:000   - [02]: FPDT  A M I  len=68
3:232  0:000   - [03]: MCFG  A M I  len=60
3:232  0:000   - [04]: SSDT  SataTabl len=956
3:232  0:000   - [05]: FIDT  A M I len=156
3:232  0:000   - [06]: SSDT  SaSsdt  len=12633
3:232  0:000   - [07]: SSDT  PegSsdt len=9567
3:232  0:000   - [08]: HPET  KBL len=56
3:232  0:000   - [09]: SSDT  Ther_Rvp len=3557
3:232  0:000   - [10]: SSDT  xh_rvp10 len=10967
3:232  0:000   - [11]: UEFI  EDK2     len=66
3:232  0:000   - [12]: SSDT  CpuSsdt len=3806
3:232  0:000   - [13]: LPIT  KBL len=148
3:232  0:000   - [14]: WSMT  KBL len=40
3:232  0:000   - [15]: SSDT  sensrhub len=671
3:232  0:000   - [16]: SSDT  PtidDevc len=12290
3:232  0:000   - [17]: DBGP   len=52
3:232  0:000   - [18]: DBG2   len=84
3:232  0:000   - [19]: BGRT  A M I  len=56
3:232  0:000  Calibrated TSC Frequency = 3408488200 = 3408MHz
3:232  0:000  === [ GetUserSettings ] ===================================
3:232  0:000  USB FixOwnership: yes
3:232  0:000   - final DSDT Fix mask=10008004
3:232  0:000  PatchesDSDT: 1 requested
3:232  0:000   - [00]: (change HDAS to HDEF) lenToFind: 4, lenToReplace: 4, Target Bridge: <null string>
3:232  0:000  smartUPS: present
3:232  0:000  Using ProductName from config
3:232  0:000  ProductName: iMac18,2
3:232  0:000  Found same BiosVersion in clover and config
3:232  0:000  BiosVersion: IM183.88Z.0151.B00.1708080034
3:232  0:000  BiosReleaseDate: 08/08/2017
3:232  0:000  Using FirmwareFeatures from config
3:232  0:000  FirmwareFeatures: 0xFC0FE136
3:232  0:000  Using FirmwareFeaturesMask from config
3:232  0:000  FirmwareFeaturesMask: 0xFF1FFF3F
3:232  0:000  PlatformFeature: 0x0
3:232  0:000  Board-ID set from config as Mac-77F17D7DA9285301
3:232  0:000  BoardType: 0xA
3:232  0:000  ChassisType: 0x9
3:232  0:000  Converted CustomUUID 1C021B03-0D04-A605-EC06-E50700080009
3:526  0:293  === [ ScanVolumes ] =======================================
3:526  0:000  Found 14 volumes with blockIO
3:526  0:000  - [00]: Volume: PciRoot(0x0)\Pci(0x17,0x0)\Sata(0x5,0xFFFF,0x0)
3:526  0:000  - [01]: Volume: PciRoot(0x0)\Pci(0x17,0x0)\Sata(0x5,0xFFFF,0x0)\HD(1,GPT,D5999D22-C7D0-408B-A0F4-7754E2D9431B,0x2000,0x1CC01000)
3:527  0:000          Result of bootcode detection: bootable Windows (vista,win)
3:527  0:000  - [02]: Volume: PciRoot(0x0)\Pci(0x17,0x0)\Sata(0x5,0xFFFF,0x0)\HD(2,GPT,08828D1C-DD29-4378-BF6F-2FAA64C78903,0x1CC04000,0x1D401000)
3:527  0:000          Result of bootcode detection: bootable Windows (vista,win)
3:527  0:000  - [03]: Volume: PciRoot(0x0)\Pci(0x17,0x0)\Sata(0x5,0xFFFF,0x0)\HD(3,GPT,3787BCC4-B301-4A09-89C6-A2FBAB93AE6E,0x3A006000,0x1D401000)
3:528  0:000          Result of bootcode detection: bootable Windows (vista,win)
3:528  0:000  - [04]: Volume: PciRoot(0x0)\Pci(0x17,0x0)\Sata(0x5,0xFFFF,0x0)\HD(4,GPT,FCC1ACC0-3EAA-47FC-A953-2BC4BDDDE348,0x57408000,0x1D2FE800)
3:529  0:000          Result of bootcode detection: bootable Windows (vista,win)
3:529  0:000  - [05]: Volume: PciRoot(0x0)\Pci(0x1B,0x0)\Pci(0x0,0x0)\NVMe(0x1,00-00-00-00-00-00-00-00)
3:529  0:000          Result of bootcode detection: bootable unknown (legacy)
3:529  0:000  - [06]: Volume: PciRoot(0x0)\Pci(0x1B,0x0)\Pci(0x0,0x0)\NVMe(0x1,00-00-00-00-00-00-00-00)\HD(1,GPT,3E96A851-7CB9-4713-AB6A-C7F5872AC994,0x1000,0x95000)
3:529  0:000          Result of bootcode detection: bootable Windows (win)
3:530  0:001          This is SelfVolume !!
3:530  0:000  - [07]: Volume: PciRoot(0x0)\Pci(0x1B,0x0)\Pci(0x0,0x0)\NVMe(0x1,00-00-00-00-00-00-00-00)\HD(2,GPT,14415D36-0A8C-4D14-AC4E-A288F54F13F7,0xD6000,0x7801000)
3:530  0:000          Result of bootcode detection: bootable Windows (vista,win)
3:530  0:000  - [08]: Volume: PciRoot(0x0)\Pci(0x1B,0x0)\Pci(0x0,0x0)\NVMe(0x1,00-00-00-00-00-00-00-00)\HD(3,GPT,B625BDFB-3CAC-4C1A-A261-E80F3ABD9E04,0x78D7000,0x5D61DB8)
3:531  0:000          Result of bootcode detection: bootable unknown (legacy)
3:531  0:000  - [09]: Volume: PciRoot(0x0)\Pci(0x1B,0x0)\Pci(0x0,0x0)\NVMe(0x1,00-00-00-00-00-00-00-00)\HD(4,GPT,F1E82645-1651-4B4A-AFF1-6BDE978A4510,0xD638DB8,0x91BDD0)
3:531  0:000  - [10]: Volume: PciRoot(0x0)\Pci(0x1B,0x0)\Pci(0x0,0x0)\NVMe(0x1,00-00-00-00-00-00-00-00)\HD(3,GPT,B625BDFB-3CAC-4C1A-A261-E80F3ABD9E04,0x78D7000,0x5D61DB8)\VenMedia(BE74FCF7-0B7C-49F3-9147-01F4042E6842,59EFC5BAD5474A4ABE0CCB2310766ADF)
3:531  0:000  - [11]: Volume: PciRoot(0x0)\Pci(0x1B,0x0)\Pci(0x0,0x0)\NVMe(0x1,00-00-00-00-00-00-00-00)\HD(3,GPT,B625BDFB-3CAC-4C1A-A261-E80F3ABD9E04,0x78D7000,0x5D61DB8)\VenMedia(BE74FCF7-0B7C-49F3-9147-01F4042E6842,6CA7B8DC2696743EBB5A0BDE250CA4B4)
3:531  0:000  - [12]: Volume: PciRoot(0x0)\Pci(0x1B,0x0)\Pci(0x0,0x0)\NVMe(0x1,00-00-00-00-00-00-00-00)\HD(3,GPT,B625BDFB-3CAC-4C1A-A261-E80F3ABD9E04,0x78D7000,0x5D61DB8)\VenMedia(BE74FCF7-0B7C-49F3-9147-01F4042E6842,E261204DD698B249BFF89BCD15080B00)
3:531  0:000  - [13]: Volume: PciRoot(0x0)\Pci(0x1B,0x0)\Pci(0x0,0x0)\NVMe(0x1,00-00-00-00-00-00-00-00)\HD(3,GPT,B625BDFB-3CAC-4C1A-A261-E80F3ABD9E04,0x78D7000,0x5D61DB8)\VenMedia(BE74FCF7-0B7C-49F3-9147-01F4042E6842,0D8BA9880B90E2468641CAA343F94D33)
3:532  0:001  PutNvramPlistToRtVars: nvram.plist not found
3:532  0:000  === [ InitTheme ] =========================================
3:537  0:005  Using theme 'mimi black' (EFI\CLOVER\themes\mimi black)
3:537  0:000  OS main and drive as badge
3:539  0:001  Loading font from ThemeDir: Success
3:539  0:000  Choosing theme mimi black
3:539  0:000  after NVRAM boot-args=dart=0 nvda_drv=1
3:539  0:000  === [ Dump SMC keys from NVRAM ] ==========================
3:539  0:000  found AppleSMC protocol
3:539  0:000  === [ ScanLoader ] ========================================
3:539  0:000  - [06]: 'EFI'
3:540  0:000          AddLoaderEntry for Volume Name=EFI
3:546  0:006  - [09]: '*}'
3:550  0:004  - [10]: 'Preboot'
3:557  0:006          AddLoaderEntry for Volume Name=Preboot
3:563  0:005      Check if volume Is Hibernated:
3:563  0:000      Check sleep image 'by signature':
3:563  0:000      using default sleep image name = \private\var\vm\sleepimage
3:564  0:000      sleepimage not found -> Not Found
3:564  0:000      hibernated: no - sign
3:566  0:002          AddLoaderEntry for Volume Name=Preboot
3:580  0:014  - [11]: 'Apple'
3:597  0:017          AddLoaderEntry for Volume Name=Apple
3:607  0:009      Check if volume Is Hibernated:
3:607  0:000      Check sleep image 'by signature':
3:622  0:014      read prefs \Library\Preferences\com.apple.PowerManagement.plist status=Success
3:622  0:000      using default sleep image name = \private\var\vm\sleepimage
3:628  0:005      sleepimage not found -> Not Found
3:628  0:000      hibernated: no - sign
3:645  0:017  - [12]: 'Recovery'
3:651  0:005          AddLoaderEntry for Volume Name=Recovery
3:667  0:015  - [13]: 'VM'
3:671  0:004  Scanning legacy ...
3:671  0:000   1: 'Legacy HD1' (vista,win) add legacy
3:671  0:000   added 'Windows' OSType=2 Icon=vista,win
3:671  0:000   2: 'Legacy HD2' (vista,win) add legacy
3:672  0:000   added 'Windows' OSType=2 Icon=vista,win
3:672  0:000   3: 'Legacy HD3' (vista,win) add legacy
3:672  0:000   added 'Windows' OSType=2 Icon=vista,win
3:672  0:000   4: 'Legacy HD4' (vista,win) add legacy
3:672  0:000   added 'Windows' OSType=2 Icon=vista,win
3:672  0:000   6: 'EFI' (win) add legacy
3:672  0:000   added 'Windows' OSType=2 Icon=win
3:672  0:000   7: 'Legacy HD2' (vista,win) add legacy
3:673  0:000   added 'Windows' OSType=2 Icon=vista,win
3:673  0:000  === [ AddCustomTool ] =====================================
3:673  0:000  found tool \EFI\CLOVER\tools\Shell64U.efi
3:673  0:000  Checking EFI partition Volume 6 for Clover
3:673  0:000   Found Clover
3:674  0:000  EmuVariable UninstallEmulation: CloseEvent = Success, original var services restored
3:674  0:000  EmuVariable InstallEmulation: orig vars copied, emu.var.services installed, CreateEvent VirtualAddressChange = Success, CreateEvent ExitBootServices = Success, set Status=Success
3:758  0:083  === [ GetEfiBootDeviceFromNvram ] =========================
3:758  0:000  Default boot entry not found
3:758  0:000  EmuVariable UninstallEmulation: CloseEvent = Success, original var services restored
3:758  0:000  DefaultIndex=-1 and MainMenu.EntryCount=17
3:937  0:179  GUI ready
11:345  7:407  BootVariable of the entry is empty
11:345  0:000  === [ StartLoader ] =======================================
11:345  0:000  Finally: ExternalClock=25MHz BusSpeed=100249kHz CPUFreq=3408MHz PIS: hw.busfrequency=100000000Hz
11:345  0:000  Loading boot.efi  status=Success
11:422  0:077  GetOSVersion: 10.13.2 (17C88)
11:422  0:000  CSR_CFG: CSR_ALLOW_UNTRUSTED_KEXTS | CSR_ALLOW_UNRESTRICTED_FS | CSR_ALLOW_TASK_FOR_PID | CSR_ALLOW_UNRESTRICTED_DTRACE | CSR_ALLOW_UNRESTRICTED_NVRAM
11:422  0:000  Filtering KextPatches:
11:422  0:000   - [00]: AppleAHCIPort (External icons patch) :: BinPatch :: [OS: 10.13.2 | MatchOS: All | MatchBuild: All] ==> allowed
11:422  0:000   - [01]: AppleUSBXHCIPCI (change 15 port limit to 26 in XHCI kext) :: BinPatch :: [OS: 10.13.2 | MatchOS: All | MatchBuild: All] ==> allowed
11:422  0:000   - [02]: IOAHCIBlockStorage (TRIM function for non-Apple SSDs) :: BinPatch :: [OS: 10.13.2 | MatchOS: All | MatchBuild: All] ==> allowed
11:422  0:000   - [03]: IONVMeFamily (IONVMeFamily Pike R. Alpha Patch#1) :: BinPatch :: [OS: 10.13.2 | MatchOS: All | MatchBuild: All] ==> allowed
11:422  0:000   - [04]: IONVMeFamily (IONVMeFamily Pike R. Alpha Patch#2) :: BinPatch :: [OS: 10.13.2 | MatchOS: All | MatchBuild: All] ==> allowed
11:422  0:000   - [05]: IONVMeFamily (IONVMeFamily Pike R. Alpha Patch#3) :: BinPatch :: [OS: 10.13.2 | MatchOS: All | MatchBuild: All] ==> allowed
11:422  0:000   - [06]: IONVMeFamily (IONVMeFamily Pike R. Alpha Patch#4) :: BinPatch :: [OS: 10.13.2 | MatchOS: All | MatchBuild: All] ==> allowed
11:422  0:000   - [07]: IONVMeFamily (IONVMeFamily Pike R. Alpha Patch#5) :: BinPatch :: [OS: 10.13.2 | MatchOS: All | MatchBuild: All] ==> allowed
11:422  0:000   - [08]: IONVMeFamily (IONVMeFamily Pike R. Alpha Patch#6_7) :: BinPatch :: [OS: 10.13.2 | MatchOS: All | MatchBuild: All] ==> allowed
11:422  0:000   - [09]: IONVMeFamily (IONVMeFamily Pike R. Alpha Patch#8) :: BinPatch :: [OS: 10.13.2 | MatchOS: All | MatchBuild: All] ==> allowed
11:422  0:000   - [10]: IONVMeFamily (IONVMeFamily Pike R. Alpha Patch#9_10) :: BinPatch :: [OS: 10.13.2 | MatchOS: All | MatchBuild: All] ==> allowed
11:422  0:000   - [11]: IONVMeFamily (IONVMeFamily Pike R. Alpha Patch#11) :: BinPatch :: [OS: 10.13.2 | MatchOS: All | MatchBuild: All] ==> allowed
11:422  0:000   - [12]: IONVMeFamily (IONVMeFamily Pike R. Alpha Patch#12) :: BinPatch :: [OS: 10.13.2 | MatchOS: All | MatchBuild: All] ==> allowed
11:422  0:000   - [13]: IONVMeFamily (IONVMeFamily Pike R. Alpha Patch#13) :: BinPatch :: [OS: 10.13.2 | MatchOS: All | MatchBuild: All] ==> allowed
11:422  0:000   - [14]: IONVMeFamily (IONVMeFamily Pike R. Alpha Patch#14) :: BinPatch :: [OS: 10.13.2 | MatchOS: All | MatchBuild: All] ==> allowed
11:422  0:000   - [15]: IONVMeFamily (IONVMeFamily Pike R. Alpha Patch#15) :: BinPatch :: [OS: 10.13.2 | MatchOS: All | MatchBuild: All] ==> allowed
11:422  0:000   - [16]: IONVMeFamily (IONVMeFamily Pike R. Alpha Patch#16) :: BinPatch :: [OS: 10.13.2 | MatchOS: All | MatchBuild: All] ==> allowed
11:422  0:000   - [17]: IONVMeFamily (IONVMeFamily Pike R. Alpha Patch#17) :: BinPatch :: [OS: 10.13.2 | MatchOS: All | MatchBuild: All] ==> allowed
11:422  0:000  Will not patch boot.efi
11:422  0:000  EmuVariable InstallEmulation: orig vars copied, emu.var.services installed, CreateEvent VirtualAddressChange = Success, CreateEvent ExitBootServices = Success, set Status=Success
11:506  0:083  === [ PatchSmbios ] =======================================
11:506  0:000  insert table 9 for dev 0:0
11:506  0:000  insert table 9 for dev 0:1
11:506  0:000  insert table 9 for dev 1F:6
11:506  0:000  Trusting SMBIOS...
11:506  0:000  Channels: 1
11:506  0:000  Interleave: 0 1 2 3 4 5 6 7 8 9 10 11 12 13 14 15 16 17 18 19 20 21 22 23
11:506  0:000  SMBIOS Type 17 Index = 0 => 0 0:
11:506  0:000  BANK 0 DIMM0 EMPTY
11:506  0:000  SMBIOS Type 17 Index = 1 => 1 1:
11:506  0:000  BANK 0 DIMM1 EMPTY
11:506  0:000  SMBIOS Type 17 Index = 2 => 2 2:
11:506  0:000  BANK 0 DIMM2 EMPTY
11:507  0:000   partNum=Tigo-2400MHz-8G     
11:507  0:000  Type17->Manufacturer corrected by SMBIOS from NoName to 0710
11:507  0:000  SMBIOS Type 17 Index = 3 => 3 3:
11:507  0:000  BANK 0 DIMM3 2400MHz 8192MB
11:507  0:000  mTotalSystemMemory = 8192
11:507  0:000  NumberOfMemoryDevices = 4
11:507  0:000  Type20[0]->End = 0x7FFFFF, Type17[3] = 0x2000
11:507  0:000  Table 131 is present, CPUType=35
11:507  0:000  Change to: 605
11:507  0:000  === [ PatchACPI ] =========================================
11:507  0:000  RSDT 0xCEE76028
11:507  0:000  FADT from RSDT: 0xCEE76178
11:507  0:000  XSDT 0xCEE760A0
11:507  0:000  FADT from XSDT: 0xCEE9CD50
11:507  0:000  Xsdt reallocation done
11:507  0:000  old FADT length=114
11:507  0:000   SignatureFixup: 0x874D3A08 -> 0
11:507  0:000  Found OperationRegion(GNVS, SystemMemory, CF1ED000, ...)
11:507  0:000  Found OperationRegion(CPSB, SystemMemory, CE9C0F98, ...)
11:507  0:000  Found OperationRegion(PNVA, SystemMemory, CF221018, ...)
11:507  0:000  Found OperationRegion(THBA, SystemMemory, FE200000, ...)
11:508  0:001  Found OperationRegion(ITSS, SystemMemory, FDC43100, ...)
11:508  0:000  Found OperationRegion(ABNV, SystemMemory, FFFF0000, ...)
11:508  0:000  Found OperationRegion(TMMB, SystemMemory, FED40000, ...)
11:508  0:000  Found OperationRegion(CRBD, SystemMemory, FED40000, ...)
11:508  0:000  Found OperationRegion(TPMR, SystemMemory, FFFFFFFF, ...)
11:508  0:000  Found OperationRegion(ATNV, SystemMemory, FFFF0000, ...)
11:509  0:000  Apply DsdtFixMask=0x10008004
11:509  0:000     drop _DSM mask=0x0000
11:509  0:000  === [ FixBiosDsdt ] =======================================
11:509  0:000  VideoCard devID=0x1C0210DE
11:509  0:000  DisplayADR1[0] = 0x10000, DisplayADR2[0] = 0x0
11:509  0:000  USBADR[0] = 0x140000 and PCIe = 0xFFFE
11:509  0:000  Audio HDA (addr:0x1F0003) setting specified layout-id=92 (0x5C)
11:509  0:000  Patching DSDT:
11:509  0:000   - [change HDAS to HDEF]: pattern 48444153, patched at: [ (2E7) (12) (12) (B529) (1D12) (84) (D) (2B) (32) (4F) (7B) (C3) (18257) ]
11:509  0:000  first CPU found at A155 offset A158
11:509  0:000  score candidate at A151
11:509  0:000  score inserted in acpi_cpu_score _PR_
11:509  0:000  Found ACPI CPU: CPU0 | CPU1 | CPU2 | CPU3 | CPU4 | CPU5 | CPU6 | CPU7 , within the score: _PR_
11:510  0:000  Found PCIROOTUID = 0
11:510  0:000  patch HDEF in DSDT 
11:510  0:000  Start HDA Fix
11:510  0:000  found HDA device NAME(_ADR,0x001F0003) And Name is HDEF
11:510  0:000  NewName HDEF already present, renaming impossible
11:510  0:000  _DSM already exists, patch HDA will not be applied
11:510  0:000    indirect name=PNVB
11:510  0:000  OperationRegion (THBA...) corrected to addr=0xFE200000
11:510  0:000    indirect name=TPMM
11:510  0:000    indirect name=FTPM
11:510  0:000    indirect name=PPIM
11:510  0:000  Start SHUTDOWN Fix len=26B4E
11:511  0:000  PreCleanup XSDT: count=20, length=196
11:511  0:000  PreCleanup XSDT, corrected XSDT: count=20, length=196
11:511  0:000  === [ ACPIDropTables ] ====================================
11:511  0:000  === [ PatchAllSSDT ] ======================================
11:511  0:000  Patch table: SSDT  SataTabl len=0x3BC
11:511  0:000  0. [change HDAS to HDEF]: pattern 48444153, bin not found / already patched!
11:511  0:000  Patch table: SSDT  SaSsdt  len=0x3159
11:511  0:000  0. [change HDAS to HDEF]: pattern 48444153, bin not found / already patched!
11:511  0:000  Patch table: SSDT  PegSsdt len=0x255F
11:511  0:000  0. [change HDAS to HDEF]: pattern 48444153, bin not found / already patched!
11:511  0:000  Patch table: SSDT  Ther_Rvp len=0xDE5
11:511  0:000  0. [change HDAS to HDEF]: pattern 48444153, bin not found / already patched!
11:511  0:000  Patch table: SSDT  xh_rvp10 len=0x2AD7
11:511  0:000  0. [change HDAS to HDEF]: pattern 48444153, bin not found / already patched!
11:511  0:000  Patch table: SSDT  CpuSsdt len=0xEDE
11:511  0:000  0. [change HDAS to HDEF]: pattern 48444153, bin not found / already patched!
11:511  0:000  Patch table: SSDT  sensrhub len=0x29F
11:511  0:000  0. [change HDAS to HDEF]: pattern 48444153, bin not found / already patched!
11:511  0:000  Patch table: SSDT  PtidDevc len=0x3002
11:511  0:000  0. [change HDAS to HDEF]: pattern 48444153, bin not found / already patched!
11:511  0:000  === [ ACPIPatchedAML ] ====================================
11:511  0:000  Unsorted
11:511  0:000  Inserting SSDT.aml from EFI\CLOVER\ACPI\patched: size=1826 ... Success
11:511  0:000  Inserting SSDT-USB.aml from EFI\CLOVER\ACPI\patched: size=728 ... Success
11:511  0:000  Inserting SSDT-pr.aml from EFI\CLOVER\ACPI\patched: size=138 ... Success
11:511  0:000  Inserting SSDT-HDMI-NVIDIA-PEG0.aml from EFI\CLOVER\ACPI\patched: size=458 ... Success
11:511  0:000  CPUBase=0 and ApicCPUBase=1 ApicCPUNum=1
11:511  0:000  Cleanup XSDT: count=24, length=228
11:511  0:000  corrected XSDT count=24, length=228
11:511  0:000  === [ RestSetup macOS ] ===================================
11:511  0:000  EdidDiscovered size=0
11:512  0:000  NVidia GFX injection not set
11:512  0:000   HDMI Audio, setting hda-gfx=onboard-1
11:512  0:000   RCBA disabled; cannot use it
11:512  0:000   setting specified layout-id=92 (0x5C)
11:512  0:000  stringlength = 1242
11:512  0:000  CurrentMode: Width=1920 Height=1080
11:512  0:000  Beginning FSInjection
FSInjectionInstall ...
- Our FSI_SIMPLE_FILE_SYSTEM_PROTOCOL installed on handle: CA3CAD18
FSInjectionInstall ...
- Our FSI_SIMPLE_FILE_SYSTEM_PROTOCOL installed on handle: CA3CAD18
11:512  0:000  Use origin smbios table type 1 guid.
11:514  0:001  Preparing kexts injection for arch=x86_64 from EFI\CLOVER\kexts\Other
11:514  0:000  Extra kext: EFI\CLOVER\kexts\Other\XHCI-200-series-injector.kext
11:516  0:001  Extra kext: EFI\CLOVER\kexts\Other\HDMIAudio.kext
11:519  0:003  Extra kext: EFI\CLOVER\kexts\Other\USBInjectAll.kext
11:675  0:156  Extra kext: EFI\CLOVER\kexts\Other\Lilu.kext
11:681  0:005  Extra kext: EFI\CLOVER\kexts\Other\IntelMausiEthernet.kext
11:686  0:004  Extra kext: EFI\CLOVER\kexts\Other\FakeSMC.kext
11:694  0:007  Extra kext: EFI\CLOVER\kexts\Other\CodecCommander.kext
11:706  0:012  Extra kext: EFI\CLOVER\kexts\Other\AppleALC.kext
11:714  0:008    |-- PlugIn kext: EFI\CLOVER\kexts\Other\AppleALC.kext\Contents\PlugIns\PinConfigs.kext
11:942  0:228  Custom boot is disabled
11:943  0:000  Closing log
