0:100  0:100  MemLog inited, TSC freq: 3192448770
0:100  0:000  CPU was calibrated with RTC
0:100  0:000  
0:100  0:000  Now is 22.3.2018,  1:39:34 (GMT)
0:100  0:000  Starting Clover revision: 4658 on American Megatrends EFI
0:100  0:000  Build with: [Args: -D NO_GRUB_DRIVERS_EMBEDDED -t XCODE8 | -D NO_GRUB_DRIVERS_EMBEDDED -D USE_LOW_EBDA -a X64 -b RELEASE -t XCODE8 -n 5 | OS: 10.13.6 | XCODE: 9.4.1]
0:100  0:000  SelfDevicePath=PciRoot(0x0)\Pci(0x14,0x0)\USB(0x11,0x0)\HD(1,GPT,1DE60B6E-1A5D-4F20-82DC-0B730532E811,0x28,0x64000) @5A38A418
0:100  0:000  SelfDirPath = \EFI\BOOT
0:101  0:001  === [ Get Smbios ] ========================================
0:101  0:000  Type 16 Index = 0
0:101  0:000  Total Memory Slots Count = 2
0:101  0:000  Type 17 Index = 0
0:101  0:000  Ignoring insane frequency value 0MHz
0:101  0:000  SmbiosTable.Type17->Speed = 0MHz
0:101  0:000  SmbiosTable.Type17->Size = 0MB
0:101  0:000  SmbiosTable.Type17->Bank/Device = BANK 0 ChannelA-DIMM0
0:101  0:000  SmbiosTable.Type17->Vendor = <null string>
0:101  0:000  SmbiosTable.Type17->SerialNumber = <null string>
0:101  0:000  SmbiosTable.Type17->PartNumber = <null string>
0:101  0:000  Type 17 Index = 1
0:101  0:000  SmbiosTable.Type17->Speed = 2667MHz
0:101  0:000  SmbiosTable.Type17->Size = 8192MB
0:101  0:000  SmbiosTable.Type17->Bank/Device = BANK 2 ChannelB-DIMM0
0:101  0:000  SmbiosTable.Type17->Vendor = 04CB
0:101  0:000  SmbiosTable.Type17->SerialNumber = 70550200
0:101  0:000  SmbiosTable.Type17->PartNumber =                     
0:101  0:000  Boot status=0
0:101  0:000  Running on: 'To Be Filled By O.E.M.' with board 'Z370 Gaming-ITX_ac'
0:101  0:000  === [ GetCPUProperties ] ==================================
0:101  0:000  CPU Vendor = 756E6547 Model=906EA
0:101  0:000   The CPU supported SSE4.1
0:101  0:000  BrandString = Genuine Intel(R) CPU 0000 @ 3.20GHz
0:101  0:000   The CPU supported turbo
0:101  0:000  MSR 0x35               6000C
0:101  0:000   TSC/CCC Information Leaf:
0:101  0:000    numerator     : 266
0:101  0:000    denominator   : 2
0:101  0:000   Calibrated ARTFrequency: 24003374
0:101  0:000  MSR 0xE2 before patch 1E000000
0:101  0:000  MSR 0xCE              08080838_F9012000
0:101  0:000  corrected FLEX_RATIO = E0000
0:101  0:000  MSR 0x1B0             00000000
0:101  0:000  FSBFrequency = 100 MHz, DMI FSBFrequency = 100 MHz, Corrected FSBFrequency = 100 MHz
0:101  0:000  MaxDiv/MinDiv: 32.0/8
0:101  0:000  Turbo: 42/42/42/42
0:101  0:000  Features: 0xBFEBFBFF
0:101  0:000  Threads: 12
0:101  0:000  Cores: 6
0:101  0:000  FSB: 100 MHz
0:101  0:000  CPU: 3200 MHz
0:101  0:000  TSC: 3200 MHz
0:101  0:000  PIS: 100 MHz
0:101  0:000  ExternalClock: 25 MHz
0:101  0:000  === [ GetDevices ] ========================================
0:101  0:000  PCI (00|00:00.00) : 8086 3EC2 class=060000
0:101  0:000  PCI (00|00:02.00) : 8086 3E92 class=030000
0:101  0:000   - GFX: Model=Intel UHD Graphics 630 (Intel)
0:101  0:000  PCI (00|00:14.00) : 8086 A2AF class=0C0330
0:101  0:000  PCI (00|00:14.02) : 8086 A2B1 class=118000
0:101  0:000  PCI (00|00:16.00) : 8086 A2BA class=078000
0:101  0:000  PCI (00|00:17.00) : 8086 A282 class=010601
0:101  0:000  PCI (00|00:1B.00) : 8086 A2E7 class=060400
0:101  0:000  PCI (00|00:1C.00) : 8086 A290 class=060400
0:101  0:000  PCI (00|00:1C.04) : 8086 A294 class=060400
0:101  0:000  PCI (00|00:1D.00) : 8086 A298 class=060400
0:101  0:000  PCI (00|3C:00.00) : 144D A804 class=010802
0:102  0:000  PCI (00|00:1F.00) : 8086 A2C9 class=060100
0:102  0:000  PCI (00|00:1F.02) : 8086 A2A1 class=058000
0:102  0:000  PCI (00|00:1F.03) : 8086 A2F0 class=040300
0:102  0:000  PCI (00|00:1F.04) : 8086 A2A3 class=0C0500
0:102  0:000  PCI (00|00:1F.06) : 8086 15B8 class=020000
0:102  0:000   - LAN: 0 Vendor=Intel
0:102  0:000  === [ GetDefaultSettings ] ================================
0:102  0:000  Clover load options size = 0 bytes
0:108  0:005  EFI\CLOVER\config.plist loaded: Success
0:108  0:000  === [ GetListOfThemes ] ===================================
0:108  0:000  - [00]: SimpleThemeDark
0:112  0:004  === [ Found config plists ] ===============================
0:112  0:000  - config.plist
0:112  0:000  - config.plist1.plist
0:112  0:000  === [ GetEarlyUserSettings ] ==============================
0:112  0:000  timeout set to 5
0:112  0:000  Custom boot CUSTOM_BOOT_DISABLED (0x0)
0:112  0:000  FakeCPUID: 906E9
0:112  0:000  KextsToPatch: 2 requested
0:112  0:000   - [00]: AppleUSBXHCI (change 15 port limit to 26 in XHCI kext (100-Series-10.12)) :: BinPatch :: data len: 8
0:112  0:000   - [01]: AppleAHCIPort (External icons patch) :: BinPatch :: data len: 8
0:112  0:000  Default theme: SimpleThemeDark
0:112  0:000  Hiding entries with string Windows
0:112  0:000  Hiding entries with string \EFI\BOOT\BOOTX64.EFI
0:112  0:000  Hiding entries with string Preboot
0:112  0:000  === [ LoadDrivers ] =======================================
0:113  0:001  Loading HFSPlus.efi  status=Success
0:114  0:000   - driver needs connecting
0:114  0:000  Loading DataHubDxe-64.efi  status=Success
0:116  0:001  Loading AppleImageLoader.efi  status=Success
0:118  0:002  Loading AppleUiSupport.efi  status=Success
0:119  0:001  Loading FSInject-64.efi  status=Success
0:120  0:000  Loading SMCHelper-64.efi  status=Success
0:120  0:000  Loading AptioInputFix-64.efi  status=Success
0:121  0:000  Loading AptioMemoryFix-64.efi  status=Success
0:123  0:002  Loading NTFS.efi  status=Success
0:127  0:003   - driver needs connecting
0:127  0:000  Loading NvmExpressDxe-64.efi  status=Success
0:129  0:002   - driver needs connecting
0:129  0:000  Loading ApfsDriverLoader.efi  status=Success
0:129  0:000   - driver needs connecting
0:129  0:000  Loading EmuVariableUefi-64.efi  status=Success
0:130  0:000  EmuVariableUefi Initialize: VariableCommonInitialize = Success, orig services stored, install gEmuVariableControlProtocolGuid = Success
0:130  0:000  4 drivers needs connecting ...
0:130  0:000  PlatformDriverOverrideProtocol->GetDriver overriden
0:130  0:000  HFS+ driver loaded
0:130  0:000  APFS driver loaded
0:130  0:000  Searching for invalid DiskIo BY_DRIVER connects: not found, all ok
0:362  0:231  EmuVariable InstallEmulation: orig vars copied, emu.var.services installed, CreateEvent VirtualAddressChange = Success, CreateEvent ExitBootServices = Success, set Status=Success
0:413  0:050  === [ InitScreen ] ========================================
0:413  0:000  SetScreenResolution: 1920x1080 - not found!
0:413  0:000  SetMaxResolution: found best mode 4: 2560x1080
0:413  0:000   - already set
0:413  0:000  Console modes reported: 4, available modes:
0:413  0:000   - [01]: 80x25 (current mode)
0:413  0:000   - [02]: 128x40
0:413  0:000   - [03]: 100x31
0:413  0:000   - [04]: 320x56
0:413  0:000  SetScreenResolution: 2560x1080 - already set
0:413  0:000  reinit: self device path=PciRoot(0x0)\Pci(0x14,0x0)\USB(0x11,0x0)\HD(1,GPT,1DE60B6E-1A5D-4F20-82DC-0B730532E811,0x28,0x64000)
0:413  0:000  === [ GetMacAddress ] =====================================
0:413  0:000   get legacy LAN MAC, 1 card found
0:413  0:000  Legacy MAC address of LAN #0= 70:85:C2:80:B7:A3:
0:413  0:000  === [ ScanSPD ] ===========================================
0:413  0:000  SMBus device : 8086 A2A3 class=0C0500 status=Success
0:413  0:000  SMBus CmdReg: 0x3
0:413  0:000  Scanning SMBus [8086:A2A3], mmio: 0xFFF24004, ioport: 0xF040, hostc: 0x1
0:413  0:000  Slots to scan [8]...
0:414  0:000  SPD[2]: Type 12 @0x52
0:432  0:017  Not using XMP because it is not present
0:432  0:000  DDR speed 2666MHz
0:432  0:000  Slot: 2 Type 26 8192MB 2666MHz Vendor=A-DATA Technology PartNo= SerialNo=0700050500020000
0:433  0:000  === [ GetAcpiTablesList ] =================================
0:433  0:000  Get Acpi Tables List from RSDT:
0:433  0:000   - [00]: FACP  A M I  len=132
0:433  0:000   - [01]: APIC  A M I  len=244
0:433  0:000   - [02]: FPDT  A M I  len=68
0:433  0:000   - [03]: FIDT  A M I len=156
0:433  0:000   - [04]: MCFG  A M I  len=60
0:433  0:000   - [05]: SSDT  SataTabl len=931
0:433  0:000   - [06]: SSDT  SaSsdt  len=12630
0:433  0:000   - [07]: HPET  KBL len=56
0:433  0:000   - [08]: SSDT  xh_kbl_s len=2605
0:433  0:000   - [09]: UEFI  A M I  len=66
0:433  0:000   - [10]: SSDT  CpuSsdt len=6062
0:433  0:000   - [11]: AAFT  OEMAAFT  len=552
0:433  0:000   - [12]: LPIT  KBL len=148
0:433  0:000   - [13]: SSDT  HdaDsp len=321
0:433  0:000   - [14]: SSDT  TbtTypeC len=1303
0:433  0:000   - [15]: DBGP   len=52
0:433  0:000   - [16]: DBG2   len=84
0:433  0:000   - [17]: DMAR  KBL  len=168
0:433  0:000   - [18]: BGRT  A M I  len=56
0:433  0:000   - [19]: WSMT  A M I  len=40
0:433  0:000  Calibrated TSC Frequency = 3192448770 = 3192MHz
0:433  0:000  === [ GetUserSettings ] ===================================
0:433  0:000  USB FixOwnership: yes
0:433  0:000   - final DSDT Fix mask=00000000
0:433  0:000  PatchesDSDT: 4 requested
0:433  0:000   - [00]: (change MEI to IMEI) lenToFind: 4, lenToReplace: 4, Target Bridge: <null string>
0:433  0:000   - [01]: (change HECI to IMEI) lenToFind: 4, lenToReplace: 4, Target Bridge: <null string>
0:433  0:000   - [02]: (change GFX0 to IGPU) lenToFind: 4, lenToReplace: 4, Target Bridge: <null string>
0:433  0:000   - [03]: (change PEGP to GFX0) lenToFind: 4, lenToReplace: 4, Target Bridge: <null string>
0:433  0:000  Using ProductName from config: iMac18,3
0:433  0:000  Using latest BiosVersion from clover
0:433  0:000  BiosVersion: IM183.88Z.0161.B00.1806260901
0:433  0:000  BiosReleaseDate: 06/26/2018
0:433  0:000  Using FirmwareFeatures from config: 0xFC0FE136
0:433  0:000  Using FirmwareFeaturesMask from config: 0xFF1FFF3F
0:433  0:000  Board-ID set from config as Mac-BE088AF8C5EB4FA2
0:433  0:000  BoardType: 0xA
0:433  0:000  ChassisType: 0x9
0:433  0:000  === [ Found DSDT tables ] =================================
0:447  0:014  === [ ScanVolumes ] =======================================
0:447  0:000  Found 11 volumes with blockIO
0:447  0:000  - [00]: Volume: PciRoot(0x0)\Pci(0x14,0x0)\USB(0x11,0x0)
0:448  0:001          USB volume
0:448  0:000  - [01]: Volume: PciRoot(0x0)\Pci(0x14,0x0)\USB(0x11,0x0)\HD(1,GPT,1DE60B6E-1A5D-4F20-82DC-0B730532E811,0x28,0x64000)
0:449  0:000          Result of bootcode detection: bootable unknown (legacy)
0:449  0:000          USB volume
0:449  0:000          This is SelfVolume !!
0:449  0:000  - [02]: Volume: PciRoot(0x0)\Pci(0x14,0x0)\USB(0x11,0x0)\HD(2,GPT,5149119A-C613-4A17-8075-85C3BA2F31AE,0x64028,0xB6FE80)
0:450  0:001          USB volume
0:450  0:000  - [03]: Volume: PciRoot(0x0)\Pci(0x17,0x0)\Sata(0x0,0xFFFF,0x0)
0:451  0:000  - [04]: Volume: PciRoot(0x0)\Pci(0x17,0x0)\Sata(0x0,0xFFFF,0x0)\HD(1,GPT,C02012B5-C242-4622-BFDB-B8D2156F785E,0x28,0x64000)
0:451  0:000          Result of bootcode detection: bootable unknown (legacy)
0:453  0:001  - [05]: Volume: PciRoot(0x0)\Pci(0x17,0x0)\Sata(0x0,0xFFFF,0x0)\HD(2,GPT,9942B1D8-A141-4C20-9527-F759CA34CC8E,0x64028,0x7456CE40)
0:453  0:000          Result of bootcode detection: bootable unknown (legacy)
0:453  0:000  - [06]: Volume: PciRoot(0x0)\Pci(0x17,0x0)\Sata(0x0,0xFFFF,0x0)\HD(3,GPT,983CE1E8-B900-460A-B208-9A30635732F1,0x745D0E68,0x135F20)
0:460  0:006  - [07]: Volume: PciRoot(0x0)\Pci(0x1D,0x0)\Pci(0x0,0x0)\NVMe(0x1,9A-51-BF-71-B5-38-25-00)
0:460  0:000  - [08]: Volume: PciRoot(0x0)\Pci(0x1D,0x0)\Pci(0x0,0x0)\NVMe(0x1,9A-51-BF-71-B5-38-25-00)\HD(1,GPT,4DEF51DF-F532-47C3-91AB-F5BFDB3D89B5,0x28,0x64000)
0:460  0:000          Result of bootcode detection: bootable unknown (legacy)
0:460  0:000  - [09]: Volume: PciRoot(0x0)\Pci(0x1D,0x0)\Pci(0x0,0x0)\NVMe(0x1,9A-51-BF-71-B5-38-25-00)\HD(2,GPT,B44DF66B-F6FA-499D-A1EC-A7015916D093,0x64028,0x1DC4F260)
0:460  0:000          Result of bootcode detection: bootable unknown (legacy)
0:460  0:000  - [10]: Volume: PciRoot(0x0)\Pci(0x1D,0x0)\Pci(0x0,0x0)\NVMe(0x1,9A-51-BF-71-B5-38-25-00)\HD(3,GPT,E2CF548F-ED7E-4AEE-8F94-3978C38D478F,0x1DCB3288,0x40000)
0:461  0:000  PutNvramPlistToRtVars: nvram.plist not found
0:461  0:000  === [ InitTheme ] =========================================
0:463  0:001  Using theme 'SimpleThemeDark' (EFI\CLOVER\themes\SimpleThemeDark)
0:463  0:000  OS main and drive as badge
0:465  0:002  Loading font from ThemeDir: Success
0:466  0:000  Chosen theme SimpleThemeDark
0:466  0:000  after NVRAM boot-args=dart=0 -disablegfxfirmware -v brcmfx-country=HK
0:466  0:000  === [ Dump SMC keys from NVRAM ] ==========================
0:466  0:000  found AppleSMC protocol
0:466  0:000  Registered 0 SMC keys
0:466  0:000  === [ ScanLoader ] ========================================
0:466  0:000  - [01]: 'EFI'
0:470  0:003          AddLoaderEntry for Volume Name=EFI
0:470  0:000          skipped because entry is hidden
0:470  0:000  - [02]: 'Install macOS High Sierra'
0:471  0:001          AddLoaderEntry for Volume Name=Install macOS High Sierra
0:484  0:012  - [04]: 'EFI'
0:507  0:022  - [06]: 'Recovery HD'
0:537  0:029          AddLoaderEntry for Volume Name=Recovery HD
0:546  0:009      Check if volume Is Hibernated:
0:546  0:000      Check sleep image 'by signature':
0:546  0:000      using default sleep image name = \private\var\vm\sleepimage
0:546  0:000      sleepimage not found -> Not Found
0:546  0:000      hibernated: no - sign
0:552  0:005          AddLoaderEntry for Volume Name=Recovery HD
0:591  0:039  - [08]: 'EFI'
0:592  0:000  - [10]: 'Boot OS X'
0:592  0:000          AddLoaderEntry for Volume Name=Boot OS X
0:593  0:000  === [ AddCustomTool ] =====================================
0:593  0:000  Checking EFI partition Volume 1 for Clover
0:593  0:000   Found Clover
0:594  0:000  EmuVariable UninstallEmulation: CloseEvent = Success, original var services restored
0:594  0:000  EmuVariable InstallEmulation: orig vars copied, emu.var.services installed, CreateEvent VirtualAddressChange = Success, CreateEvent ExitBootServices = Success, set Status=Success
0:645  0:051  === [ GetEfiBootDeviceFromNvram ] =========================
0:645  0:000  Default boot entry not found
0:645  0:000  EmuVariable UninstallEmulation: CloseEvent = Success, original var services restored
0:645  0:000  DefaultIndex=-1 and MainMenu.EntryCount=9
0:787  0:142          [!] Icon 11 (icons\pointer.png) not found (path: EFI\CLOVER\themes\SimpleThemeDark)
0:787  0:000  GUI ready
24:076  23:289  Boot option Boot0000 not found
24:076  0:000  === [ StartLoader ] =======================================
24:076  0:000  Finally: ExternalClock=25MHz BusSpeed=99765kHz CPUFreq=3192MHz PIS: hw.busfrequency=100000000Hz
24:076  0:000  Loading boot.efi  status=Success
24:545  0:468  GetOSVersion: 10.13.4 (17E199)
24:545  0:000  CSR_CFG: CSR_ALLOW_UNTRUSTED_KEXTS | CSR_ALLOW_UNRESTRICTED_FS | CSR_ALLOW_APPLE_INTERNAL
24:545  0:000  Filtering KextPatches:
24:545  0:000   - [00]: AppleUSBXHCI (change 15 port limit to 26 in XHCI kext (100-Series-10.12)) :: BinPatch :: [OS: 10.13.4 | MatchOS: All | MatchBuild: All] ==> allowed
24:545  0:000   - [01]: AppleAHCIPort (External icons patch) :: BinPatch :: [OS: 10.13.4 | MatchOS: All | MatchBuild: All] ==> allowed
24:545  0:000  Will not patch boot.efi
24:545  0:000  EmuVariable InstallEmulation: orig vars copied, emu.var.services installed, CreateEvent VirtualAddressChange = Success, CreateEvent ExitBootServices = Success, set Status=Success
24:596  0:051  === [ PatchSmbios ] =======================================
24:596  0:000  insert table 9 for dev 1F:6
24:596  0:000  Trusting SMBIOS...
24:596  0:000  Detected alternating SMBIOS channel banks
24:596  0:000  Channels: 1
24:596  0:000  Interleave: 0 1 2 3 4 5 6 7 8 9 10 11 12 13 14 15 16 17 18 19 20 21 22 23
24:596  0:000  SMBIOS Type 17 Index = 0 => 0 0:
24:596  0:000  BANK 0 DIMM0 EMPTY
24:596  0:000   partNum unknown
24:596  0:000  SMBIOS Type 17 Index = 1 => 1 1:
24:596  0:000  BANK 0 DIMM1 2667MHz 8192MB
24:596  0:000  mTotalSystemMemory = 8192
24:596  0:000  NumberOfMemoryDevices = 2
24:596  0:000  Type20[0]->End = 0x7FFFFF, Type17[1] = 0x2000
24:596  0:000  Table 131 is present, CPUType=35
24:596  0:000  Change to: 705
24:596  0:000  === [ PatchACPI ] =========================================
24:596  0:000  Xsdt reallocation done
24:596  0:000  old FADT length=114
24:596  0:000   SignatureFixup: 0xF600DD7C -> 0x0
24:600  0:003  Apply DsdtFixMask=0x00000000
24:600  0:000     drop _DSM mask=0x0000
24:600  0:000  === [ FixBiosDsdt ] =======================================
24:600  0:000  VideoCard devID=0x3E928086
24:600  0:000  DisplayADR1[0] = 0x20000, DisplayADR2[0] = 0xFFFE
24:600  0:000  USBADR[0] = 0x140000 and PCIe = 0xFFFE
24:600  0:000  Audio HDA (addr:0x1F0003) setting specified layout-id=1 (0x1)
24:600  0:000  Patching DSDT:
24:600  0:000   - [change MEI to IMEI]: pattern 4D45495F, bin not found / already patched!
24:600  0:000   - [change HECI to IMEI]: pattern 48454349, patched at: [ (11883) (E3DC) (1CB8) ]
24:600  0:000   - [change GFX0 to IGPU]: pattern 47465830, patched at: [ (51) (12) (12) (12) (12) (12) (12) (12) (12) (12) (12) (12) (12) (12) (77) (12) (373) (12) (208) (35BD) (6A38) (7B04) (1B) (1F7E) (27) (2D55) (14) (8A5A) (179F) (2F30) ]
24:600  0:000   - [change PEGP to GFX0]: pattern 50454750, patched at: [ (7CC) (16) (16) (373A) (31) (31) (118BD) ]
24:601  0:000    0 replacements
24:601  0:000  first CPU found at A216 offset A219
24:601  0:000  score candidate at A212
24:601  0:000  score inserted in acpi_cpu_score _PR_
24:601  0:000  Found ACPI CPU: PR00 | PR01 | PR02 | PR03 | PR04 | PR05 | PR06 | PR07 | PR08 | PR09 | PR10 | PR11 | PR12 | PR13 | PR14 | PR15 , within the score: _PR_
24:601  0:000  PreCleanup XSDT: count=20, length=196
24:601  0:000  PreCleanup XSDT, corrected XSDT: count=20, length=196
24:601  0:000  === [ ACPIDropTables ] ====================================
24:601  0:000  0. [change MEI to IMEI]: pattern 4D45495F, bin not found / already patched!
24:601  0:000  1. [change HECI to IMEI]: pattern 48454349, bin not found / already patched!
24:601  0:000  2. [change GFX0 to IGPU]: pattern 47465830, bin not found / already patched!
24:601  0:000  3. [change PEGP to GFX0]: pattern 50454750, bin not found / already patched!
24:601  0:000    0 replacements
24:601  0:000  0. [change MEI to IMEI]: pattern 4D45495F, bin not found / already patched!
24:601  0:000  1. [change HECI to IMEI]: pattern 48454349, bin not found / already patched!
24:601  0:000  2. [change GFX0 to IGPU]: pattern 47465830, patched at: [ (2D) (E) (46) (2AF) (1C8A) (A3A) (1D) (6EC) ]
24:601  0:000  3. [change PEGP to GFX0]: pattern 50454750, bin not found / already patched!
24:601  0:000    0 replacements
24:601  0:000  Found OperationRegion(SANV, SystemMemory, 5F414418, ...)
24:601  0:000  0. [change MEI to IMEI]: pattern 4D45495F, bin not found / already patched!
24:601  0:000  1. [change HECI to IMEI]: pattern 48454349, bin not found / already patched!
24:601  0:000  2. [change GFX0 to IGPU]: pattern 47465830, bin not found / already patched!
24:601  0:000  3. [change PEGP to GFX0]: pattern 50454750, bin not found / already patched!
24:601  0:000    0 replacements
24:601  0:000  0. [change MEI to IMEI]: pattern 4D45495F, bin not found / already patched!
24:601  0:000  1. [change HECI to IMEI]: pattern 48454349, bin not found / already patched!
24:601  0:000  2. [change GFX0 to IGPU]: pattern 47465830, bin not found / already patched!
24:601  0:000  3. [change PEGP to GFX0]: pattern 50454750, bin not found / already patched!
24:601  0:000    0 replacements
24:601  0:000  Found OperationRegion(PNVS, SystemMemory, 57A26000, ...)
24:601  0:000  0. [change MEI to IMEI]: pattern 4D45495F, bin not found / already patched!
24:601  0:000  1. [change HECI to IMEI]: pattern 48454349, bin not found / already patched!
24:601  0:000  2. [change GFX0 to IGPU]: pattern 47465830, bin not found / already patched!
24:601  0:000  3. [change PEGP to GFX0]: pattern 50454750, bin not found / already patched!
24:601  0:000    0 replacements
24:601  0:000  0. [change MEI to IMEI]: pattern 4D45495F, bin not found / already patched!
24:601  0:000  1. [change HECI to IMEI]: pattern 48454349, bin not found / already patched!
24:601  0:000  2. [change GFX0 to IGPU]: pattern 47465830, bin not found / already patched!
24:601  0:000  3. [change PEGP to GFX0]: pattern 50454750, bin not found / already patched!
24:601  0:000    0 replacements
24:601  0:000  === [ ACPIPatchedAML ] ====================================
24:601  0:000  Unsorted
24:601  0:000  Inserting ssdt.aml from EFI\CLOVER\ACPI\patched: size=2891 ... Success
24:601  0:000  CPUBase=0 and ApicCPUBase=1 ApicCPUNum=1
24:601  0:000  Cleanup XSDT: count=21, length=204
24:601  0:000  corrected XSDT count=21, length=204
24:601  0:000  === [ RestSetup macOS ] ===================================
24:601  0:000  EdidDiscovered size=128
24:601  0:000  --- Discovered EDID Table size:128
24:601  0:000  000  |  00  FF  FF  FF  FF  FF  FF  00  5A  63
24:601  0:000  010  |  C5  34  00  00  00  00  17  1C  01  03
24:601  0:000  020  |  81  43  1C  78  EA  61  50  A6  56  50
24:601  0:000  030  |  A0  26  0D  50  54  BF  EF  80  81  80
24:601  0:000  040  |  81  00  61  4C  95  00  B3  00  81  40
24:601  0:000  050  |  D1  C0  01  01  B4  46  00  A0  A0  38
24:601  0:000  060  |  1F  40  12  20  28  00  A1  1C  21  00
24:601  0:000  070  |  00  1A  00  00  00  FF  00  56  32  32
24:601  0:000  080  |  31  38  32  33  30  30  38  38  39  0A
24:601  0:000  090  |  00  00  00  FD  00  38  4B  1F  53  12
24:601  0:000  100  |  00  0A  20  20  20  20  20  20  00  00
24:601  0:000  110  |  00  FC  00  56  58  32  39  31  35  2D
24:601  0:000  120  |  53  43  48  44  0A  20  01  EA
24:601  0:000  Intel UHD Graphics 630 [8086:3E92] :: PciRoot(0x0)\Pci(0x2,0x0)
24:601  0:000    Found Unknown Resolution Display - ?:? :: Width=2560 Height=1080
24:601  0:000    Beginning DualLink auto-detection
24:601  0:000    Unknown Resolution Display
24:601  0:000    AAPL00,DualLink = 1
24:601  0:000    FakeID Intel GFX = 0x59128086
24:601  0:000    ig-platform-id = 0x59120003
24:601  0:000  Intel GFX revision  = 0x0
24:602  0:000   RCBA disabled; cannot use it
24:602  0:000   setting specified layout-id=1 (0x1)
24:602  0:000  stringlength = 1664
24:602  0:000  CurrentMode: Width=2560 Height=1080
24:602  0:000  Beginning FSInjection
FSInjectionInstall ...
- Our FSI_SIMPLE_FILE_SYSTEM_PROTOCOL installed on handle: 5A386698
FSInjectionInstall ...
- Our FSI_SIMPLE_FILE_SYSTEM_PROTOCOL installed on handle: 5A386698
24:603  0:001  Use origin smbios table type 1 guid.
24:605  0:001  Preparing kexts injection for arch=x86_64 from EFI\CLOVER\kexts\Other
24:605  0:000  Extra kext: EFI\CLOVER\kexts\Other\FakeSMC.kext (v.1787)
24:609  0:003  Extra kext: EFI\CLOVER\kexts\Other\Lilu.kext (v.1.2.6)
24:611  0:002  SetStartupDiskVolume:
24:611  0:000    * Volume: 'Recovery HD'
24:611  0:000    * LoaderPath: '\com.apple.recovery.boot\boot.efi'
24:611  0:000    * DevPath: Recovery HD
24:611  0:000    * GUID = 983CE1E8-B900-460A-B208-9A30635732F1
24:611  0:000    * efi-boot-device: <array><dict><key>IOMatch</key><dict><key>IOProviderClass</key><string>IOMedia</string><key>IOPropertyMatch</key><dict><key>UUID</key><string>983CE1E8-B900-460A-B208-9A30635732F1</string></dict></dict></dict></array>
24:611  0:000  Custom boot screen not used because entry has unset use graphics
24:611  0:000  Closing log
