0:100  0:100  MemLog inited, TSC freq: 2593998573
0:100  0:000  
0:100  0:000  Now is 9.10.2016,  12:49:23 (GMT)
0:100  0:000  Starting Clover revision: 3773 on American Megatrends EFI
0:100  0:000  Build with: [Args: --no-lto -D NO_GRUB_DRIVERS_EMBEDDED | -D DISABLE_LTO -D NO_GRUB_DRIVERS_EMBEDDED -D USE_LOW_EBDA -a X64 -b RELEASE -t XCODE5 -n 5 | OS: 10.12.1 | XCODE: 8.0]
0:100  0:000  SelfDevicePath=PciRoot(0x0)\Pci(0x1C,0x0)\Pci(0x0,0x0)\Sata(0x0,0xFFFF,0x0)\HD(5,GPT,5C673065-FE92-4997-8242-52416791678A,0xEE4A800,0x31800) @C62DC498
0:100  0:000  SelfDirPath = \EFI\BOOT
0:100  0:000  === [ Get Smbios ] ========================================
0:100  0:000  Total Memory Slots Count = 4
0:100  0:000  Type 17 Index = 0
0:100  0:000  Ignoring insane frequency value 0MHz
0:100  0:000  SmbiosTable.Type17->Speed = 0MHz
0:100  0:000  SmbiosTable.Type17->Size = 0MB
0:100  0:000  SmbiosTable.Type17->Bank/Device = BANK 0 ChannelA-DIMM0
0:100  0:000  SmbiosTable.Type17->Vendor = <null string>
0:100  0:000  SmbiosTable.Type17->SerialNumber = <null string>
0:100  0:000  SmbiosTable.Type17->PartNumber = <null string>
0:100  0:000  Type 17 Index = 1
0:100  0:000  SmbiosTable.Type17->Speed = 1600MHz
0:100  0:000  SmbiosTable.Type17->Size = 8192MB
0:100  0:000  SmbiosTable.Type17->Bank/Device = BANK 1 ChannelA-DIMM1
0:100  0:000  SmbiosTable.Type17->Vendor = 1315
0:100  0:000  SmbiosTable.Type17->SerialNumber = DECAE73B
0:100  0:000  SmbiosTable.Type17->PartNumber = CT102464BF160B.C16
0:100  0:000  Type 17 Index = 2
0:100  0:000  Ignoring insane frequency value 0MHz
0:100  0:000  SmbiosTable.Type17->Speed = 0MHz
0:100  0:000  SmbiosTable.Type17->Size = 0MB
0:100  0:000  SmbiosTable.Type17->Bank/Device = BANK 2 ChannelB-DIMM0
0:100  0:000  SmbiosTable.Type17->Vendor = <null string>
0:100  0:000  SmbiosTable.Type17->SerialNumber = <null string>
0:100  0:000  SmbiosTable.Type17->PartNumber = <null string>
0:100  0:000  Type 17 Index = 3
0:100  0:000  Ignoring insane frequency value 0MHz
0:100  0:000  SmbiosTable.Type17->Speed = 0MHz
0:100  0:000  SmbiosTable.Type17->Size = 0MB
0:100  0:000  SmbiosTable.Type17->Bank/Device = BANK 3 ChannelB-DIMM1
0:100  0:000  SmbiosTable.Type17->Vendor = <null string>
0:100  0:000  SmbiosTable.Type17->SerialNumber = <null string>
0:100  0:000  SmbiosTable.Type17->PartNumber = <null string>
0:100  0:000  Boot status=0
0:100  0:000  Running on: 'T5S ' with board 'T5S '
0:100  0:000  === [ GetCPUProperties ] ==================================
0:100  0:000  CPU Vendor = 756E6547 Model=306C3
0:100  0:000  got cores from CPUID_1 = 0
0:100  0:000  The CPU supported turbo
0:100  0:000  BrandString = Intel(R) Core(TM) i7-4720HQ CPU @ 2.60GHz
0:100  0:000  MSR 0xE2 before patch 1E008405
0:100  0:000  MSR 0xE2 is locked, PM patches will be turned on
0:100  0:000  MSR 0xE4              00021814
0:100  0:000  MSR 0xCE              00080838_F3011A00
0:100  0:000  non-usable FLEX_RATIO = 50000
0:100  0:000  corrected FLEX_RATIO = 40000
0:100  0:000  MSR 0x1B0             00000000
0:100  0:000  FSBFrequency=100MHz DMIvalue=100000kHz
0:100  0:000  Corrected FSBFrequency=100MHz
0:100  0:000  Vendor/Model/Stepping: 0x756E6547/0x3C/0x3
0:100  0:000  Family/ExtFamily: 0x6/0x0
0:100  0:000  MaxDiv/MinDiv: 26.0/8
0:100  0:000  Turbo: 34/34/35/36
0:100  0:000  Features: 0xBFEBFBFF
0:100  0:000  Threads: 8
0:100  0:000  Cores: 4
0:100  0:000  FSB: 100 MHz
0:100  0:000  CPU: 2600 MHz
0:100  0:000  TSC: 2600 MHz
0:100  0:000  PIS: 400 MHz
0:100  0:000  === [ GetDevices ] ========================================
0:100  0:000  PCI (00|00:00.00) : 8086 0C04 class=060000
0:100  0:000  PCI (00|00:01.00) : 8086 0C01 class=060400
0:100  0:000  PCI (00|01:00.00) : 10DE 13D8 class=030200
0:100  0:000  PCI (00|00:02.00) : 8086 0416 class=030000
0:100  0:000   - GFX: Model=Intel HD Graphics 4600 (Intel)
0:100  0:000  PCI (00|00:03.00) : 8086 0C0C class=040300
0:100  0:000  PCI (00|00:14.00) : 8086 8C31 class=0C0330
0:100  0:000  PCI (00|00:16.00) : 8086 8C3A class=078000
0:100  0:000  PCI (00|00:16.01) : FFFF FFFF class=FFFFFF
0:100  0:000  PCI (00|00:1A.00) : 8086 8C2D class=0C0320
0:100  0:000  PCI (00|00:1B.00) : 8086 8C20 class=040300
0:100  0:000  PCI (00|00:1C.00) : 8086 8C10 class=060400
0:100  0:000  PCI (00|02:00.00) : 144D A801 class=010601
0:100  0:000  PCI (00|00:1C.04) : 8086 8C18 class=060400
0:100  0:000  PCI (00|03:00.00) : 10EC 5287 class=FF0000
0:100  0:000  PCI (00|03:00.01) : 10EC 8168 class=020000
0:100  0:000   - LAN: 0 Vendor=Realtek
0:100  0:000  PCI (00|00:1C.05) : 8086 8C1A class=060400
0:100  0:000  PCI (00|04:00.00) : 10EC B723 class=028000
0:100  0:000   - WIFI: Vendor=Realtek
0:100  0:000  PCI (00|00:1D.00) : 8086 8C26 class=0C0320
0:100  0:000  PCI (00|00:1F.00) : 8086 8C4B class=060100
0:100  0:000  PCI (00|00:1F.02) : 8086 8C03 class=010601
0:100  0:000  PCI (00|00:1F.03) : 8086 8C22 class=0C0500
0:100  0:000  PCI (00|00:1F.06) : FFFF FFFF class=FFFFFF
0:100  0:000  === [ GetDefaultSettings ] ================================
0:100  0:000  Clover load options size = 0 bytes
0:107  0:006  , Status=Success
0:107  0:000  EFI\CLOVER\config.plist loaded: Success
0:107  0:000  === [ GetListOfThemes ] ===================================
0:108  0:001  - [00]: macbookpro
0:111  0:002  - [01]: Universe
0:114  0:003  === [ GetEarlyUserSettings ] ==============================
0:114  0:000  timeout set to 5
0:114  0:000  Custom boot CUSTOM_BOOT_DISABLED (0x0)
0:114  0:000  ForceKextsToLoad: 1 requested
0:114  0:000   - [0]: System\Library\Extensions\IONetworkingFamily.kext
0:114  0:000  KextsToPatch: 3 requested
0:114  0:000   - [00]: IOGraphicsFamily (Second Stage patch) :: BinPatch :: data len: 5
0:114  0:000   - [01]: IOGraphicsFamily (Boot graphics glitch, (credit lisai9093, cecekpawon)) :: patch disabled, skipped
0:114  0:000   - [02]: AirPortBrcm4360 (AirPortBrcm4360 - fcvo) :: BinPatch :: data len: 8
0:114  0:000  Default theme: macbookpro
0:114  0:000  === [ LoadDrivers ] =======================================
0:116  0:001  Loading FSInject-64.efi  status=Success
0:117  0:000  Loading HFSPlus-64.efi  status=Success
0:118  0:001   - driver needs connecting
0:118  0:000  Loading OsxAptioFix2Drv-64.efi  status=Success
0:119  0:000  Loading OsxFatBinaryDrv-64.efi  status=Success
0:119  0:000  Video bios patch requested or CustomEDID - forcing video reconnect
0:119  0:000  2 drivers needs connecting ...
0:119  0:000  PlatformDriverOverrideProtocol not found. Installing ... Success
0:119  0:000  HFS+ driver loaded
0:119  0:000  Video driver loaded: disconnect Success
0:387  0:267  Searching for invalid DiskIo BY_DRIVER connects: not found, all ok
0:387  0:000  VideoBiosPatchNativeFromEdid:
0:387  0:000   Bios: VideoBiosPatchInit(LegacyRegion = Success) = Success
0:387  0:000   VideoBiosUnlock:  unlocked
0:390  0:002   Patching: unknown - not patching
0:390  0:000   VideoBiosLock: Success
1:102  0:711  Dump SMC keys from NVRAM:
1:106  0:003  === [ InitScreen ] ========================================
1:106  0:000  SetScreenResolution: 1920x1080 - not found!
1:106  0:000  Console modes reported: 1, available modes:
1:106  0:000  reinit: self device path=PciRoot(0x0)\Pci(0x1C,0x0)\Pci(0x0,0x0)\Sata(0x0,0xFFFF,0x0)\HD(5,GPT,5C673065-FE92-4997-8242-52416791678A,0xEE4A800,0x31800)
1:106  0:000  === [ GetMacAddress ] =====================================
1:106  0:000  MAC address of LAN #0= 80:FA:5B:1E:97:F7:
1:106  0:000  === [ ScanSPD ] ===========================================
1:107  0:000  SMBus device : 8086 8C22 class=0C0500 status=Success
1:107  0:000  SMBus CmdReg: 0x3
1:107  0:000  Scanning SMBus [8086:8C22], mmio: 0xF7B19004, ioport: 0xF040, hostc: 0x11
1:107  0:000  Slots to scan [8]...
1:107  0:000  SPD[1]: Type 11 @0x51
1:125  0:018  Not using XMP because it is not present
1:125  0:000  DDR speed 1600MHz
1:125  0:000  Slot: 1 Type 24 8192MB 1600MHz Vendor=Crucial Technology PartNo=CT102464BF160B.C16 SerialNo=0D0E0C0A0E07030B
1:126  0:000  === [ GetAcpiTablesList ] =================================
1:130  0:003  Get Acpi Tables List from RSDT:
1:130  0:000   - [00]: FACP  A M I len=132
1:130  0:000   - [01]: APIC  A M I len=146
1:130  0:000   - [02]: FPDT  A M I len=68
1:130  0:000   - [03]: FIDT  A M I len=156
1:130  0:000   - [04]: ASF!   HCG len=165
1:130  0:000   - [05]: SSDT  PtidDevc len=3986
1:130  0:000   - [06]: SSDT  Cpu0Ist len=1337
1:130  0:000   - [07]: SSDT  CpuPm len=2776
1:130  0:000   - [08]: MCFG  A M I len=60
1:130  0:000   - [09]: HPET  A M I len=56
1:130  0:000   - [10]: SSDT  SataTabl len=789
1:130  0:000   - [11]: SSDT  SaSsdt  len=7239
1:130  0:000   - [12]: SSDT  SgPeg len=4411
1:130  0:000   - [13]: DMAR  HSW  len=184
1:130  0:000   - [14]: SSDT  OptTabl len=7369
1:130  0:000  Calibrated TSC frequency =2593998573 =2593MHz
1:130  0:000  === [ GetUserSettings ] ===================================
1:130  0:000  USB FixOwnership: yes
1:130  0:000  Dropping 1 tables:
1:130  0:000   - [00]: Drop table  signature="DMAR" (52414D44)
1:130  0:000           - set table: 52414D44,                0 to drop: yes
1:130  0:000   - final DSDT Fix mask=81000004
1:130  0:000  PluginType: 1
1:130  0:000  ChassisType: 0x8
1:130  0:000  Using smbios.plist at path: EFI\CLOVER\smbios.plist, Status=Not Found
1:133  0:003  === [ ScanVolumes ] =======================================
1:133  0:000  Found 10 volumes with blockIO
1:133  0:000  - [00]: Volume: PciRoot(0x0)\Pci(0x1C,0x0)\Pci(0x0,0x0)\Sata(0x0,0xFFFF,0x0)
1:134  0:000  - [01]: Volume: PciRoot(0x0)\Pci(0x1C,0x0)\Pci(0x0,0x0)\Sata(0x0,0xFFFF,0x0)\HD(1,GPT,073AC342-9DC9-4A47-AD25-25532D56AA08,0x800,0x63800)
1:134  0:000          Result of bootcode detection: bootable Windows (win)
1:137  0:003  - [02]: Volume: PciRoot(0x0)\Pci(0x1C,0x0)\Pci(0x0,0x0)\Sata(0x0,0xFFFF,0x0)\HD(2,GPT,A3469E60-2075-47CA-9281-E9F59A033EEB,0x64028,0x816CA78)
1:138  0:000          Result of bootcode detection: bootable unknown (legacy)
1:138  0:000  - [03]: Volume: PciRoot(0x0)\Pci(0x1C,0x0)\Pci(0x0,0x0)\Sata(0x0,0xFFFF,0x0)\HD(3,GPT,72594F28-4D6E-4C74-9C3A-7FE32FB9D17B,0x81D0AA0,0x6C47800)
1:139  0:000          Result of bootcode detection: bootable Windows (vista,win)
1:139  0:000  - [04]: Volume: PciRoot(0x0)\Pci(0x1C,0x0)\Pci(0x0,0x0)\Sata(0x0,0xFFFF,0x0)\HD(4,GPT,18EE4E5A-3542-4D1C-8BCA-C4620BC68911,0xEE18800,0x32000)
1:139  0:000          Result of bootcode detection: bootable Windows (win)
1:141  0:001  - [05]: Volume: PciRoot(0x0)\Pci(0x1C,0x0)\Pci(0x0,0x0)\Sata(0x0,0xFFFF,0x0)\HD(5,GPT,5C673065-FE92-4997-8242-52416791678A,0xEE4A800,0x31800)
1:142  0:000          Result of bootcode detection: bootable Windows (win)
1:143  0:000          This is SelfVolume !!
1:143  0:000  - [06]: Volume: PciRoot(0x0)\Pci(0x1F,0x2)\Sata(0x0,0xFFFF,0x0)
1:143  0:000  - [07]: Volume: PciRoot(0x0)\Pci(0x1F,0x2)\Sata(0x0,0xFFFF,0x0)\HD(1,GPT,634E74C1-3759-4A51-9FA2-C343B397C46A,0x28,0x64000)
1:144  0:000          Result of bootcode detection: bootable unknown (legacy)
1:193  0:049  - [08]: Volume: PciRoot(0x0)\Pci(0x1F,0x2)\Sata(0x0,0xFFFF,0x0)\HD(2,GPT,29C21597-7A52-4E76-BC34-074D43C10D51,0x64028,0x47460D0)
1:194  0:000  - [09]: Volume: PciRoot(0x0)\Pci(0x1F,0x2)\Sata(0x0,0xFFFF,0x0)\HD(3,GPT,00D5E9A6-7666-4D6B-97F3-56ABFF9640C7,0x47AA800,0xA6D1800)
1:194  0:000          Result of bootcode detection: bootable unknown (legacy)
1:194  0:000  === [ InitTheme ] =========================================
1:196  0:001  Using theme 'macbookpro' (EFI\CLOVER\themes\macbookpro)
1:196  0:000  OS main and drive as badge
1:198  0:002  Choosing theme macbookpro
1:198  0:000  after NVRAM boot-args=dart=0 -xcpm nv_disable=1 -gux_defer_usb2 -gux_no_idle kext-dev-mode=1
1:198  0:000  === [ ScanLoader ] ========================================
1:198  0:000  - [01]: ''
1:198  0:000  - [02]: 'mac os 1012'
1:201  0:002          AddLoaderEntry for Volume Name=mac os 1012
1:204  0:003          Check if volume Is Hibernated:
1:204  0:000      Check sleep image 'by signature':
1:208  0:003      read prefs \Library\Preferences\SystemConfiguration\com.apple.PowerManagement.plist status=Not Found
1:208  0:000      using default sleep image name = \private\var\vm\sleepimage
1:209  0:001      Reading first 512 bytes of sleepimage ...
1:210  0:000   OurBlockIoRead: Lba=2164200, Offset=42C840000 (BlockSize=512)
1:210  0:000   sig lion: F1E0BE9D
1:210  0:000   sig snow: 0
1:210  0:000   no valid sleep image offset was found
1:210  0:000      Reading completed -> Success
1:210  0:000       sleepimage offset could not be acquired
1:210  0:000          hibernated: no - sign
1:231  0:021          [!] Icon 17 (icons\vol_internal_hfs.icns) not found (path: EFI\CLOVER\themes\macbookpro)
1:233  0:001  not png, try icns
1:233  0:000  - [03]: 'Windows10'
1:233  0:000  - [04]: ''
1:233  0:000          AddLoaderEntry for Volume Name=
1:248  0:014  not png, try icns
1:248  0:000  - [05]: ''
1:249  0:000  - [07]: 'EFI'
1:249  0:000  - [08]: 'ý'
1:249  0:000  === [ AddCustomLegacy ] ===================================
1:249  0:000  === [ AddCustomTool ] =====================================
1:252  0:003  === [ FindDefaultEntry ] ==================================
1:252  0:000  === [ GetEfiBootDeviceFromNvram ] =========================
1:252  0:000  Default boot entry not found
1:252  0:000  DefaultIndex=-1 and MainMenu.EntryCount=6
1:252  0:000  Use anime=Anim_1_Logo frames=150
1:661  0:409  GUI ready
